mkdir: cannot create directory `/broad/hptmp/ssimmons/scumi/mixed2/CelSeq1': File exists
mkdir: cannot create directory `/broad/hptmp/ssimmons/scumi/mixed2/CelSeq2': File exists
mkdir: cannot create directory `/broad/hptmp/ssimmons/scumi/mixed2/CelSeq3': File exists
mkdir: cannot create directory `/broad/hptmp/ssimmons/scumi/mixed2/CelSeq4': File exists
2018-09-25 13:45:32,822: INFO: Cell barcode in configure file
2018-09-25 13:45:32,824: INFO: UMI in config file
2018-09-25 13:46:54,387: INFO: Processed 320,000 reads!
2018-09-25 13:48:19,068: INFO: Processed 640,000 reads!
2018-09-25 13:49:45,708: INFO: Processed 960,000 reads!
2018-09-25 13:51:11,000: INFO: Processed 1,280,000 reads!
2018-09-25 13:52:35,957: INFO: Processed 1,600,000 reads!
2018-09-25 13:54:12,470: INFO: Cell barcode in configure file
2018-09-25 13:54:12,471: INFO: UMI in config file
2018-09-25 13:55:39,997: INFO: Processed 320,000 reads!
!
2018-09-25 13:57:10,028: INFO: Processed 640,000 reads!
!
2018-09-25 13:58:41,706: INFO: Processed 960,000 reads!
!
2018-09-25 13:59:47,518: INFO: Cell barcode in configure f2018-09-25 14:00:11,908: INFO: Processed 1,280,000 reads!
2018-09-25 14:01:05,568: INFO: Processed 320,000 reads!
!
2018-09-25 14:01:41,264: INFO: Processed 1,600,000 reads!
2018-09-25 14:02:25,927: INFO: Processed 640,000 reads!
!
2018-09-25 14:03:08,798: INFO: Processed 1,920,000 reads!
2018-09-25 14:03:49,200: INFO: Processed 960,000 reads!
!
2018-09-25 14:04:38,063: INFO: Processed 2,240,000 reads!
2018-09-25 14:05:15,269: INFO: Processed 4,480,000 reads!
2018-09-25 14:06:35,031: INFO: Processed 1,600,000 reads!
2018-09-25 14:07:57,393: INFO: Processed 1,920,000 reads!
2018-09-25 14:09:20,341: INFO: Processed 5,440,000 reads!
2018-09-25 14:10:44,958: INFO: Processed 5,760,000 reads!
2018-09-25 14:12:08,831: INFO: Processed 6,080,000 reads!
2018-09-25 14:13:38,247: INFO: Processed 4,160,000 reads!
2018-09-25 14:15:09,462: INFO: Processed 4,480,000 reads!
2018-09-25 14:16:39,150: INFO: Processed 4,800,000 reads!
2018-09-25 14:17:42,131: INFO: Processed 7,360,000 reads!
2018-09-25 14:18:06,058: INFO: Processed 5,120,000 reads!
2018-09-25 14:19:05,527: INFO: Processed 7,680,000 reads!
2018-09-25 14:19:32,093: INFO: Processed 5,440,000 reads!
2018-09-25 14:20:26,753: INFO: Processed 8,000,000 reads!
2018-09-25 14:21:00,431: INFO: Processed 5,760,000 reads!
2018-09-25 14:21:49,356: INFO: Processed 8,320,000 reads!
2018-09-25 14:22:59,495: INFO: Processed 5,440,000 reads!
2018-09-25 14:23:14,592: INFO: Processed 8,640,000 reads!
2018-09-25 14:24:19,638: INFO: Processed 5,760,000 reads!
2018-09-25 14:24:38,617: INFO: Processed 8,960,000 reads!
2018-09-25 14:26:00,583: INFO: Processed 9,280,000 reads!
2018-09-25 14:27:20,674: INFO: Processed 9,600,000 reads!
2018-09-25 14:28:43,640: INFO: Processed 9,920,000 reads!
2018-09-25 14:29:57,759: INFO: Processed 7,680,000 reads!
ile
2018-09-25 14:29:26,775: INFO: UMI in config file
2018-09-25 14:30:08,811: INFO: Processed 10,240,000 reads!
2018-09-25 14:31:33,043: INFO: Processed 10,560,000 reads!
2018-09-25 14:33:00,084: INFO: Processed 640,000 reads!
!

2018-09-25 14:34:16,612: INFO: Processed 11,200,000 reads!22018-09-25 14:34:51,594: INFO: Processed 960,000 reads!

2018-09-25 14:35:07,513: INFO: Processed 8,320,000 reads!
2018-09-25 14:35:56,564: INFO: Processed 8,960,000 reads!

2018-09-25 14:36:44,404: INFO: Processed 1,280,000 reads!
2018-09-25 14:37:27,515: INFO: Processed 9,280,000 reads!

2018-09-25 14:38:27,952: INFO: Processed 12,160,000 reads!22018-09-25 14:38:58,558: INFO: Processed 9,600,000 reads!2018-09-25 14:39:17,027: INFO: Processed 9,280,000 reads!
2018-09-25 14:39:49,345: INFO: Processed 12,480,000 reads!
2018-09-25 14:40:38,258: INFO: Processed 9,600,000 reads!
2018-09-25 14:41:10,101: INFO: Processed 12,800,000 reads!
2018-09-25 14:42:20,173: INFO: Processed 2,240,000 reads!

2018-09-25 14:42:34,540: INFO: Processed 13,120,000 reads!
2018-09-25 14:43:19,016: INFO: Processed 10,240,000 reads!
2018-09-25 14:44:10,687: INFO: Processed 2,560,000 reads!

2018-09-25 14:44:50,559: INFO: Processed 10,880,000 reads!
2018-09-25 14:45:22,070: INFO: Processed 13,760,000 reads!
2018-09-25 14:46:21,454: INFO: Processed 11,200,000 reads!
2018-09-25 14:46:42,753: INFO: Processed 14,080,000 reads!
2018-09-25 14:47:51,494: INFO: Processed 11,520,000 reads!
2018-09-25 14:48:02,269: INFO: Processed 14,400,000 reads!
2018-09-25 14:49:19,899: INFO: Processed 11,840,000 reads!
2018-09-25 14:49:37,732: INFO: Processed 3,520,000 reads!

2018-09-25 14:50:07,093: INFO: Processed 11,840,000 reads!
2018-09-25 14:50:50,007: INFO: Processed 15,040,000 reads!
2018-09-25 14:51:28,777: INFO: Processed 12,160,000 reads!
2018-09-25 14:52:17,069: INFO: Processed 12,480,000 reads!
2018-09-25 14:53:21,855: INFO: Processed 4,160,000 reads!

2018-09-25 14:53:48,436: INFO: Processed 12,800,000 reads!
2018-09-25 14:54:16,139: INFO: Processed 12,800,000 reads!
2018-09-25 14:55:19,064: INFO: Processed 13,120,000 reads!
2018-09-25 14:55:38,010: INFO: Processed 13,120,000 reads!
2018-09-25 14:56:16,935: INFO: Processed 16,320,000 reads!
2018-09-25 14:57:05,085: INFO: Processed 4,800,000 reads!

2018-09-25 14:57:41,065: INFO: Processed 16,640,000 reads!
2018-09-25 14:58:18,911: INFO: Processed 13,760,000 reads!
2018-09-25 14:59:03,409: INFO: Processed 16,960,000 reads!
2018-09-25 14:59:41,750: INFO: Processed 14,080,000 reads!
2018-09-25 15:00:39,619: INFO: Processed 5,440,000 reads!

2018-09-25 15:01:10,273: INFO: Processed 14,400,000 reads!
2018-09-25 15:01:45,019: INFO: Processed 17,600,000 reads!
2018-09-25 15:02:40,973: INFO: Processed 14,720,000 reads!
2018-09-25 15:03:09,297: INFO: Processed 17,920,000 reads!
2018-09-25 15:04:10,102: INFO: Processed 15,040,000 reads!
2018-09-25 15:04:33,220: INFO: Processed 18,240,000 reads!
2018-09-25 15:05:37,164: INFO: Processed 15,360,000 reads!
2018-09-25 15:06:17,328: INFO: Processed 6,400,000 reads!

2018-09-25 15:06:28,194: INFO: Processed 15,680,000 reads!
2018-09-25 15:07:15,538: INFO: Processed 18,880,000 reads!
2018-09-25 15:08:09,628: INFO: Processed 6,720,000 reads!

2018-09-25 15:08:38,521: INFO: Processed 19,200,000 reads!
2018-09-25 15:09:14,566: INFO: Processed 16,320,000 reads!
2018-09-25 15:10:02,994: INFO: Processed 19,520,000 reads!
2018-09-25 15:10:37,078: INFO: Processed 16,640,000 reads!
2018-09-25 15:11:48,199: INFO: Processed 7,360,000 reads!

2018-09-25 15:11:58,909: INFO: Processed 16,960,000 reads!
2018-09-25 15:12:55,541: INFO: Processed 16,960,000 reads!
2018-09-25 15:13:34,651: INFO: Processed 7,680,000 reads!

2018-09-25 15:14:35,874: INFO: Processed 17,600,000 reads!
2018-09-25 15:15:47,720: INFO: Processed 17,600,000 reads!2018-09-25 15:15:57,113: INFO: Processed 17,920,000 reads!
2018-09-25 15:17:20,666: INFO: Processed 18,240,000 reads!
2018-09-25 15:18:47,635: INFO: Processed 18,240,000 reads!
2018-09-25 15:18:59,466: INFO: Processed 8,640,000 reads!
2018-09-25 15:20:03,038: INFO: Processed 18,880,000 reads!
2018-09-25 15:20:16,589: INFO: Processed 18,560,000 reads!
2018-09-25 15:21:22,574: INFO: Processed 19,200,000 reads!
2018-09-25 15:21:43,863: INFO: Processed 18,880,000 reads!
2018-09-25 15:22:45,613: INFO: Processed 9,280,000 reads!

2018-09-25 15:23:09,692: INFO: Processed 19,200,000 reads!
2018-09-25 15:24:02,542: INFO: Processed 19,840,000 reads!
2018-09-25 15:24:38,214: INFO: Processed 19,520,000 reads!
2018-09-25 15:25:25,813: INFO: Processed 20,160,000 reads!
2018-09-25 15:26:29,022: INFO: Processed 9,920,000 reads!

2018-09-25 15:26:47,843: INFO: Processed 20,480,000 reads!
2018-09-25 15:28:03,090: INFO: Processed 23,680,000 reads!
2018-09-25 15:28:16,510: INFO: Processed 10,240,000 reads!
2018-09-25 15:29:28,750: INFO: Processed 21,120,000 reads!
2018-09-25 15:30:30,788: INFO: Processed 20,800,000 reads!
2018-09-25 15:30:51,894: INFO: Processed 24,320,000 reads!
2018-09-25 15:32:10,257: INFO: Processed 21,760,000 reads!
2018-09-25 15:33:45,870: INFO: Processed 11,200,000 reads!
2018-09-25 15:34:59,525: INFO: Processed 21,760,000 reads!
2018-09-25 15:35:40,452: INFO: Processed 11,520,000 reads!
2018-09-25 15:36:27,483: INFO: Processed 22,080,000 reads!
2018-09-25 15:37:54,408: INFO: Processed 22,400,000 reads!
2018-09-25 15:39:25,109: INFO: Processed 12,160,000 reads!
2018-09-25 15:40:52,096: INFO: Processed 23,040,000 reads!
2018-09-25 15:41:42,643: INFO: Processed 24,000,000 reads!
2018-09-25 15:42:22,256: INFO: Processed 23,360,000 reads!
2018-09-25 15:43:19,699: INFO: Processed 27,200,000 reads!
2018-09-25 15:43:49,617: INFO: Processed 23,680,000 reads!
2018-09-25 15:44:50,035: INFO: Processed 13,120,000 reads!
2018-09-25 15:45:16,101: INFO: Processed 24,000,000 reads!
2018-09-25 15:46:02,508: INFO: Processed 27,840,000 reads!
2018-09-25 15:47:06,981: INFO: Processed 25,280,000 reads!
2018-09-25 15:47:25,464: INFO: Processed 28,160,000 reads!
2018-09-25 15:48:38,078: INFO: Processed 13,760,000 reads!
2018-09-25 15:48:50,939: INFO: Processed 28,480,000 reads!
2018-09-25 15:49:53,969: INFO: Processed 25,920,000 reads!
2018-09-25 15:50:31,784: INFO: Processed 14,080,000 reads!
2018-09-25 15:51:39,079: INFO: Processed 29,120,000 reads!
2018-09-25 15:52:35,468: INFO: Processed 26,560,000 reads!
2018-09-25 15:52:59,979: INFO: Processed 29,440,000 reads!
2018-09-25 15:54:22,871: INFO: Processed 29,760,000 reads!
2018-09-25 15:55:16,123: INFO: Processed 27,200,000 reads!
2018-09-25 15:56:00,129: INFO: Processed 15,040,000 reads!
2018-09-25 15:57:14,001: INFO: Processed 30,400,000 reads!
2018-09-25 15:58:02,357: INFO: Processed 27,840,000 reads!
2018-09-25 15:58:36,385: INFO: Processed 30,720,000 reads!
2018-09-25 15:59:52,952: INFO: Processed 27,200,000 reads!
2018-09-25 15:59:57,687: INFO: Processed 31,040,000 reads!
2018-09-25 16:00:43,881: INFO: Processed 28,480,000 reads!
2018-09-25 16:01:29,290: INFO: Processed 16,000,000 reads!
2018-09-25 16:02:02,710: INFO: Processed 28,800,000 reads!
2018-09-25 16:02:47,189: INFO: Processed 31,680,000 reads!
2018-09-25 16:03:24,461: INFO: Processed 29,120,000 reads!
2018-09-25 16:04:14,298: INFO: Processed 28,160,000 reads!
2018-09-25 16:05:16,046: INFO: Processed 16,640,000 reads!
2018-09-25 16:05:43,631: INFO: Processed 28,480,000 reads!
2018-09-25 16:06:10,297: INFO: Processed 29,760,000 reads!
2018-09-25 16:07:10,781: INFO: Processed 28,800,000 reads!
2018-09-25 16:07:31,264: INFO: Processed 30,080,000 reads!
2018-09-25 16:08:38,062: INFO: Processed 29,120,000 reads!
2018-09-25 16:08:57,257: INFO: Processed 17,280,000 reads!
2018-09-25 16:10:10,544: INFO: Processed 30,720,000 reads!
2018-09-25 16:11:07,765: INFO: Processed 33,600,000 reads!
2018-09-25 16:11:35,720: INFO: Processed 29,760,000 reads!
2018-09-25 16:12:56,766: INFO: Processed 31,360,000 reads!
2018-09-25 16:13:05,574: INFO: Processed 30,080,000 reads!
2018-09-25 16:13:49,400: INFO: Processed 34,240,000 reads!
2018-09-25 16:14:34,086: INFO: Processed 30,400,000 reads!
2018-09-25 16:15:40,210: INFO: Processed 32,000,000 reads!
2018-09-25 16:16:20,206: INFO: Processed 18,560,000 reads!
2018-09-25 16:17:00,573: INFO: Processed 32,320,000 reads!
2018-09-25 16:17:25,359: INFO: Processed 31,040,000 reads!
2018-09-25 16:18:21,548: INFO: Processed 32,640,000 reads!
2018-09-25 16:18:56,153: INFO: Processed 31,360,000 reads!
2018-09-25 16:19:45,144: INFO: Processed 32,960,000 reads!
2018-09-25 16:20:26,855: INFO: Processed 31,680,000 reads!
2018-09-25 16:21:08,269: INFO: Processed 33,280,000 reads!
2018-09-25 16:22:11,649: INFO: Processed 36,160,000 reads!
2018-09-25 16:22:30,430: INFO: Processed 33,600,000 reads!
2018-09-25 16:23:48,236: INFO: Processed 33,920,000 reads!
2018-09-25 16:25:07,847: INFO: Processed 34,240,000 reads!
2018-09-25 16:25:30,321: INFO: Processed 20,160,000 reads!
2018-09-25 16:26:30,857: INFO: Processed 34,560,000 reads!
2018-09-25 16:27:45,610: INFO: Processed 33,280,000 reads!
2018-09-25 16:27:54,952: INFO: Processed 34,880,000 reads!
2018-09-25 16:29:17,441: INFO: Processed 35,200,000 reads!
2018-09-25 16:30:39,633: INFO: Processed 35,520,000 reads!
2018-09-25 16:31:05,354: INFO: Processed 21,120,000 reads!
2018-09-25 16:32:06,558: INFO: Processed 34,240,000 reads!
2018-09-25 16:33:19,171: INFO: Processed 36,160,000 reads!
2018-09-25 16:33:34,264: INFO: Processed 34,560,000 reads!
2018-09-25 16:35:04,014: INFO: Processed 34,880,000 reads!
2018-09-25 16:36:33,247: INFO: Processed 35,200,000 reads!
2018-09-25 16:36:41,490: INFO: Processed 22,080,000 reads!
2018-09-25 16:37:29,162: INFO: Processed 37,120,000 reads!
2018-09-25 16:38:29,410: INFO: Processed 22,400,000 reads!
2018-09-25 16:38:52,593: INFO: Processed 40,000,000 reads!
2018-09-25 16:39:27,309: INFO: Processed 35,840,000 reads!
2018-09-25 16:40:14,861: INFO: Processed 40,320,000 reads!
2018-09-25 16:40:53,353: INFO: Processed 36,160,000 reads!
2018-09-25 16:42:01,586: INFO: Processed 23,040,000 reads!
2018-09-25 16:42:22,286: INFO: Processed 36,480,000 reads!
2018-09-25 16:43:04,524: INFO: Processed 40,960,000 reads!
2018-09-25 16:44:17,205: INFO: Processed 38,720,000 reads!
2018-09-25 16:44:28,460: INFO: Processed 41,280,000 reads!
2018-09-25 16:45:46,373: INFO: Processed 23,680,000 reads!
2018-09-25 16:45:51,101: INFO: Processed 41,600,000 reads!
2018-09-25 16:47:12,483: INFO: Processed 41,920,000 reads!
2018-09-25 16:47:39,608: INFO: Processed 24,000,000 reads!
2018-09-25 16:48:37,037: INFO: Processed 42,240,000 reads!
2018-09-25 16:49:42,230: INFO: Processed 40,000,000 reads!
2018-09-25 16:50:01,688: INFO: Processed 42,560,000 reads!
2018-09-25 16:51:24,155: INFO: Processed 42,880,000 reads!
2018-09-25 16:52:46,180: INFO: Processed 43,200,000 reads!
2018-09-25 16:53:08,531: INFO: Processed 24,960,000 reads!
2018-09-25 16:54:06,927: INFO: Processed 43,520,000 reads!
2018-09-25 16:55:12,757: INFO: Processed 41,280,000 reads!
2018-09-25 16:55:32,449: INFO: Processed 43,840,000 reads!
2018-09-25 16:56:57,983: INFO: Processed 39,680,000 reads!
2018-09-25 16:58:20,092: INFO: Processed 44,480,000 reads!
2018-09-25 16:58:34,899: INFO: Processed 25,920,000 reads!
2018-09-25 16:59:41,447: INFO: Processed 44,800,000 reads!
2018-09-25 16:59:56,748: INFO: Processed 40,320,000 reads!
2018-09-25 17:00:37,055: INFO: Processed 42,560,000 reads!
2018-09-25 17:01:23,788: INFO: Processed 40,640,000 reads!
2018-09-25 17:02:29,202: INFO: Processed 45,440,000 reads!
2018-09-25 17:02:50,161: INFO: Processed 40,960,000 reads!
2018-09-25 17:03:22,097: INFO: Processed 43,200,000 reads!
2018-09-25 17:04:17,286: INFO: Processed 41,280,000 reads!
2018-09-25 17:05:14,972: INFO: Processed 46,080,000 reads!
2018-09-25 17:06:02,235: INFO: Processed 43,840,000 reads!
2018-09-25 17:06:35,948: INFO: Processed 46,400,000 reads!
2018-09-25 17:07:24,777: INFO: Processed 44,160,000 reads!
2018-09-25 17:08:00,056: INFO: Processed 46,720,000 reads!
2018-09-25 17:08:48,239: INFO: Processed 44,480,000 reads!
2018-09-25 17:09:36,409: INFO: Processed 27,840,000 reads!
2018-09-25 17:10:10,135: INFO: Processed 44,800,000 reads!
2018-09-25 17:10:49,263: INFO: Processed 47,360,000 reads!
2018-09-25 17:11:37,592: INFO: Processed 42,880,000 reads!
2018-09-25 17:12:11,155: INFO: Processed 47,680,000 reads!
2018-09-25 17:13:20,286: INFO: Processed 28,480,000 reads!
2018-09-25 17:13:32,604: INFO: Processed 48,000,000 reads!
2018-09-25 17:14:37,417: INFO: Processed 43,520,000 reads!
2018-09-25 17:15:14,583: INFO: Processed 28,800,000 reads!
2018-09-25 17:16:06,756: INFO: Processed 43,840,000 reads!
2018-09-25 17:16:22,823: INFO: Processed 48,640,000 reads!
2018-09-25 17:17:33,160: INFO: Processed 44,160,000 reads!
2018-09-25 17:17:46,385: INFO: Processed 48,960,000 reads!
2018-09-25 17:18:21,192: INFO: Processed 46,720,000 reads!
2018-09-25 17:19:08,605: INFO: Processed 49,280,000 reads!
2018-09-25 17:19:42,246: INFO: Processed 47,040,000 reads!
2018-09-25 17:20:47,218: INFO: Processed 29,760,000 reads!
2018-09-25 17:21:02,114: INFO: Processed 47,360,000 reads!
2018-09-25 17:22:23,908: INFO: Processed 47,680,000 reads!
2018-09-25 17:22:35,234: INFO: Processed 30,080,000 reads!
2018-09-25 17:23:47,988: INFO: Processed 48,000,000 reads!
2018-09-25 17:24:54,336: INFO: Processed 45,760,000 reads!
2018-09-25 17:25:11,461: INFO: Processed 48,320,000 reads!
2018-09-25 17:26:34,436: INFO: Processed 48,640,000 reads!
2018-09-25 17:27:54,274: INFO: Processed 48,960,000 reads!
2018-09-25 17:28:12,567: INFO: Processed 31,040,000 reads!
2018-09-25 17:29:16,787: INFO: Processed 46,720,000 reads!
2018-09-25 17:30:16,261: INFO: Processed 51,840,000 reads!
2018-09-25 17:30:46,544: INFO: Processed 47,040,000 reads!
2018-09-25 17:32:00,926: INFO: Processed 49,920,000 reads!
2018-09-25 17:32:13,983: INFO: Processed 47,360,000 reads!
2018-09-25 17:33:23,680: INFO: Processed 50,240,000 reads!
2018-09-25 17:33:46,246: INFO: Processed 32,000,000 reads!
2018-09-25 17:34:45,569: INFO: Processed 50,560,000 reads!
2018-09-25 17:35:35,831: INFO: Processed 32,320,000 reads!
2018-09-25 17:36:06,254: INFO: Processed 50,880,000 reads!
2018-09-25 17:36:36,694: INFO: Processed 48,320,000 reads!
2018-09-25 17:37:25,554: INFO: Processed 51,200,000 reads!
2018-09-25 17:38:07,145: INFO: Processed 48,640,000 reads!
2018-09-25 17:38:47,655: INFO: Processed 51,520,000 reads!
2018-09-25 17:39:36,082: INFO: Processed 48,960,000 reads!
2018-09-25 17:40:11,879: INFO: Processed 51,840,000 reads!
2018-09-25 17:41:24,925: INFO: Processed 54,400,000 reads!
2018-09-25 17:41:34,586: INFO: Processed 52,160,000 reads!
2018-09-25 17:42:55,107: INFO: Processed 52,480,000 reads!
2018-09-25 17:43:02,391: INFO: Processed 33,600,000 reads!
2018-09-25 17:44:15,588: INFO: Processed 52,800,000 reads!
2018-09-25 17:44:53,298: INFO: Processed 33,920,000 reads!
2018-09-25 17:45:38,026: INFO: Processed 55,360,000 reads!
2018-09-25 17:46:56,062: INFO: Processed 53,440,000 reads!
2018-09-25 17:48:33,415: INFO: Processed 34,560,000 reads!
2018-09-25 17:49:52,049: INFO: Processed 56,320,000 reads!
2018-09-25 17:50:19,289: INFO: Processed 34,880,000 reads!
2018-09-25 17:51:19,439: INFO: Processed 51,520,000 reads!
2018-09-25 17:52:37,709: INFO: Processed 56,960,000 reads!
2018-09-25 17:52:50,889: INFO: Processed 51,840,000 reads!
2018-09-25 17:54:01,996: INFO: Processed 57,280,000 reads!
2018-09-25 17:54:21,101: INFO: Processed 52,160,000 reads!
2018-09-25 17:55:28,008: INFO: Processed 57,600,000 reads!
2018-09-25 17:55:52,846: INFO: Processed 35,840,000 reads!
2018-09-25 17:56:53,511: INFO: Processed 57,920,000 reads!
2018-09-25 17:57:45,228: INFO: Processed 36,160,000 reads!
2018-09-25 17:58:16,196: INFO: Processed 58,240,000 reads!
2018-09-25 17:59:13,845: INFO: Processed 56,320,000 reads!
2018-09-25 17:59:37,839: INFO: Processed 58,560,000 reads!
2018-09-25 18:00:33,459: INFO: Processed 56,640,000 reads!
2018-09-25 18:01:24,666: INFO: Processed 36,800,000 reads!
2018-09-25 18:01:54,515: INFO: Processed 56,960,000 reads!
2018-09-25 18:02:29,386: INFO: Processed 59,200,000 reads!
2018-09-25 18:03:18,603: INFO: Processed 57,280,000 reads!
2018-09-25 18:03:54,194: INFO: Processed 59,520,000 reads!
2018-09-25 18:05:00,864: INFO: Processed 37,440,000 reads!
2018-09-25 18:05:16,703: INFO: Processed 59,840,000 reads!
2018-09-25 18:06:37,578: INFO: Processed 60,160,000 reads!
2018-09-25 18:06:51,273: INFO: Processed 37,760,000 reads!
2018-09-25 18:07:40,248: INFO: Processed 55,040,000 reads!
2018-09-25 18:08:03,143: INFO: Processed 60,480,000 reads!
2018-09-25 18:09:10,849: INFO: Processed 55,360,000 reads!
2018-09-25 18:09:27,942: INFO: Processed 60,800,000 reads!
2018-09-25 18:10:39,066: INFO: Processed 55,680,000 reads!
2018-09-25 18:10:51,328: INFO: Processed 61,120,000 reads!
2018-09-25 18:11:31,745: INFO: Processed 59,200,000 reads!
2018-09-25 18:12:30,724: INFO: Processed 38,720,000 reads!
2018-09-25 18:12:55,724: INFO: Processed 59,520,000 reads!
2018-09-25 18:13:34,034: INFO: Processed 61,760,000 reads!
2018-09-25 18:14:21,098: INFO: Processed 39,040,000 reads!
2018-09-25 18:15:02,375: INFO: Processed 56,640,000 reads!
2018-09-25 18:16:09,120: INFO: Processed 39,360,000 reads!
2018-09-25 18:16:33,582: INFO: Processed 56,960,000 reads!
2018-09-25 18:16:58,743: INFO: Processed 60,480,000 reads!
2018-09-25 18:18:02,819: INFO: Processed 57,280,000 reads!
2018-09-25 18:18:20,985: INFO: Processed 60,800,000 reads!
2018-09-25 18:19:30,783: INFO: Processed 57,600,000 reads!
2018-09-25 18:19:45,341: INFO: Processed 61,120,000 reads!
2018-09-25 18:20:57,530: INFO: Processed 57,920,000 reads!
2018-09-25 18:21:36,535: INFO: Processed 40,320,000 reads!
2018-09-25 18:22:24,370: INFO: Processed 58,240,000 reads!
2018-09-25 18:22:30,287: INFO: Processed 61,760,000 reads!
2018-09-25 18:23:51,663: INFO: Processed 62,080,000 reads!
2018-09-25 18:23:54,598: INFO: Processed 58,560,000 reads!
2018-09-25 18:25:10,595: INFO: Processed 62,400,000 reads!
2018-09-25 18:25:24,815: INFO: Processed 58,880,000 reads!
2018-09-25 18:26:33,340: INFO: Processed 62,720,000 reads!
2018-09-25 18:27:16,840: INFO: Processed 41,280,000 reads!
2018-09-25 18:27:57,260: INFO: Processed 63,040,000 reads!
2018-09-25 18:28:21,927: INFO: Processed 59,520,000 reads!
2018-09-25 18:29:19,657: INFO: Processed 63,360,000 reads!
2018-09-25 18:29:48,664: INFO: Processed 59,840,000 reads!
2018-09-25 18:30:41,283: INFO: Processed 63,680,000 reads!
2018-09-25 18:31:19,151: INFO: Processed 60,160,000 reads!
2018-09-25 18:32:02,248: INFO: Processed 64,000,000 reads!
2018-09-25 18:33:04,688: INFO: Processed 66,240,000 reads!
2018-09-25 18:33:20,696: INFO: Processed 64,320,000 reads!
2018-09-25 18:34:43,635: INFO: Processed 64,640,000 reads!
2018-09-25 18:36:07,120: INFO: Processed 64,960,000 reads!
2018-09-25 18:36:29,339: INFO: Processed 42,880,000 reads!
2018-09-25 18:37:30,499: INFO: Processed 65,280,000 reads!
2018-09-25 18:38:41,378: INFO: Processed 61,760,000 reads!
2018-09-25 18:38:52,614: INFO: Processed 65,600,000 reads!
2018-09-25 18:40:14,292: INFO: Processed 43,520,000 reads!
2018-09-25 18:41:40,204: INFO: Processed 62,400,000 reads!
2018-09-25 18:42:05,954: INFO: Processed 43,840,000 reads!
2018-09-25 18:43:08,174: INFO: Processed 62,720,000 reads!
2018-09-25 18:44:13,226: INFO: Processed 68,800,000 reads!
2018-09-25 18:44:34,844: INFO: Processed 63,040,000 reads!
2018-09-25 18:45:44,531: INFO: Processed 67,200,000 reads!
2018-09-25 18:46:04,609: INFO: Processed 63,360,000 reads!
2018-09-25 18:47:06,401: INFO: Processed 67,520,000 reads!
2018-09-25 18:47:35,566: INFO: Processed 63,680,000 reads!
2018-09-25 18:48:25,675: INFO: Processed 67,840,000 reads!
2018-09-25 18:49:23,935: INFO: Processed 45,120,000 reads!
2018-09-25 18:49:47,137: INFO: Processed 68,160,000 reads!
2018-09-25 18:50:32,272: INFO: Processed 64,320,000 reads!
2018-09-25 18:51:20,090: INFO: Processed 45,440,000 reads!
2018-09-25 18:52:27,164: INFO: Processed 70,720,000 reads!
2018-09-25 18:52:36,630: INFO: Processed 68,800,000 reads!
2018-09-25 18:53:27,982: INFO: Processed 64,960,000 reads!
2018-09-25 18:53:58,475: INFO: Processed 69,120,000 reads!
2018-09-25 18:55:21,033: INFO: Processed 69,440,000 reads!
2018-09-25 18:56:56,261: INFO: Processed 46,400,000 reads!
2018-09-25 18:58:04,493: INFO: Processed 70,080,000 reads!
2018-09-25 18:58:43,403: INFO: Processed 46,720,000 reads!
2018-09-25 18:59:29,436: INFO: Processed 70,400,000 reads!
2018-09-25 19:00:53,637: INFO: Processed 70,720,000 reads!
2018-09-25 19:02:24,967: INFO: Processed 66,880,000 reads!
2018-09-25 19:03:30,993: INFO: Processed 73,280,000 reads!
2018-09-25 19:03:34,869: INFO: Processed 73,600,000 reads!
2018-09-25 19:03:34,881: INFO: Formatting fastq done, taking 5.301 hours
2018-09-25 19:03:55,479: INFO: Processed 67,200,000 reads!
2018-09-25 19:04:18,074: INFO: Processed 47,680,000 reads!
2018-09-25 19:05:24,722: INFO: Processed 67,520,000 reads!
2018-09-25 19:06:20,504: INFO: Processed 72,000,000 reads!
2018-09-25 19:06:51,304: INFO: Processed 67,840,000 reads!
2018-09-25 19:08:18,830: INFO: Processed 68,160,000 reads!
2018-09-25 19:09:09,438: INFO: Processed 72,640,000 reads!
2018-09-25 19:09:57,215: INFO: Processed 48,640,000 reads!
2018-09-25 19:10:32,398: INFO: Processed 72,960,000 reads!
2018-09-25 19:11:47,372: INFO: Processed 48,960,000 reads!
2018-09-25 19:11:51,922: INFO: Processed 73,280,000 reads!
2018-09-25 19:13:13,032: INFO: Processed 73,600,000 reads!
2018-09-25 19:13:36,876: INFO: Processed 49,280,000 reads!
2018-09-25 19:14:37,622: INFO: Processed 73,920,000 reads!
2018-09-25 19:15:46,227: INFO: Processed 69,760,000 reads!
2018-09-25 19:16:01,670: INFO: Processed 74,240,000 reads!
2018-09-25 19:17:24,894: INFO: Processed 74,560,000 reads!
2018-09-25 19:19:12,155: INFO: Processed 50,240,000 reads!
2018-09-25 19:20:18,899: INFO: Processed 70,720,000 reads!
2018-09-25 19:21:27,235: INFO: Processed 75,520,000 reads!
2018-09-25 19:21:45,948: INFO: Processed 71,040,000 reads!
2018-09-25 19:23:12,526: INFO: Processed 71,360,000 reads!
2018-09-25 19:24:43,487: INFO: Processed 71,680,000 reads!
2018-09-25 19:24:51,406: INFO: Processed 51,200,000 reads!
2018-09-25 19:25:38,231: INFO: Processed 76,480,000 reads!
2018-09-25 19:26:41,927: INFO: Processed 51,520,000 reads!
2018-09-25 19:26:58,841: INFO: Processed 76,800,000 reads!
2018-09-25 19:27:45,379: INFO: Processed 72,320,000 reads!
2018-09-25 19:28:28,818: INFO: Processed 51,840,000 reads!
2018-09-25 19:29:42,363: INFO: Processed 77,440,000 reads!
2018-09-25 19:30:38,640: INFO: Processed 72,960,000 reads!
2018-09-25 19:31:07,362: INFO: Processed 77,760,000 reads!
2018-09-25 19:32:30,427: INFO: Processed 78,080,000 reads!
2018-09-25 19:34:04,486: INFO: Processed 52,800,000 reads!
2018-09-25 19:35:10,589: INFO: Processed 78,720,000 reads!
2018-09-25 19:35:57,739: INFO: Processed 53,120,000 reads!
2018-09-25 19:36:39,009: INFO: Processed 74,240,000 reads!
2018-09-25 19:38:04,516: INFO: Processed 74,560,000 reads!
2018-09-25 19:39:41,018: INFO: Processed 53,760,000 reads!
2018-09-25 19:41:00,145: INFO: Processed 75,200,000 reads!
2018-09-25 19:41:30,330: INFO: Processed 54,080,000 reads!
2018-09-25 19:42:30,214: INFO: Processed 75,520,000 reads!
2018-09-25 19:43:21,709: INFO: Processed 80,640,000 reads!
d; of these:
    22912528 (31.91%) aligned 0 times
    30075127 (41.88%) aligned exactly 1 time
    18826311 (26.22%) aligned >1 times
68.09% overall alignment rate
2018-09-25 19:43:59,509: INFO: Processed 75,840,000 reads!
2018-09-25 19:45:05,416: INFO: Processed 54,720,000 reads!
2018-09-25 19:45:26,801: INFO: Processed 76,160,000 reads!
2018-09-25 19:46:07,483: INFO: Processed 81,280,000 reads!
2018-09-25 19:46:58,171: INFO: Processed 55,040,000 reads!
2018-09-25 19:47:31,770: INFO: Processed 81,600,000 reads!
2018-09-25 19:48:52,331: INFO: Processed 55,360,000 reads!
2018-09-25 19:48:55,387: INFO: Processed 81,920,000 reads!
2018-09-25 19:50:17,647: INFO: Processed 82,240,000 reads!
2018-09-25 19:50:45,617: INFO: Processed 55,680,000 reads!
2018-09-25 19:51:33,978: INFO: Processed 82,560,000 reads!
2018-09-25 19:52:54,383: INFO: Processed 82,880,000 reads!
2018-09-25 19:54:30,515: INFO: Processed 56,320,000 reads!
otate alignments.

        ==========     _____ _    _ ____  _____  ______          _____  
        =====         / ____| |  | |  _ \|  __ \|  ____|   /\   |  __ \ 
          =====      | (___ | |  | | |_) | |__) | |__     /  \  | |  | |
            ====      \___ \| |  | |  _ <|  _  /|  __|   / /\ \ | |  | |
              ====    ____) | |__| | |_) | | \ \| |____ / ____ \| |__| |
        ==========   |_____/ \____/|____/|_|  \_\______/_/    \_\_____/
	  v1.6.2

//========================== featureCounts setting ===========================\\
||                                                                            ||
||             Input files : 1 BAM file                                       ||
||                           S results.star_align.bam                         ||
||                                                                            ||
||             Output file : results.star_align.bam.annotation                ||
||                 Summary : results.star_align.bam.annotation.summary        ||
||              Annotation : genes.gtf (GTF)                                  ||
||      Assignment details : <input_file>.featureCounts.bam                   ||
||                      (Note that files are saved to the output directory)   ||
||                                                                            ||
||      Dir for temp files : /broad/hptmp/ssimmons/scumi/mixed2/CelSeq1       ||
||                                                                            ||
||                 Threads : 1                                                ||
||                   Level : meta-feature level                               ||
||              Paired-end : no                                               ||
||      Multimapping reads : counted                                          ||
|| Multi-overlapping reads : not counted                                      ||
||   Min overlapping bases : 1                                                ||
||                                                                            ||
\\===================== http://subread.sourceforge.net/ ======================//

//================================= Running ==================================\\
||                                                                            ||
|| Load annotation file genes.gtf ...                                         ||
||    Features : 1808849                                                      ||
||    Meta-features : 62046                                                   ||
||    Chromosomes/contigs : 86                                                ||
||                                                                            ||
|| Process BAM file results.star_align.bam...                                 ||
||    Single-end reads are included.                                          ||
||    Strand specific : stranded                                              ||
||    Assign reads to features...                                             ||
2018-09-25 19:55:42,016: INFO: Processed 83,520,000 reads!
2018-09-25 19:56:21,244: INFO: Processed 56,640,000 reads!
2018-09-25 19:57:12,859: INFO: Processed 78,720,000 reads!
2018-09-25 19:58:26,760: INFO: Processed 84,160,000 reads!
2018-09-25 19:58:42,846: INFO: Processed 79,040,000 reads!
2018-09-25 19:59:46,042: INFO: Processed 84,480,000 reads!
                   ||
||    Successfully assigned reads : 27580811 (56.4%)                          ||
||    Running time : 5.30 minutes                                             ||
||                                                                            ||
||                         Read assignment finished.                          ||
||                                                                            ||
|| Summary of counting results can be found in file "/broad/hptmp/ssimmons/s  ||
|| cumi/mixed2/CelSeq1/results.star_align.bam.annotation.summary"             ||
||                                                                            ||
\\===================== http://subread.sourceforge.net/ ======================//

2018-09-25 19:59:57,791: INFO: Processed 57,280,000 reads!
king 0.146 minutes
Traceback (most recent call last):
  File "/ahg/regevdata/projects/sc_compare/software/miniconda3/envs/scumi/bin/scumi", line 165, in <module>
    args.func(args)
  File "/ahg/regevdata/projects/sc_compare/software/miniconda3/envs/scumi/lib/python3.6/site-packages/scumi/run.py", line 47, in count_umi
    cell_barcode_whitelist=cell_barcode_whitelist)
  File "/ahg/regevdata/projects/sc_compare/software/miniconda3/envs/scumi/lib/python3.6/site-packages/scumi/scumi.py", line 419, in count_feature
    cb_count, cb, expect_cell, force_cell, all_cell, cell_barcode_whitelist)
  File "/ahg/regevdata/projects/sc_compare/software/miniconda3/envs/scumi/lib/python3.6/site-packages/scumi/scumi.py", line 638, in _construct_cb_filter
    force_cell=force_cell)
  File "/ahg/regevdata/projects/sc_compare/software/miniconda3/envs/scumi/lib/python3.6/site-packages/scumi/scumi.py", line 697, in _get_candidate_barcode
    _refine_whitelist(list(candidate_cb_whitelist), cb_file)
  File "/ahg/regevdata/projects/sc_compare/software/miniconda3/envs/scumi/lib/python3.6/site-packages/scumi/scumi.py", line 719, in _refine_whitelist
    cb_hash = _construct_hash(cb_whitelist, cb_file)
  File "/ahg/regevdata/projects/sc_compare/software/miniconda3/envs/scumi/lib/python3.6/site-packages/scumi/scumi.py", line 749, in _construct_hash
    with open(tag_file[i], 'r') as file_handle:
FileNotFoundError: [Errno 2] No such file or directory: '96'
2018-09-25 20:00:10,964: INFO: Processed 79,360,000 reads!
2018-09-25 20:01:34,473: INFO: Processed 79,680,000 reads!
2018-09-25 20:01:51,593: INFO: Processed 57,600,000 reads!
2018-09-25 20:03:01,727: INFO: Processed 80,000,000 reads!
2018-09-25 20:03:57,466: INFO: Processed 85,440,000 reads!
2018-09-25 20:04:32,192: INFO: Processed 80,320,000 reads!
2018-09-25 20:05:39,376: INFO: Processed 58,240,000 reads!
2018-09-25 20:06:01,937: INFO: Processed 80,640,000 reads!
2018-09-25 20:06:34,837: INFO: Processed 86,080,000 reads!
2018-09-25 20:07:54,298: INFO: Processed 86,400,000 reads!
2018-09-25 20:08:00,750: INFO: Processed 81,280,000 reads!
2018-09-25 20:08:00,763: INFO: Formatting fastq done, taking 6.230 hours
2018-09-25 20:09:20,763: INFO: Processed 58,880,000 reads!
2018-09-25 20:11:09,703: INFO: Processed 59,200,000 reads!
2018-09-25 20:12:05,589: INFO: Processed 87,360,000 reads!
2018-09-25 20:13:27,524: INFO: Processed 87,680,000 reads!
2018-09-25 20:14:51,376: INFO: Processed 59,840,000 reads!
2018-09-25 20:16:02,435: INFO: Processed 88,320,000 reads!
2018-09-25 20:16:45,838: INFO: Processed 60,160,000 reads!
2018-09-25 20:17:25,543: INFO: Processed 88,640,000 reads!
2018-09-25 20:18:49,938: INFO: Processed 88,960,000 reads!
2018-09-25 20:20:28,647: INFO: Processed 60,800,000 reads!
2018-09-25 20:21:31,587: INFO: Processed 89,600,000 reads!
2018-09-25 20:21:31,606: INFO: Formatting fastq done, taking 6.362 hours
2018-09-25 20:22:19,573: INFO: Processed 61,120,000 reads!
2018-09-25 20:24:08,516: INFO: Processed 61,440,000 reads!
2018-09-25 20:25:56,795: INFO: Processed 61,760,000 reads!
2018-09-25 20:27:47,367: INFO: Processed 62,080,000 reads!
2018-09-25 20:29:41,393: INFO: Processed 62,400,000 reads!
2018-09-25 20:31:35,327: INFO: Processed 62,720,000 reads!
2018-09-25 20:33:28,120: INFO: Processed 63,040,000 reads!
2018-09-25 20:35:20,224: INFO: Processed 63,360,000 reads!
2018-09-25 20:37:08,733: INFO: Processed 63,680,000 reads!
2018-09-25 20:38:58,277: INFO: Processed 64,000,000 reads!
2018-09-25 20:40:46,423: INFO: Processed 64,320,000 reads!
2018-09-25 20:42:38,661: INFO: Processed 64,640,000 reads!
2018-09-25 20:44:32,907: INFO: Processed 64,960,000 reads!
2018-09-25 20:46:25,996: INFO: Processed 65,280,000 reads!
2018-09-25 20:48:18,791: INFO: Processed 65,600,000 reads!
2018-09-25 20:50:09,241: INFO: Processed 65,920,000 reads!
2018-09-25 20:51:59,331: INFO: Processed 66,240,000 reads!
2018-09-25 20:53:47,595: INFO: Processed 66,560,000 reads!
2018-09-25 20:55:36,036: INFO: Processed 66,880,000 reads!
79604836 reads; of these:
  79604836 (100.00%) were unpaired; of these:
    23536245 (29.57%) aligned 0 times
    33557196 (42.15%) aligned exactly 1 time
    22511395 (28.28%) aligned >1 times
70.43% overall alignment rate
2018-09-25 20:57:28,917: INFO: Processed 67,200,000 reads!
2018-09-25 20:59:23,073: INFO: Processed 67,520,000 reads!
2018-09-25 21:01:16,465: INFO: Processed 67,840,000 reads!
2018-09-25 21:03:08,232: INFO: Processed 68,160,000 reads!
2018-09-25 21:04:57,691: INFO: Processed 68,480,000 reads!
86714991 reads; of these:
  86714991 (100.00%) were unpaired; of these:
    26225869 (30.24%) aligned 0 times
    37353520 (43.08%) aligned exactly 1 time
    23135602 (26.68%) aligned >1 times
69.76% overall alignment rate
2018-09-25 21:06:47,585: INFO: Processed 68,800,000 reads!
2018-09-25 21:08:33,885: INFO: Processed 69,120,000 reads!
2018-09-25 21:10:24,014: INFO: Processed 69,440,000 reads!
otate alignments.

        ==========     _____ _    _ ____  _____  ______          _____  
        =====         / ____| |  | |  _ \|  __ \|  ____|   /\   |  __ \ 
          =====      | (___ | |  | | |_) | |__) | |__     /  \  | |  | |
            ====      \___ \| |  | |  _ <|  _  /|  __|   / /\ \ | |  | |
              ====    ____) | |__| | |_) | | \ \| |____ / ____ \| |__| |
        ==========   |_____/ \____/|____/|_|  \_\______/_/    \_\_____/
	  v1.6.2

//========================== featureCounts setting ===========================\\
||                                                                            ||
||             Input files : 1 BAM file                                       ||
||                           S results.star_align.bam                         ||
||                                                                            ||
||             Output file : results.star_align.bam.annotation                ||
||                 Summary : results.star_align.bam.annotation.summary        ||
||              Annotation : genes.gtf (GTF)                                  ||
||      Assignment details : <input_file>.featureCounts.bam                   ||
||                      (Note that files are saved to the output directory)   ||
||                                                                            ||
||      Dir for temp files : /broad/hptmp/ssimmons/scumi/mixed2/CelSeq3       ||
||                                                                            ||
||                 Threads : 1                                                ||
||                   Level : meta-feature level                               ||
||              Paired-end : no                                               ||
||      Multimapping reads : counted                                          ||
|| Multi-overlapping reads : not counted                                      ||
||   Min overlapping bases : 1                                                ||
||                                                                            ||
\\===================== http://subread.sourceforge.net/ ======================//

//================================= Running ==================================\\
||                                                                            ||
|| Load annotation file genes.gtf ...                                         ||
||    Features : 1808849                                                      ||
||    Meta-features : 62046                                                   ||
||    Chromosomes/contigs : 86                                                ||
||                                                                            ||
|| Process BAM file results.star_align.bam...                                 ||
||    Single-end reads are included.                                          ||
||    Strand specific : stranded                                              ||
||    Assign reads to features...                                             ||
2018-09-25 21:12:17,839: INFO: Processed 69,760,000 reads!
2018-09-25 21:14:12,531: INFO: Processed 70,080,000 reads!
2018-09-25 21:16:06,813: INFO: Processed 70,400,000 reads!
||    Total reads : 56068591                                                  ||
||    Successfully assigned reads : 33420428 (59.6%)                          ||
||    Running time : 6.54 minutes                                             ||
||                                                                            ||
||                         Read assignment finished.                          ||
||                                                                            ||
|| Summary of counting results can be found in file "/broad/hptmp/ssimmons/s  ||
|| cumi/mixed2/CelSeq3/results.star_align.bam.annotation.summary"             ||
||                                                                            ||
\\===================== http://subread.sourceforge.net/ ======================//

2018-09-25 21:17:03,743: INFO: Detecting whitelist done, taking 0.159 minutes
Traceback (most recent call last):
  File "/ahg/regevdata/projects/sc_compare/software/miniconda3/envs/scumi/bin/scumi", line 165, in <module>
    args.func(args)
  File "/ahg/regevdata/projects/sc_compare/software/miniconda3/envs/scumi/lib/python3.6/site-packages/scumi/run.py", line 47, in count_umi
    cell_barcode_whitelist=cell_barcode_whitelist)
  File "/ahg/regevdata/projects/sc_compare/software/miniconda3/envs/scumi/lib/python3.6/site-packages/scumi/scumi.py", line 419, in count_feature
    cb_count, cb, expect_cell, force_cell, all_cell, cell_barcode_whitelist)
  File "/ahg/regevdata/projects/sc_compare/software/miniconda3/envs/scumi/lib/python3.6/site-packages/scumi/scumi.py", line 638, in _construct_cb_filter
    force_cell=force_cell)
  File "/ahg/regevdata/projects/sc_compare/software/miniconda3/envs/scumi/lib/python3.6/site-packages/scumi/scumi.py", line 697, in _get_candidate_barcode
    _refine_whitelist(list(candidate_cb_whitelist), cb_file)
  File "/ahg/regevdata/projects/sc_compare/software/miniconda3/envs/scumi/lib/python3.6/site-packages/scumi/scumi.py", line 719, in _refine_whitelist
    cb_hash = _construct_hash(cb_whitelist, cb_file)
  File "/ahg/regevdata/projects/sc_compare/software/miniconda3/envs/scumi/lib/python3.6/site-packages/scumi/scumi.py", line 749, in _construct_hash
    with open(tag_file[i], 'r') as file_handle:
FileNotFoundError: [Errno 2] No such file or directory: '96'
2018-09-25 21:17:57,849: INFO: Processed 70,720,000 reads!
2018-09-25 21:19:46,117: INFO: Processed 71,040,000 reads!
otate alignments.

        ==========     _____ _    _ ____  _____  ______          _____  
        =====         / ____| |  | |  _ \|  __ \|  ____|   /\   |  __ \ 
          =====      | (___ | |  | | |_) | |__) | |__     /  \  | |  | |
            ====      \___ \| |  | |  _ <|  _  /|  __|   / /\ \ | |  | |
              ====    ____) | |__| | |_) | | \ \| |____ / ____ \| |__| |
        ==========   |_____/ \____/|____/|_|  \_\______/_/    \_\_____/
	  v1.6.2

//========================== featureCounts setting ===========================\\
||                                                                            ||
||             Input files : 1 BAM file                                       ||
||                           S results.star_align.bam                         ||
||                                                                            ||
||             Output file : results.star_align.bam.annotation                ||
||                 Summary : results.star_align.bam.annotation.summary        ||
||              Annotation : genes.gtf (GTF)                                  ||
||      Assignment details : <input_file>.featureCounts.bam                   ||
||                      (Note that files are saved to the output directory)   ||
||                                                                            ||
||      Dir for temp files : /broad/hptmp/ssimmons/scumi/mixed2/CelSeq2       ||
||                                                                            ||
||                 Threads : 1                                                ||
||                   Level : meta-feature level                               ||
||              Paired-end : no                                               ||
||      Multimapping reads : counted                                          ||
|| Multi-overlapping reads : not counted                                      ||
||   Min overlapping bases : 1                                                ||
||                                                                            ||
\\===================== http://subread.sourceforge.net/ ======================//

//================================= Running ==================================\\
||                                                                            ||
|| Load annotation file genes.gtf ...                                         ||
||    Features : 1808849                                                      ||
||    Meta-features : 62046                                                   ||
||    Chromosomes/contigs : 86                                                ||
||                                                                            ||
|| Process BAM file results.star_align.bam...                                 ||
||    Single-end reads are included.                                          ||
||    Strand specific : stranded                                              ||
||    Assign reads to features...                                             ||
2018-09-25 21:21:34,421: INFO: Processed 71,360,000 reads!
2018-09-25 21:23:22,578: INFO: Processed 71,680,000 reads!
2018-09-25 21:25:14,680: INFO: Processed 72,000,000 reads!
||    Total reads : 60489122                                                  ||
||    Successfully assigned reads : 35337083 (58.4%)                          ||
||    Running time : 6.86 minutes                                             ||
||                                                                            ||
||                         Read assignment finished.                          ||
||                                                                            ||
|| Summary of counting results can be found in file "/broad/hptmp/ssimmons/s  ||
|| cumi/mixed2/CelSeq2/results.star_align.bam.annotation.summary"             ||
||                                                                            ||
\\===================== http://subread.sourceforge.net/ ======================//

2018-09-25 21:26:57,759: INFO: Detecting whitelist done, taking 0.142 minutes
Traceback (most recent call last):
  File "/ahg/regevdata/projects/sc_compare/software/miniconda3/envs/scumi/bin/scumi", line 165, in <module>
    args.func(args)
  File "/ahg/regevdata/projects/sc_compare/software/miniconda3/envs/scumi/lib/python3.6/site-packages/scumi/run.py", line 47, in count_umi
    cell_barcode_whitelist=cell_barcode_whitelist)
  File "/ahg/regevdata/projects/sc_compare/software/miniconda3/envs/scumi/lib/python3.6/site-packages/scumi/scumi.py", line 419, in count_feature
    cb_count, cb, expect_cell, force_cell, all_cell, cell_barcode_whitelist)
  File "/ahg/regevdata/projects/sc_compare/software/miniconda3/envs/scumi/lib/python3.6/site-packages/scumi/scumi.py", line 638, in _construct_cb_filter
    force_cell=force_cell)
  File "/ahg/regevdata/projects/sc_compare/software/miniconda3/envs/scumi/lib/python3.6/site-packages/scumi/scumi.py", line 697, in _get_candidate_barcode
    _refine_whitelist(list(candidate_cb_whitelist), cb_file)
  File "/ahg/regevdata/projects/sc_compare/software/miniconda3/envs/scumi/lib/python3.6/site-packages/scumi/scumi.py", line 719, in _refine_whitelist
    cb_hash = _construct_hash(cb_whitelist, cb_file)
  File "/ahg/regevdata/projects/sc_compare/software/miniconda3/envs/scumi/lib/python3.6/site-packages/scumi/scumi.py", line 749, in _construct_hash
    with open(tag_file[i], 'r') as file_handle:
FileNotFoundError: [Errno 2] No such file or directory: '96'
2018-09-25 21:27:08,420: INFO: Processed 72,320,000 reads!
2018-09-25 21:29:02,827: INFO: Processed 72,640,000 reads!
2018-09-25 21:30:55,588: INFO: Processed 72,960,000 reads!
2018-09-25 21:32:45,263: INFO: Processed 73,280,000 reads!
2018-09-25 21:34:34,784: INFO: Processed 73,600,000 reads!
2018-09-25 21:36:21,799: INFO: Processed 73,920,000 reads!
2018-09-25 21:38:12,460: INFO: Processed 74,240,000 reads!
2018-09-25 21:40:06,796: INFO: Processed 74,560,000 reads!
2018-09-25 21:42:01,142: INFO: Processed 74,880,000 reads!
2018-09-25 21:43:53,958: INFO: Processed 75,200,000 reads!
2018-09-25 21:45:45,597: INFO: Processed 75,520,000 reads!
2018-09-25 21:47:35,232: INFO: Processed 75,840,000 reads!
2018-09-25 21:49:24,712: INFO: Processed 76,160,000 reads!
2018-09-25 21:51:11,425: INFO: Processed 76,480,000 reads!
2018-09-25 21:53:02,978: INFO: Processed 76,800,000 reads!
2018-09-25 21:54:56,691: INFO: Processed 77,120,000 reads!
2018-09-25 21:56:51,107: INFO: Processed 77,440,000 reads!
2018-09-25 21:58:44,301: INFO: Processed 77,760,000 reads!
2018-09-25 22:00:34,610: INFO: Processed 78,080,000 reads!
2018-09-25 22:02:24,441: INFO: Processed 78,400,000 reads!
2018-09-25 22:04:12,097: INFO: Processed 78,720,000 reads!
2018-09-25 22:06:01,684: INFO: Processed 79,040,000 reads!
2018-09-25 22:07:55,601: INFO: Processed 79,360,000 reads!
2018-09-25 22:09:50,109: INFO: Processed 79,680,000 reads!
2018-09-25 22:11:42,796: INFO: Processed 80,000,000 reads!
2018-09-25 22:13:33,356: INFO: Processed 80,320,000 reads!
2018-09-25 22:15:24,173: INFO: Processed 80,640,000 reads!
2018-09-25 22:17:14,245: INFO: Processed 80,960,000 reads!
2018-09-25 22:19:00,220: INFO: Processed 81,280,000 reads!
2018-09-25 22:20:51,731: INFO: Processed 81,600,000 reads!
2018-09-25 22:22:45,338: INFO: Processed 81,920,000 reads!
2018-09-25 22:24:39,116: INFO: Processed 82,240,000 reads!
2018-09-25 22:26:31,130: INFO: Processed 82,560,000 reads!
2018-09-25 22:28:22,275: INFO: Processed 82,880,000 reads!
2018-09-25 22:30:12,374: INFO: Processed 83,200,000 reads!
2018-09-25 22:32:00,167: INFO: Processed 83,520,000 reads!
2018-09-25 22:33:46,897: INFO: Processed 83,840,000 reads!
2018-09-25 22:35:40,308: INFO: Processed 84,160,000 reads!
2018-09-25 22:37:34,607: INFO: Processed 84,480,000 reads!
2018-09-25 22:39:28,978: INFO: Processed 84,800,000 reads!
2018-09-25 22:41:22,071: INFO: Processed 85,120,000 reads!
2018-09-25 22:43:14,228: INFO: Processed 85,440,000 reads!
2018-09-25 22:45:05,175: INFO: Processed 85,760,000 reads!
2018-09-25 22:46:51,868: INFO: Processed 86,080,000 reads!
2018-09-25 22:48:42,796: INFO: Processed 86,400,000 reads!
2018-09-25 22:50:38,196: INFO: Processed 86,720,000 reads!
2018-09-25 22:52:32,816: INFO: Processed 87,040,000 reads!
2018-09-25 22:54:26,388: INFO: Processed 87,360,000 reads!
2018-09-25 22:56:19,164: INFO: Processed 87,680,000 reads!
2018-09-25 22:58:09,642: INFO: Processed 88,000,000 reads!
2018-09-25 22:59:57,150: INFO: Processed 88,320,000 reads!
2018-09-25 23:01:44,968: INFO: Processed 88,640,000 reads!
2018-09-25 23:03:38,285: INFO: Processed 88,960,000 reads!
2018-09-25 23:05:33,229: INFO: Processed 89,280,000 reads!
2018-09-25 23:07:27,227: INFO: Processed 89,600,000 reads!
2018-09-25 23:09:18,471: INFO: Processed 89,920,000 reads!
2018-09-25 23:11:10,934: INFO: Processed 90,240,000 reads!
2018-09-25 23:13:02,662: INFO: Processed 90,560,000 reads!
2018-09-25 23:14:49,029: INFO: Processed 90,880,000 reads!
2018-09-25 23:16:40,887: INFO: Processed 91,200,000 reads!
2018-09-25 23:18:35,425: INFO: Processed 91,520,000 reads!
2018-09-25 23:20:29,914: INFO: Processed 91,840,000 reads!
2018-09-25 23:22:24,041: INFO: Processed 92,160,000 reads!
2018-09-25 23:24:13,659: INFO: Processed 92,480,000 reads!
2018-09-25 23:26:03,553: INFO: Processed 92,800,000 reads!
2018-09-25 23:27:51,232: INFO: Processed 93,120,000 reads!
2018-09-25 23:29:41,331: INFO: Processed 93,440,000 reads!
2018-09-25 23:31:35,147: INFO: Processed 93,760,000 reads!
2018-09-25 23:33:29,641: INFO: Processed 94,080,000 reads!
2018-09-25 23:35:23,398: INFO: Processed 94,400,000 reads!
2018-09-25 23:37:16,104: INFO: Processed 94,720,000 reads!
2018-09-25 23:39:08,823: INFO: Processed 95,040,000 reads!
2018-09-25 23:40:57,342: INFO: Processed 95,360,000 reads!
2018-09-25 23:42:43,907: INFO: Processed 95,680,000 reads!
2018-09-25 23:44:36,533: INFO: Processed 96,000,000 reads!
2018-09-25 23:46:31,870: INFO: Processed 96,320,000 reads!
2018-09-25 23:48:25,323: INFO: Processed 96,640,000 reads!
2018-09-25 23:50:18,688: INFO: Processed 96,960,000 reads!
2018-09-25 23:52:10,989: INFO: Processed 97,280,000 reads!
2018-09-25 23:54:00,529: INFO: Processed 97,600,000 reads!
2018-09-25 23:55:45,082: INFO: Processed 97,920,000 reads!
2018-09-25 23:57:35,941: INFO: Processed 98,240,000 reads!
2018-09-25 23:59:30,685: INFO: Processed 98,560,000 reads!
2018-09-26 00:01:25,354: INFO: Processed 98,880,000 reads!
2018-09-26 00:03:18,189: INFO: Processed 99,200,000 reads!
2018-09-26 00:05:11,447: INFO: Processed 99,520,000 reads!
2018-09-26 00:07:02,508: INFO: Processed 99,840,000 reads!
2018-09-26 00:08:49,222: INFO: Processed 100,160,000 reads!
2018-09-26 00:10:37,590: INFO: Processed 100,480,000 reads!
2018-09-26 00:12:31,298: INFO: Processed 100,800,000 reads!
2018-09-26 00:14:26,206: INFO: Processed 101,120,000 reads!
2018-09-26 00:16:20,489: INFO: Processed 101,440,000 reads!
2018-09-26 00:18:13,771: INFO: Processed 101,760,000 reads!
2018-09-26 00:20:03,644: INFO: Processed 102,080,000 reads!
2018-09-26 00:21:50,923: INFO: Processed 102,400,000 reads!
2018-09-26 00:23:36,545: INFO: Processed 102,720,000 reads!
2018-09-26 00:25:27,920: INFO: Processed 103,040,000 reads!
2018-09-26 00:27:21,880: INFO: Processed 103,360,000 reads!
2018-09-26 00:29:15,032: INFO: Processed 103,680,000 reads!
2018-09-26 00:31:07,802: INFO: Processed 104,000,000 reads!
2018-09-26 00:32:58,736: INFO: Processed 104,320,000 reads!
2018-09-26 00:34:48,719: INFO: Processed 104,640,000 reads!
2018-09-26 00:36:33,566: INFO: Processed 104,960,000 reads!
2018-09-26 00:38:22,130: INFO: Processed 105,280,000 reads!
2018-09-26 00:40:15,054: INFO: Processed 105,600,000 reads!
2018-09-26 00:42:08,691: INFO: Processed 105,920,000 reads!
2018-09-26 00:44:02,219: INFO: Processed 106,240,000 reads!
2018-09-26 00:45:55,031: INFO: Processed 106,560,000 reads!
2018-09-26 00:47:47,958: INFO: Processed 106,880,000 reads!
2018-09-26 00:49:36,153: INFO: Processed 107,200,000 reads!
2018-09-26 00:51:19,801: INFO: Processed 107,520,000 reads!
2018-09-26 00:53:07,695: INFO: Processed 107,840,000 reads!
2018-09-26 00:55:00,326: INFO: Processed 108,160,000 reads!
2018-09-26 00:56:53,988: INFO: Processed 108,480,000 reads!
2018-09-26 00:58:46,788: INFO: Processed 108,800,000 reads!
2018-09-26 01:00:39,422: INFO: Processed 109,120,000 reads!
2018-09-26 01:02:31,504: INFO: Processed 109,440,000 reads!
2018-09-26 01:04:16,051: INFO: Processed 109,760,000 reads!
2018-09-26 01:06:06,095: INFO: Processed 110,080,000 reads!
2018-09-26 01:07:59,199: INFO: Processed 110,400,000 reads!
2018-09-26 01:09:52,597: INFO: Processed 110,720,000 reads!
2018-09-26 01:11:45,400: INFO: Processed 111,040,000 reads!
2018-09-26 01:13:36,949: INFO: Processed 111,360,000 reads!
2018-09-26 01:15:23,255: INFO: Processed 111,680,000 reads!
2018-09-26 01:17:08,029: INFO: Processed 112,000,000 reads!
2018-09-26 01:18:52,838: INFO: Processed 112,320,000 reads!
2018-09-26 01:20:42,110: INFO: Processed 112,640,000 reads!
2018-09-26 01:22:35,115: INFO: Processed 112,960,000 reads!
2018-09-26 01:24:27,828: INFO: Processed 113,280,000 reads!
2018-09-26 01:26:20,100: INFO: Processed 113,600,000 reads!
2018-09-26 01:28:12,459: INFO: Processed 113,920,000 reads!
2018-09-26 01:30:01,044: INFO: Processed 114,240,000 reads!
2018-09-26 01:31:41,554: INFO: Processed 114,560,000 reads!
2018-09-26 01:33:26,911: INFO: Processed 114,880,000 reads!
2018-09-26 01:35:17,792: INFO: Processed 115,200,000 reads!
2018-09-26 01:37:11,205: INFO: Processed 115,520,000 reads!
2018-09-26 01:39:04,985: INFO: Processed 115,840,000 reads!
2018-09-26 01:40:56,489: INFO: Processed 116,160,000 reads!
2018-09-26 01:42:48,483: INFO: Processed 116,480,000 reads!
2018-09-26 01:43:39,737: INFO: Processed 116,800,000 reads!
2018-09-26 01:43:39,789: INFO: Formatting fastq done, taking 11.237 hours
109955127 reads; of these:
  109955127 (100.00%) were unpaired; of these:
    36248868 (32.97%) aligned 0 times
    44406280 (40.39%) aligned exactly 1 time
    29299979 (26.65%) aligned >1 times
67.03% overall alignment rate
2018-09-26 04:08:09,774: INFO: Running featureCounts to annotate alignments.

        ==========     _____ _    _ ____  _____  ______          _____  
        =====         / ____| |  | |  _ \|  __ \|  ____|   /\   |  __ \ 
          =====      | (___ | |  | | |_) | |__) | |__     /  \  | |  | |
            ====      \___ \| |  | |  _ <|  _  /|  __|   / /\ \ | |  | |
              ====    ____) | |__| | |_) | | \ \| |____ / ____ \| |__| |
        ==========   |_____/ \____/|____/|_|  \_\______/_/    \_\_____/
	  v1.6.2

//========================== featureCounts setting ===========================\\
||                                                                            ||
||             Input files : 1 BAM file                                       ||
||                           S results.star_align.bam                         ||
||                                                                            ||
||             Output file : results.star_align.bam.annotation                ||
||                 Summary : results.star_align.bam.annotation.summary        ||
||              Annotation : genes.gtf (GTF)                                  ||
||      Assignment details : <input_file>.featureCounts.bam                   ||
||                      (Note that files are saved to the output directory)   ||
||                                                                            ||
||      Dir for temp files : /broad/hptmp/ssimmons/scumi/mixed2/CelSeq4       ||
||                                                                            ||
||                 Threads : 1                                                ||
||                   Level : meta-feature level                               ||
||              Paired-end : no                                               ||
||      Multimapping reads : counted                                          ||
|| Multi-overlapping reads : not counted                                      ||
||   Min overlapping bases : 1                                                ||
||                                                                            ||
\\===================== http://subread.sourceforge.net/ ======================//

//================================= Running ==================================\\
||                                                                            ||
|| Load annotation file genes.gtf ...                                         ||
||    Features : 1808849                                                      ||
||    Meta-features : 62046                                                   ||
||    Chromosomes/contigs : 86                                                ||
||                                                                            ||
|| Process BAM file results.star_align.bam...                                 ||
||    Single-end reads are included.                                          ||
||    Strand specific : stranded                                              ||
||    Assign reads to features...                                             ||
||    Total reads : 73706259                                                  ||
||    Successfully assigned reads : 45245519 (61.4%)                          ||
||    Running time : 12.32 minutes                                            ||
||                                                                            ||
||                         Read assignment finished.                          ||
||                                                                            ||
|| Summary of counting results can be found in file "/broad/hptmp/ssimmons/s  ||
|| cumi/mixed2/CelSeq4/results.star_align.bam.annotation.summary"             ||
||                                                                            ||
\\===================== http://subread.sourceforge.net/ ======================//

2018-09-26 04:21:10,255: INFO: Detecting whitelist done, taking 0.206 minutes
Traceback (most recent call last):
  File "/ahg/regevdata/projects/sc_compare/software/miniconda3/envs/scumi/bin/scumi", line 165, in <module>
    args.func(args)
  File "/ahg/regevdata/projects/sc_compare/software/miniconda3/envs/scumi/lib/python3.6/site-packages/scumi/run.py", line 47, in count_umi
    cell_barcode_whitelist=cell_barcode_whitelist)
  File "/ahg/regevdata/projects/sc_compare/software/miniconda3/envs/scumi/lib/python3.6/site-packages/scumi/scumi.py", line 419, in count_feature
    cb_count, cb, expect_cell, force_cell, all_cell, cell_barcode_whitelist)
  File "/ahg/regevdata/projects/sc_compare/software/miniconda3/envs/scumi/lib/python3.6/site-packages/scumi/scumi.py", line 638, in _construct_cb_filter
    force_cell=force_cell)
  File "/ahg/regevdata/projects/sc_compare/software/miniconda3/envs/scumi/lib/python3.6/site-packages/scumi/scumi.py", line 697, in _get_candidate_barcode
    _refine_whitelist(list(candidate_cb_whitelist), cb_file)
  File "/ahg/regevdata/projects/sc_compare/software/miniconda3/envs/scumi/lib/python3.6/site-packages/scumi/scumi.py", line 719, in _refine_whitelist
    cb_hash = _construct_hash(cb_whitelist, cb_file)
  File "/ahg/regevdata/projects/sc_compare/software/miniconda3/envs/scumi/lib/python3.6/site-packages/scumi/scumi.py", line 749, in _construct_hash
    with open(tag_file[i], 'r') as file_handle:
FileNotFoundError: [Errno 2] No such file or directory: '96'
