Setup!
Combine!
/broad/hptmp/ssimmons/scumi/pbmc1/10X/comb.1.fastq.gz
/broad/hptmp/ssimmons/scumi/pbmc1/10X/comb.2.fastq.gz
Subsamples!
Setup!
Combine!
/broad/hptmp/ssimmons/scumi/pbmc1/Drop/comb.1.fastq.gz
/broad/hptmp/ssimmons/scumi/pbmc1/Drop/comb.2.fastq.gz
Subsamples!
Clean fastqs!
Merge Fastq!
Clean fastqs!
Merge Fastq!
Setup!
Combine!
/broad/hptmp/ssimmons/scumi/pbmc1/Seqwell/comb.1.fastq.gz
/broad/hptmp/ssimmons/scumi/pbmc1/Seqwell/comb.2.fastq.gz
Subsamples!
Clean fastqs!
Merge Fastq!
Clean!
Run STAR!
Clean!
Run STAR!
Tag bam!
/ahg/regevdata/projects/sc_compare/software/subread-1.6.2-Linux-x86_64/bin//featureCounts -g gene_id -t exon -R BAM -T 1 -F GTF -a /seq/regev_genome_portal/SOFTWARE/10X/refdata-cellranger-1.2.0/refdata-cellranger-GRCh38-1.2.0/genes/genes.gtf -s 1 -M -o /broad/hptmp/ssimmons/scumi/pbmc1/Seqwell/results.star_align.bam.annotation /broad/hptmp/ssimmons/scumi/pbmc1/Seqwell/results.star_align.bam 

Annotating features done successfully, taking 10.694 minutes
Count!
Done!
Tag bam!
/ahg/regevdata/projects/sc_compare/software/subread-1.6.2-Linux-x86_64/bin//featureCounts -g gene_id -t exon -R BAM -T 1 -F GTF -a /seq/regev_genome_portal/SOFTWARE/10X/refdata-cellranger-1.2.0/refdata-cellranger-GRCh38-1.2.0/genes/genes.gtf -s 1 -M -o /broad/hptmp/ssimmons/scumi/pbmc1/Drop/results.star_align.bam.annotation /broad/hptmp/ssimmons/scumi/pbmc1/Drop/results.star_align.bam 

Annotating features done successfully, taking 18.672 minutes
Count!
Done!
Clean!
Run STAR!
Tag bam!
/ahg/regevdata/projects/sc_compare/software/subread-1.6.2-Linux-x86_64/bin//featureCounts -g gene_id -t exon -R BAM -T 1 -F GTF -a /seq/regev_genome_portal/SOFTWARE/10X/refdata-cellranger-1.2.0/refdata-cellranger-GRCh38-1.2.0/genes/genes.gtf -s 1 -M -o /broad/hptmp/ssimmons/scumi/pbmc1/10X/results.star_align.bam.annotation /broad/hptmp/ssimmons/scumi/pbmc1/10X/results.star_align.bam 

Annotating features done successfully, taking 52.864 minutes
Count!
Done!
Setup!
Setup!
Combine!
Combine!
Setup!
Combine!
Setup!
Combine!
Setup!
Combine!
Setup!
Combine!
Setup!
Combine!
Setup!
Combine!
Setup!
Combine!
Setup!
Combine!
Setup!
Setup!
Combine!
Combine!
/broad/hptmp/ssimmons/scumi/pbmc2/Drop/comb.1.fastq.gz
/broad/hptmp/ssimmons/scumi/pbmc2/Drop/comb.2.fastq.gz
Subsamples!
Clean fastqs!
Merge Fastq!
Clean!
Run STAR!
/broad/hptmp/ssimmons/scumi/pbmc2/10X/comb.1.fastq.gz
Tag bam!
/broad/hptmp/ssimmons/scumi/pbmc2/10X/comb.2.fastq.gz
Count!
Subsamples!
Clean fastqs!
Merge Fastq!
Clean!
Run STAR!
Tag bam!
Count!
Done!
Done!
Setup!
Combine!
/broad/hptmp/ssimmons/scumi/pbmc2/V2R1/comb.1.fastq.gz
/broad/hptmp/ssimmons/scumi/pbmc2/V2R1/comb.2.fastq.gz
Subsamples!
Clean fastqs!
Merge Fastq!
Clean!
Run STAR!
Tag bam!
Count!
Setup!
Combine!
/broad/hptmp/ssimmons/scumi/pbmc2/V1R1/comb.1.fastq.gz
/broad/hptmp/ssimmons/scumi/pbmc2/V1R1/comb.2.fastq.gz
Subsamples!
Clean fastqs!
Merge Fastq!
Clean!
Run STAR!
Tag bam!
Count!
Done!
Done!
Setup!
Combine!
/broad/hptmp/ssimmons/scumi/pbmc2/V2R2/comb.1.fastq.gz
/broad/hptmp/ssimmons/scumi/pbmc2/V2R2/comb.2.fastq.gz
Subsamples!
Clean fastqs!
Merge Fastq!
Clean!
Run STAR!
Tag bam!
Count!
Setup!
Combine!
/broad/hptmp/ssimmons/scumi/pbmc2/V1R2/comb.1.fastq.gz
/broad/hptmp/ssimmons/scumi/pbmc2/V1R2/comb.2.fastq.gz
Subsamples!
Clean fastqs!
Merge Fastq!
Clean!
Run STAR!
Tag bam!
Count!
Done!
Setup!
Done!
Combine!
/broad/hptmp/ssimmons/scumi/pbmc2/Seqwell1/comb.1.fastq.gz
/broad/hptmp/ssimmons/scumi/pbmc2/Seqwell1/comb.2.fastq.gz
Subsamples!
Clean fastqs!
Merge Fastq!
Clean!
Run STAR!
Tag bam!
Count!
Setup!
Combine!
/broad/hptmp/ssimmons/scumi/pbmc2/Seqwell2/comb.1.fastq.gz
/broad/hptmp/ssimmons/scumi/pbmc2/Seqwell2/comb.2.fastq.gz
Subsamples!
Clean fastqs!
Merge Fastq!
Clean!
Run STAR!
Tag bam!
Count!
Done!
Done!
Setup!
Combine!
/broad/hptmp/ssimmons/scumi/pbmc2/Drop/comb.1.fastq.gz
/broad/hptmp/ssimmons/scumi/pbmc2/Drop/comb.2.fastq.gz
Subsamples!
Clean fastqs!
Merge Fastq!
Clean!
Run STAR!
Tag bam!
Count!
Setup!
Combine!
/broad/hptmp/ssimmons/scumi/pbmc2/10X/comb.1.fastq.gz
/broad/hptmp/ssimmons/scumi/pbmc2/10X/comb.2.fastq.gz
Subsamples!
Clean fastqs!
Merge Fastq!
Clean!
Run STAR!
Tag bam!
Count!
Setup!
Combine!
/broad/hptmp/ssimmons/scumi/pbmc2/V2R1/comb.1.fastq.gz
/broad/hptmp/ssimmons/scumi/pbmc2/V2R1/comb.2.fastq.gz
Subsamples!
Clean fastqs!
Merge Fastq!
Clean!
Run STAR!
Tag bam!
Count!
Setup!
Combine!
/broad/hptmp/ssimmons/scumi/pbmc2/V1R1/comb.1.fastq.gz
/broad/hptmp/ssimmons/scumi/pbmc2/V1R1/comb.2.fastq.gz
Subsamples!
Clean fastqs!
Merge Fastq!
Clean!
Run STAR!
Tag bam!
Count!
Setup!
Combine!
/broad/hptmp/ssimmons/scumi/pbmc2/V2R2/comb.1.fastq.gz
/broad/hptmp/ssimmons/scumi/pbmc2/V2R2/comb.2.fastq.gz
Subsamples!
Clean fastqs!
Merge Fastq!
Clean!
Run STAR!
Tag bam!
Count!
Setup!
Combine!
/broad/hptmp/ssimmons/scumi/pbmc2/V1R2/comb.1.fastq.gz
/broad/hptmp/ssimmons/scumi/pbmc2/V1R2/comb.2.fastq.gz
Subsamples!
Clean fastqs!
Merge Fastq!
Clean!
Run STAR!
Tag bam!
Count!
Setup!
Combine!
/broad/hptmp/ssimmons/scumi/pbmc2/Seqwell1/comb.1.fastq.gz
/broad/hptmp/ssimmons/scumi/pbmc2/Seqwell1/comb.2.fastq.gz
Subsamples!
Clean fastqs!
Merge Fastq!
Clean!
Run STAR!
Tag bam!
Count!
Setup!
Combine!
/broad/hptmp/ssimmons/scumi/pbmc2/Seqwell2/comb.1.fastq.gz
/broad/hptmp/ssimmons/scumi/pbmc2/Seqwell2/comb.2.fastq.gz
Subsamples!
Clean fastqs!
Merge Fastq!
Clean!
Run STAR!
Tag bam!
Count!
Opening /results.star_align.bam.featureCounts.count_feature.h5 in read-only mode
Done!
Opening /results.star_align.bam.featureCounts.count_feature.h5 in read-only mode
Done!
Opening /results.star_align.bam.featureCounts.count_feature.h5 in read-only mode
Done!
Opening /results.star_align.bam.featureCounts.count_feature.h5 in read-only mode
Done!
Opening /results.star_align.bam.featureCounts.count_feature.h5 in read-only mode
Done!
Opening /results.star_align.bam.featureCounts.count_feature.h5 in read-only mode
Done!
Opening /results.star_align.bam.featureCounts.count_feature.h5 in read-only mode
Done!
Opening /results.star_align.bam.featureCounts.count_feature.h5 in read-only mode
Done!
/broad/hptmp/ssimmons/scumi/pbmc2/Drop_2
Setup!/broad/hptmp/ssimmons/scumi/pbmc2/V2R1_2
Setup!
omb.1.fastq.gz
/broad/hptmp/ssimmons/scumi/pbmc2/10X/comb.2.fastq.gz
Subsamples!
Clean fastqs!
Merge Fastq!
Clean!
Run STAR!
Tag bam!
Count!
Combine!
/broad/hptmp/ssimmons/scumi/pbmc2/Drop/comb.1.fastq.gz
/broad/hptmp/ssimmons/scumi/pbmc2/Drop/comb.2.fastq.gz
Subsamples!
Clean fastqs!
Merge Fastq!
Clean!
Run STAR!
Tag bam!
Count!
/broad/hptmp/ssimmons/scumi/pbmc2/V2R1/comb.1.fastq.gz
/broad/hptmp/ssimmons/scumi/pbmc2/V2R1/comb.2.fastq.gz
Subsamples!
Clean fastqs!
Merge Fastq!
Clean!
Run STAR!
Tag bam!
Count!
/broad/hptmp/ssimmons/scumi/pbmc2/V1R1_2
Setup!
Combine!
/broad/hptmp/ssimmons/scumi/pbmc2/V1R1/comb.1.fastq.gz
/broad/hptmp/ssimmons/scumi/pbmc2/V1R1/comb.2.fastq.gz
Subsamples!
Clean fastqs!
Merge Fastq!
Clean!
Run STAR!
Tag bam!
Count!
/broad/hptmp/ssimmons/scumi/pbmc2/V2R2_2
Setup!
Combine!
/broad/hptmp/ssimmons/scumi/pbmc2/V2R2/comb.1.fastq.gz
/broad/hptmp/ssimmons/scumi/pbmc2/V2R2/comb.2.fastq.gz
Subsamples!
Clean fastqs!
Merge Fastq!
Clean!
Run STAR!
Tag bam!
Count!
/broad/hptmp/ssimmons/scumi/pbmc2/V1R2_2
Setup!
Combine!
/broad/hptmp/ssimmons/scumi/pbmc2/V1R2/comb.1.fastq.gz
/broad/hptmp/ssimmons/scumi/pbmc2/V1R2/comb.2.fastq.gz
Subsamples!
Clean fastqs!
Merge Fastq!
Clean!
Run STAR!
Tag bam!
Count!
/broad/hptmp/ssimmons/scumi/pbmc2/Seqwell1_2
Setup!
Combine!
/broad/hptmp/ssimmons/scumi/pbmc2/Seqwell1/comb.1.fastq.gz
/broad/hptmp/ssimmons/scumi/pbmc2/Seqwell1/comb.2.fastq.gz
Subsamples!
Clean fastqs!
Merge Fastq!
Clean!
Run STAR!
Tag bam!
Count!
/broad/hptmp/ssimmons/scumi/pbmc2/Seqwell2_2
Setup!
Combine!
/broad/hptmp/ssimmons/scumi/pbmc2/Seqwell2/comb.1.fastq.gz
/broad/hptmp/ssimmons/scumi/pbmc2/Seqwell2/comb.2.fastq.gz
Subsamples!
Clean fastqs!
Merge Fastq!
Clean!
Run STAR!
Tag bam!
Count!
Done!
Done!
Done!
Done!
Done!
Done!
Done!
Done!
/broad/hptmp/ssimmons/scumi/pbmc1/10X_2
Setup!
Combine!
/broad/hptmp/ssimmons/scumi/pbmc1/10X/comb.1.fastq.gz
/broad/hptmp/ssimmons/scumi/pbmc1/10X/comb.2.fastq.gz
Subsamples!
Clean fastqs!
Merge Fastq!
Clean!
Run STAR!
Tag bam!
Count!
/broad/hptmp/ssimmons/scumi/pbmc1/Drop_2
Setup!
Combine!
/broad/hptmp/ssimmons/scumi/pbmc1/Drop/comb.1.fastq.gz
/broad/hptmp/ssimmons/scumi/pbmc1/Drop/comb.2.fastq.gz
Subsamples!
Clean fastqs!
Merge Fastq!
Clean!
Run STAR!
Tag bam!
Count!
/broad/hptmp/ssimmons/scumi/pbmc1/Seqwell_2
Setup!
Combine!
/broad/hptmp/ssimmons/scumi/pbmc1/Seqwell/comb.1.fastq.gz
/broad/hptmp/ssimmons/scumi/pbmc1/Seqwell/comb.2.fastq.gz
Subsamples!
Clean fastqs!
Merge Fastq!
Clean!
Run STAR!
Tag bam!
Count!
Done!
Done!
Done!
_3
Setup!
/broad/hptmp/ssimmons/scumi/pbmc2/V1R1_3
Setup!
Combine!
/broad/hptmp/ssimmons/scumi/pbmc2/V1R1/comb.1.fastq.gz
/broad/hptmp/ssimmons/scumi/pbmc2/V1R1/comb.2.fastq.gz
Subsamples!
Clean fastqs!
Merge Fastq!
Clean!
Run STAR!
Tag bam!
Count!
/broad/hptmp/ssimmons/scumi/pbmc2/V1R2_3
Setup!
Combine!
/broad/hptmp/ssimmons/scumi/pbmc2/V1R2/comb.1.fastq.gz
/broad/hptmp/ssimmons/scumi/pbmc2/V1R2/comb.2.fastq.gz
Subsamples!
Clean fastqs!
Merge Fastq!
Clean!
Run STAR!
Tag bam!
Count!
Done!
Done!
