Setup!
Combine!
/broad/hptmp/ssimmons/scumi/pbmc1/Celseq1/comb.1.fastq.gz
/broad/hptmp/ssimmons/scumi/pbmc1/Celseq1/comb.2.fastq.gz
Subsamples!
Wed Oct 10 13:41:05 EDT 2018
Setup!
Combine!
/broad/hptmp/ssimmons/scumi/pbmc1/Celseq2/comb.1.fastq.gz
/broad/hptmp/ssimmons/scumi/pbmc1/Celseq2/comb.2.fastq.gz
Subsamples!
Wed Oct 10 13:43:42 EDT 2018
Setup!
Combine!
/broad/hptmp/ssimmons/scumi/pbmc1/Celseq3/comb.1.fastq.gz
/broad/hptmp/ssimmons/scumi/pbmc1/Celseq3/comb.2.fastq.gz
Setup!
Combine!
/broad/hptmp/ssimmons/scumi/pbmc1/Celseq4/comb.1.fastq.gz
/broad/hptmp/ssimmons/scumi/pbmc1/Celseq4/comb.2.fastq.gz
Subsamples!
Wed Oct 10 14:02:55 EDT 2018
Subsamples!
Wed Oct 10 14:03:51 EDT 2018
Merge Fastq!
Wed Oct 10 14:27:46 EDT 2018
Merge Fastq!
Wed Oct 10 14:32:14 EDT 2018
Merge Fastq!
Wed Oct 10 14:45:14 EDT 2018
Merge Fastq!
Wed Oct 10 14:45:22 EDT 2018
Run Hisat!
Wed Oct 10 20:50:23 EDT 2018
Run Hisat!
Wed Oct 10 21:28:37 EDT 2018
Run Hisat!
Wed Oct 10 21:44:36 EDT 2018
Run Hisat!
Wed Oct 10 21:45:14 EDT 2018
Tag bam!
Thu Oct 11 02:08:49 EDT 2018
/ahg/regevdata/projects/sc_compare/software/subread-1.6.2-Linux-x86_64/bin//featureCounts -g gene_id -t exon -R BAM -T 1 -F GTF -a /seq/regev_genome_portal/SOFTWARE/10X/refdata-cellranger-1.2.0/refdata-cellranger-GRCh38-1.2.0/genes/genes.gtf -s 1 -M -o /broad/hptmp/ssimmons/scumi/pbmc1/Celseq3/results.star_align.bam.annotation /broad/hptmp/ssimmons/scumi/pbmc1/Celseq3/results.star_align.bam 

Annotating features done successfully, taking 26.970 minutes
Count!
Thu Oct 11 02:36:12 EDT 2018
Done!
Tag bam!
Thu Oct 11 04:04:22 EDT 2018
Tag bam!
Thu Oct 11 04:36:47 EDT 2018
/ahg/regevdata/projects/sc_compare/software/subread-1.6.2-Linux-x86_64/bin//featureCounts -g gene_id -t exon -R BAM -T 1 -F GTF -a /seq/regev_genome_portal/SOFTWARE/10X/refdata-cellranger-1.2.0/refdata-cellranger-GRCh38-1.2.0/genes/genes.gtf -s 1 -M -o /broad/hptmp/ssimmons/scumi/pbmc1/Celseq1/results.star_align.bam.annotation /broad/hptmp/ssimmons/scumi/pbmc1/Celseq1/results.star_align.bam 

Annotating features done successfully, taking 33.632 minutes
Count!
Thu Oct 11 04:38:28 EDT 2018
Tag bam!
Thu Oct 11 04:38:30 EDT 2018
/ahg/regevdata/projects/sc_compare/software/subread-1.6.2-Linux-x86_64/bin//featureCounts -g gene_id -t exon -R BAM -T 1 -F GTF -a /seq/regev_genome_portal/SOFTWARE/10X/refdata-cellranger-1.2.0/refdata-cellranger-GRCh38-1.2.0/genes/genes.gtf -s 1 -M -o /broad/hptmp/ssimmons/scumi/pbmc1/Celseq4/results.star_align.bam.annotation /broad/hptmp/ssimmons/scumi/pbmc1/Celseq4/results.star_align.bam 

Annotating features done successfully, taking 30.679 minutes
Count!
gevdata/projects/sc_compare/software/subread-1.6.2-Linux-x86_64/bin//featureCounts -g gene_id -t exon -R BAM -T 1 -F GTF -a /seq/regev_genome_portal/SOFTWARE/10X/refdata-cellranger-1.2.0/refdata-cellranger-GRCh38-1.2.0/genes/genes.gtf -s 1 -M -o /broad/hptmp/ssimmons/scumi/pbmc1/Celseq2/results.star_align.bam.annotation /broad/hptmp/ssimmons/scumi/pbmc1/Celseq2/results.star_align.bam 

Annotating features done successfully, taking 32.012 minutes
Count!
Thu Oct 11 05:09:16 EDT 2018
Thu Oct 11 05:09:17 EDT 2018
Done!
Done!
Done!
Setup!
Combine!
/broad/hptmp/ssimmons/scumi/pbmc2/Celseq1/comb.1.fastq.gz
/broad/hptmp/ssimmons/scumi/pbmc2/Celseq1/comb.2.fastq.gz
Setup!
Combine!
/broad/hptmp/ssimmons/scumi/pbmc2/Celseq2/comb.1.fastq.gz
/broad/hptmp/ssimmons/scumi/pbmc2/Celseq2/comb.2.fastq.gz
Subsamples!
Thu Oct 11 17:37:52 EDT 2018
Subsamples!
Thu Oct 11 17:38:14 EDT 2018
Merge Fastq!
Thu Oct 11 18:10:41 EDT 2018
Merge Fastq!
Thu Oct 11 18:11:12 EDT 2018
Setup!
Combine!
/broad/hptmp/ssimmons/scumi/pbmc2/Celseq3/comb.1.fastq.gz
/broad/hptmp/ssimmons/scumi/pbmc2/Celseq3/comb.2.fastq.gz
Subsamples!
Thu Oct 11 18:15:16 EDT 2018
Merge Fastq!
Thu Oct 11 18:52:31 EDT 2018
Setup!
Combine!
/broad/hptmp/ssimmons/scumi/pbmc2/Celseq4/comb.1.fastq.gz
/broad/hptmp/ssimmons/scumi/pbmc2/Celseq4/comb.2.fastq.gz
Subsamples!
Thu Oct 11 21:58:47 EDT 2018
Merge Fastq!
Thu Oct 11 22:29:25 EDT 2018
Run Hisat!
Thu Oct 11 22:33:06 EDT 2018
Run Hisat!
Thu Oct 11 23:24:24 EDT 2018
Run Hisat!
Fri Oct 12 00:40:40 EDT 2018
Tag bam!
Fri Oct 12 02:28:57 EDT 2018
/ahg/regevdata/projects/sc_compare/software/subread-1.6.2-Linux-x86_64/bin//featureCounts -g gene_id -t exon -R BAM -T 1 -F GTF -a /seq/regev_genome_portal/SOFTWARE/10X/refdata-cellranger-1.2.0/refdata-cellranger-GRCh38-1.2.0/genes/genes.gtf -s 1 -M -o /broad/hptmp/ssimmons/scumi/pbmc2/Celseq2/results.star_align.bam.annotation /broad/hptmp/ssimmons/scumi/pbmc2/Celseq2/results.star_align.bam 

Annotating features done successfully, taking 18.145 minutes
Count!
Fri Oct 12 02:47:35 EDT 2018
Run Hisat!
Fri Oct 12 03:13:02 EDT 2018
Done!
Tag bam!
Fri Oct 12 03:54:13 EDT 2018
/ahg/regevdata/projects/sc_compare/software/subread-1.6.2-Linux-x86_64/bin//featureCounts -g gene_id -t exon -R BAM -T 1 -F GTF -a /seq/regev_genome_portal/SOFTWARE/10X/refdata-cellranger-1.2.0/refdata-cellranger-GRCh38-1.2.0/genes/genes.gtf -s 1 -M -o /broad/hptmp/ssimmons/scumi/pbmc2/Celseq1/results.star_align.bam.annotation /broad/hptmp/ssimmons/scumi/pbmc2/Celseq1/results.star_align.bam 

Annotating features done successfully, taking 20.891 minutes
Count!
Fri Oct 12 04:15:33 EDT 2018
Tag bam!
Fri Oct 12 05:36:18 EDT 2018
/ahg/regevdata/projects/sc_compare/software/subread-1.6.2-Linux-x86_64/bin//featureCounts -g gene_id -t exon -R BAM -T 1 -F GTF -a /seq/regev_genome_portal/SOFTWARE/10X/refdata-cellranger-1.2.0/refdata-cellranger-GRCh38-1.2.0/genes/genes.gtf -s 1 -M -o /broad/hptmp/ssimmons/scumi/pbmc2/Celseq3/results.star_align.bam.annotation /broad/hptmp/ssimmons/scumi/pbmc2/Celseq3/results.star_align.bam 

Annotating features done successfully, taking 22.428 minutes
Count!
Fri Oct 12 05:59:11 EDT 2018
Done!
Tag bam!
Fri Oct 12 07:40:33 EDT 2018
/ahg/regevdata/projects/sc_compare/software/subread-1.6.2-Linux-x86_64/bin//featureCounts -g gene_id -t exon -R BAM -T 1 -F GTF -a /seq/regev_genome_portal/SOFTWARE/10X/refdata-cellranger-1.2.0/refdata-cellranger-GRCh38-1.2.0/genes/genes.gtf -s 1 -M -o /broad/hptmp/ssimmons/scumi/pbmc2/Celseq4/results.star_align.bam.annotation /broad/hptmp/ssimmons/scumi/pbmc2/Celseq4/results.star_align.bam 

Annotating features done successfully, taking 19.934 minutes
Count!
Fri Oct 12 08:00:38 EDT 2018
Done!
Done!
Setup!
Combine!
/broad/hptmp/ssimmons/scumi/pbmc1/Celseq1/comb.1.fastq.gz
/broad/hptmp/ssimmons/scumi/pbmc1/Celseq1/comb.2.fastq.gz
Setup!
Combine!
/broad/hptmp/ssimmons/scumi/pbmc1/Celseq2/comb.1.fastq.gz
/broad/hptmp/ssimmons/scumi/pbmc1/Celseq2/comb.2.fastq.gz
Subsamples!
Thu Nov  8 15:06:09 EST 2018
Subsamples!
Thu Nov  8 15:06:21 EST 2018
Setup!
Combine!
/broad/hptmp/ssimmons/scumi/pbmc1/Celseq3/comb.1.fastq.gz
/broad/hptmp/ssimmons/scumi/pbmc1/Celseq3/comb.2.fastq.gz
Combine!
/broad/hptmp/ssimmons/scumi/pbmc1/Celseq4/comb.1.fastq.gz
/broad/hptmp/ssimmons/scumi/pbmc1/Celseq4/comb.2.fastq.gz
Setup!
Combine!
/broad/hptmp/ssimmons/scumi/pbmc1/Celseq1/comb.1.fastq.gz
/broad/hptmp/ssimmons/scumi/pbmc1/Celseq1/comb.2.fastq.gz
Merge Fastq!
Thu Nov  8 15:07:04 EST 2018
Subsamples!
Thu Nov  8 15:07:12 EST 2018
Subsamples!
Thu Nov  8 15:07:18 EST 2018
Subsamples!
Thu Nov  8 15:07:22 EST 2018
Setup!
Combine!
/broad/hptmp/ssimmons/scumi/pbmc1/Celseq2/comb.1.fastq.gz
/broad/hptmp/ssimmons/scumi/pbmc1/Celseq2/comb.2.fastq.gz
Setup!
Combine!
/broad/hptmp/ssimmons/scumi/pbmc1/Celseq3/comb.1.fastq.gz
/broad/hptmp/ssimmons/scumi/pbmc1/Celseq3/comb.2.fastq.gz
Merge Fastq!
Thu Nov  8 15:07:44 EST 2018
Merge Fastq!
Thu Nov  8 15:07:48 EST 2018
Subsamples!
Thu Nov  8 15:08:00 EST 2018
Subsamples!
Thu Nov  8 15:08:02 EST 2018
Run Hisat!
Thu Nov  8 15:09:35 EST 2018
Run Hisat!
Thu Nov  8 15:09:36 EST 2018
Setup!
Combine!
/broad/hptmp/ssimmons/scumi/pbmc1/Celseq4/comb.1.fastq.gz
/broad/hptmp/ssimmons/scumi/pbmc1/Celseq4/comb.2.fastq.gz
Run Hisat!
Thu Nov  8 15:10:33 EST 2018
Merge Fastq!
Thu Nov  8 15:10:34 EST 2018
Subsamples!
Thu Nov  8 15:10:49 EST 2018
Tag bam!
Thu Nov  8 15:11:24 EST 2018
Tag bam!
Thu Nov  8 15:11:54 EST 2018
/ahg/regevdata/projects/sc_compare/software/subread-1.6.2-Linux-x86_64/bin//featureCounts -g gene_id -t exon -R BAM -T 1 -F GTF -a /seq/regev_genome_portal/SOFTWARE/10X/refdata-cellranger-1.2.0/refdata-cellranger-GRCh38-1.2.0/genes/genes.gtf -s 1 -M -o /broad/hptmp/ssimmons/scumi/pbmc1/Celseq3/results.star_align.bam.annotation /broad/hptmp/ssimmons/scumi/pbmc1/Celseq3/results.star_align.bam 

Annotating features done successfully, taking 0.521 minutes
Count!
Thu Nov  8 15:11:58 EST 2018
/ahg/regevdata/projects/sc_compare/software/subread-1.6.2-Linux-x86_64/bin//featureCounts -g gene_id -t exon -R BAM -T 1 -F GTF -a /seq/regev_genome_portal/SOFTWARE/10X/refdata-cellranger-1.2.0/refdata-cellranger-GRCh38-1.2.0/genes/genes.gtf -s 1 -M -o /broad/hptmp/ssimmons/scumi/pbmc1/Celseq1/results.star_align.bam.annotation /broad/hptmp/ssimmons/scumi/pbmc1/Celseq1/results.star_align.bam 

Annotating features done successfully, taking 0.608 minutes
Count!
Thu Nov  8 15:12:33 EST 2018
Run Hisat!
Thu Nov  8 15:12:57 EST 2018
Done!
Tag bam!
Thu Nov  8 15:13:23 EST 2018
/ahg/regevdata/projects/sc_compare/software/subread-1.6.2-Linux-x86_64/bin//featureCounts -g gene_id -t exon -R BAM -T 1 -F GTF -a /seq/regev_genome_portal/SOFTWARE/10X/refdata-cellranger-1.2.0/refdata-cellranger-GRCh38-1.2.0/genes/genes.gtf -s 1 -M -o /broad/hptmp/ssimmons/scumi/pbmc1/Celseq2/results.star_align.bam.annotation /broad/hptmp/ssimmons/scumi/pbmc1/Celseq2/results.star_align.bam 

Annotating features done successfully, taking 0.466 minutes
Count!
Thu Nov  8 15:13:54 EST 2018
Done!
Done!
Tag bam!
Thu Nov  8 15:16:25 EST 2018
/ahg/regevdata/projects/sc_compare/software/subread-1.6.2-Linux-x86_64/bin//featureCounts -g gene_id -t exon -R BAM -T 1 -F GTF -a /seq/regev_genome_portal/SOFTWARE/10X/refdata-cellranger-1.2.0/refdata-cellranger-GRCh38-1.2.0/genes/genes.gtf -s 1 -M -o /broad/hptmp/ssimmons/scumi/pbmc1/Celseq4/results.star_align.bam.annotation /broad/hptmp/ssimmons/scumi/pbmc1/Celseq4/results.star_align.bam 

Annotating features done successfully, taking 0.393 minutes
Count!
Thu Nov  8 15:16:52 EST 2018
Done!
Setup!
Combine!
/broad/hptmp/ssimmons/scumi/pbmc2/Celseq1/comb.1.fastq.gz
/broad/hptmp/ssimmons/scumi/pbmc2/Celseq1/comb.2.fastq.gz
Setup!
Combine!
/broad/hptmp/ssimmons/scumi/pbmc2/Celseq2/comb.1.fastq.gz
/broad/hptmp/ssimmons/scumi/pbmc2/Celseq2/comb.2.fastq.gz
Setup!
Combine!
Combine!
/broad/hptmp/ssimmons/scumi/pbmc2/Celseq4/comb.1.fastq.gz
/broad/hptmp/ssimmons/scumi/pbmc2/Celseq4/comb.2.fastq.gz
Subsamples!
Thu Nov  8 15:29:36 EST 2018
Subsamples!
Thu Nov  8 15:29:40 EST 2018
Subsamples!
Thu Nov  8 15:29:45 EST 2018
Subsamples!
Thu Nov  8 15:29:48 EST 2018
Merge Fastq!
Thu Nov  8 15:50:38 EST 2018
Merge Fastq!
Thu Nov  8 15:51:35 EST 2018
Merge Fastq!
Thu Nov  8 15:52:14 EST 2018
Merge Fastq!
Thu Nov  8 15:54:38 EST 2018
Merge Fastq!
Thu Nov  8 15:58:52 EST 2018
Merge Fastq!
Thu Nov  8 15:59:36 EST 2018
Merge Fastq!
Thu Nov  8 16:07:40 EST 2018
Merge Fastq!
Thu Nov  8 16:10:28 EST 2018
Run Hisat!
Thu Nov  8 20:31:15 EST 2018
Run Hisat!
Thu Nov  8 20:37:26 EST 2018
Run Hisat!
Thu Nov  8 21:35:32 EST 2018
Run Hisat!
Thu Nov  8 21:53:01 EST 2018
Run Hisat!
Thu Nov  8 22:36:52 EST 2018
Run Hisat!
Thu Nov  8 22:37:31 EST 2018
Run Hisat!
Thu Nov  8 22:59:56 EST 2018
Run Hisat!
Thu Nov  8 23:43:46 EST 2018
Tag bam!
Fri Nov  9 00:49:26 EST 2018
Tag bam!
Fri Nov  9 00:50:23 EST 2018
/ahg/regevdata/projects/sc_compare/software/subread-1.6.2-Linux-x86_64/bin//featureCounts -g gene_id -t exon -R BAM -T 1 -F GTF -a /seq/regev_genome_portal/SOFTWARE/10X/refdata-cellranger-1.2.0/refdata-cellranger-GRCh38-1.2.0/genes/genes.gtf -s 1 -M -o /broad/hptmp/ssimmons/scumi/pbmc2/Celseq4/results.star_align.bam.annotation /broad/hptmp/ssimmons/scumi/pbmc2/Celseq4/results.star_align.bam 

Annotating features done successfully, taking 19.368 minutes
Count!
Fri Nov  9 01:09:15 EST 2018
/ahg/regevdata/projects/sc_compare/software/subread-1.6.2-Linux-x86_64/bin//featureCounts -g gene_id -t exon -R BAM -T 1 -F GTF -a /seq/regev_genome_portal/SOFTWARE/10X/refdata-cellranger-1.2.0/refdata-cellranger-GRCh38-1.2.0/genes/genes.gtf -s 1 -M -o /broad/hptmp/ssimmons/scumi/pbmc2/Celseq2/results.star_align.bam.annotation /broad/hptmp/ssimmons/scumi/pbmc2/Celseq2/results.star_align.bam 

Annotating features done successfully, taking 19.288 minutes
Count!
Fri Nov  9 01:09:46 EST 2018
Tag bam!
Fri Nov  9 02:21:37 EST 2018
Tag bam!
Fri Nov  9 02:41:05 EST 2018
/ahg/regevdata/projects/sc_compare/software/subread-1.6.2-Linux-x86_64/bin//featureCounts -g gene_id -t exon -R BAM -T 1 -F GTF -a /seq/regev_genome_portal/SOFTWARE/10X/refdata-cellranger-1.2.0/refdata-cellranger-GRCh38-1.2.0/genes/genes.gtf -s 1 -M -o /broad/hptmp/ssimmons/scumi/pbmc2/Celseq1/results.star_align.bam.annotation /broad/hptmp/ssimmons/scumi/pbmc2/Celseq1/results.star_align.bam 

Annotating features done successfully, taking 22.337 minutes
Count!
Fri Nov  9 02:44:06 EST 2018
Done!
Done!
/ahg/regevdata/projects/sc_compare/software/subread-1.6.2-Linux-x86_64/bin//featureCounts -g gene_id -t exon -R BAM -T 1 -F GTF -a /seq/regev_genome_portal/SOFTWARE/10X/refdata-cellranger-1.2.0/refdata-cellranger-GRCh38-1.2.0/genes/genes.gtf -s 1 -M -o /broad/hptmp/ssimmons/scumi/pbmc2/Celseq3/results.star_align.bam.annotation /broad/hptmp/ssimmons/scumi/pbmc2/Celseq3/results.star_align.bam 

Annotating features done successfully, taking 22.380 minutes
Count!
Fri Nov  9 03:03:34 EST 2018
Done!
Tag bam!
Fri Nov  9 04:04:49 EST 2018
Done!
/ahg/regevdata/projects/sc_compare/software/subread-1.6.2-Linux-x86_64/bin//featureCounts -g gene_id -t exon -R BAM -T 1 -F GTF -a /seq/regev_genome_portal/SOFTWARE/10X/refdata-cellranger-1.2.0/refdata-cellranger-GRCh38-1.2.0/genes/genes.gtf -s 1 -M -o /broad/hptmp/ssimmons/scumi/pbmc1/Celseq3/results.star_align.bam.annotation /broad/hptmp/ssimmons/scumi/pbmc1/Celseq3/results.star_align.bam 

Annotating features done successfully, taking 28.726 minutes
Count!
Fri Nov  9 04:33:42 EST 2018
Tag bam!
Fri Nov  9 05:10:22 EST 2018
/ahg/regevdata/projects/sc_compare/software/subread-1.6.2-Linux-x86_64/bin//featureCounts -g gene_id -t exon -R BAM -T 1 -F GTF -a /seq/regev_genome_portal/SOFTWARE/10X/refdata-cellranger-1.2.0/refdata-cellranger-GRCh38-1.2.0/genes/genes.gtf -s 1 -M -o /broad/hptmp/ssimmons/scumi/pbmc1/Celseq4/results.star_align.bam.annotation /broad/hptmp/ssimmons/scumi/pbmc1/Celseq4/results.star_align.bam 

Annotating features done successfully, taking 29.723 minutes
Count!
Fri Nov  9 05:40:10 EST 2018
Tag bam!
Fri Nov  9 05:41:54 EST 2018
Done!
/ahg/regevdata/projects/sc_compare/software/subread-1.6.2-Linux-x86_64/bin//featureCounts -g gene_id -t exon -R BAM -T 1 -F GTF -a /seq/regev_genome_portal/SOFTWARE/10X/refdata-cellranger-1.2.0/refdata-cellranger-GRCh38-1.2.0/genes/genes.gtf -s 1 -M -o /broad/hptmp/ssimmons/scumi/pbmc1/Celseq2/results.star_align.bam.annotation /broad/hptmp/ssimmons/scumi/pbmc1/Celseq2/results.star_align.bam 

Annotating features done successfully, taking 32.201 minutes
Count!
Fri Nov  9 06:14:13 EST 2018
Tag bam!
Fri Nov  9 06:34:31 EST 2018
/ahg/regevdata/projects/sc_compare/software/subread-1.6.2-Linux-x86_64/bin//featureCounts -g gene_id -t exon -R BAM -T 1 -F GTF -a /seq/regev_genome_portal/SOFTWARE/10X/refdata-cellranger-1.2.0/refdata-cellranger-GRCh38-1.2.0/genes/genes.gtf -s 1 -M -o /broad/hptmp/ssimmons/scumi/pbmc1/Celseq1/results.star_align.bam.annotation /broad/hptmp/ssimmons/scumi/pbmc1/Celseq1/results.star_align.bam 

Annotating features done successfully, taking 34.915 minutes
Count!
Fri Nov  9 07:09:30 EST 2018
Done!
Done!
Done!
