Setup!
Combine!
/broad/hptmp/ssimmons/scumi/pbmc2/Drop/comb.1.fastq.gz
/broad/hptmp/ssimmons/scumi/pbmc2/Drop/comb.2.fastq.gz
Setup!
Combine!
/broad/hptmp/ssimmons/scumi/pbmc2/10X/comb.1.fastq.gz
/broad/hptmp/ssimmons/scumi/pbmc2/10X/comb.2.fastq.gz
Subsamples!
Subsamples!
Setup!
Combine!
/broad/hptmp/ssimmons/scumi/pbmc2/V2R1/comb.1.fastq.gz
/broad/hptmp/ssimmons/scumi/pbmc2/V2R1/comb.2.fastq.gz
Setup!
Combine!
/broad/hptmp/ssimmons/scumi/pbmc2/V1R1/comb.1.fastq.gz
/broad/hptmp/ssimmons/scumi/pbmc2/V1R1/comb.2.fastq.gz
Subsamples!
Subsamples!
Clean fastqs!
Merge Fastq!
Setup!
Combine!
/broad/hptmp/ssimmons/scumi/pbmc2/V2R2/comb.1.fastq.gz
/broad/hptmp/ssimmons/scumi/pbmc2/V2R2/comb.2.fastq.gz
Setup!
Combine!
/broad/hptmp/ssimmons/scumi/pbmc2/V1R2/comb.1.fastq.gz
/broad/hptmp/ssimmons/scumi/pbmc2/V1R2/comb.2.fastq.gz
Subsamples!
Subsamples!
Clean fastqs!
Merge Fastq!
Setup!
Combine!
/broad/hptmp/ssimmons/scumi/pbmc2/Seqwell1/comb.1.fastq.gz
/broad/hptmp/ssimmons/scumi/pbmc2/Seqwell1/comb.2.fastq.gz
Setup!
Combine!
/broad/hptmp/ssimmons/scumi/pbmc2/Seqwell2/comb.1.fastq.gz
/broad/hptmp/ssimmons/scumi/pbmc2/Seqwell2/comb.2.fastq.gz
Subsamples!
Subsamples!
Clean fastqs!
Merge Fastq!
Clean fastqs!
Merge Fastq!
Clean fastqs!
Merge Fastq!
Clean fastqs!
Merge Fastq!
Clean fastqs!
Merge Fastq!
Clean fastqs!
Merge Fastq!
Clean!
Run STAR!
Clean!
Run STAR!
Tag bam!
/ahg/regevdata/projects/sc_compare/software/subread-1.6.2-Linux-x86_64/bin//featureCounts -g gene_id -t exon -R BAM -T 1 -F GTF -a /seq/regev_genome_portal/SOFTWARE/10X/refdata-cellranger-1.2.0/refdata-cellranger-GRCh38-1.2.0/genes/genes.gtf -s 1 -M -o /broad/hptmp/ssimmons/scumi/pbmc2/Seqwell2/results.star_align.bam.annotation /broad/hptmp/ssimmons/scumi/pbmc2/Seqwell2/results.star_align.bam 

Annotating features done successfully, taking 5.217 minutes
Count!
Done!
Clean!
Run STAR!
Clean!
Run STAR!
Tag bam!
/ahg/regevdata/projects/sc_compare/software/subread-1.6.2-Linux-x86_64/bin//featureCounts -g gene_id -t exon -R BAM -T 1 -F GTF -a /seq/regev_genome_portal/SOFTWARE/10X/refdata-cellranger-1.2.0/refdata-cellranger-GRCh38-1.2.0/genes/genes.gtf -s 1 -M -o /broad/hptmp/ssimmons/scumi/pbmc2/Seqwell1/results.star_align.bam.annotation /broad/hptmp/ssimmons/scumi/pbmc2/Seqwell1/results.star_align.bam 

Annotating features done successfully, taking 8.650 minutes
Count!
Done!
Tag bam!
Clean!
Run STAR!
/ahg/regevdata/projects/sc_compare/software/subread-1.6.2-Linux-x86_64/bin//featureCounts -g gene_id -t exon -R BAM -T 1 -F GTF -a /seq/regev_genome_portal/SOFTWARE/10X/refdata-cellranger-1.2.0/refdata-cellranger-GRCh38-1.2.0/genes/genes.gtf -s 1 -M -o /broad/hptmp/ssimmons/scumi/pbmc2/V1R2/results.star_align.bam.annotation /broad/hptmp/ssimmons/scumi/pbmc2/V1R2/results.star_align.bam 

Annotating features done successfully, taking 15.227 minutes
Count!
Done!
Clean!
Run STAR!
Tag bam!
/ahg/regevdata/projects/sc_compare/software/subread-1.6.2-Linux-x86_64/bin//featureCounts -g gene_id -t exon -R BAM -T 1 -F GTF -a /seq/regev_genome_portal/SOFTWARE/10X/refdata-cellranger-1.2.0/refdata-cellranger-GRCh38-1.2.0/genes/genes.gtf -s 1 -M -o /broad/hptmp/ssimmons/scumi/pbmc2/V1R1/results.star_align.bam.annotation /broad/hptmp/ssimmons/scumi/pbmc2/V1R1/results.star_align.bam 

Annotating features done successfully, taking 22.236 minutes
Count!
Done!
Clean!
Run STAR!
Clean!
Run STAR!
Tag bam!
/ahg/regevdata/projects/sc_compare/software/subread-1.6.2-Linux-x86_64/bin//featureCounts -g gene_id -t exon -R BAM -T 1 -F GTF -a /seq/regev_genome_portal/SOFTWARE/10X/refdata-cellranger-1.2.0/refdata-cellranger-GRCh38-1.2.0/genes/genes.gtf -s 1 -M -o /broad/hptmp/ssimmons/scumi/pbmc2/V2R2/results.star_align.bam.annotation /broad/hptmp/ssimmons/scumi/pbmc2/V2R2/results.star_align.bam 

Annotating features done successfully, taking 29.043 minutes
Count!
Done!
Tag bam!
/ahg/regevdata/projects/sc_compare/software/subread-1.6.2-Linux-x86_64/bin//featureCounts -g gene_id -t exon -R BAM -T 1 -F GTF -a /seq/regev_genome_portal/SOFTWARE/10X/refdata-cellranger-1.2.0/refdata-cellranger-GRCh38-1.2.0/genes/genes.gtf -s 1 -M -o /broad/hptmp/ssimmons/scumi/pbmc2/V2R1/results.star_align.bam.annotation /broad/hptmp/ssimmons/scumi/pbmc2/V2R1/results.star_align.bam 

Annotating features done successfully, taking 36.042 minutes
Count!
Done!
Tag bam!
/ahg/regevdata/projects/sc_compare/software/subread-1.6.2-Linux-x86_64/bin//featureCounts -g gene_id -t exon -R BAM -T 1 -F GTF -a /seq/regev_genome_portal/SOFTWARE/10X/refdata-cellranger-1.2.0/refdata-cellranger-GRCh38-1.2.0/genes/genes.gtf -s 1 -M -o /broad/hptmp/ssimmons/scumi/pbmc2/10X/results.star_align.bam.annotation /broad/hptmp/ssimmons/scumi/pbmc2/10X/results.star_align.bam 

Annotating features done successfully, taking 50.427 minutes
Count!
Done!
Tag bam!
/ahg/regevdata/projects/sc_compare/software/subread-1.6.2-Linux-x86_64/bin//featureCounts -g gene_id -t exon -R BAM -T 1 -F GTF -a /seq/regev_genome_portal/SOFTWARE/10X/refdata-cellranger-1.2.0/refdata-cellranger-GRCh38-1.2.0/genes/genes.gtf -s 1 -M -o /broad/hptmp/ssimmons/scumi/pbmc2/Drop/results.star_align.bam.annotation /broad/hptmp/ssimmons/scumi/pbmc2/Drop/results.star_align.bam 

Annotating features done successfully, taking 60.489 minutes
Count!
Done!
