Setup!
Combine!
/broad/hptmp/ssimmons/scumi/pbmc2/V1R1_rerun/comb.1.fastq.gz
/broad/hptmp/ssimmons/scumi/pbmc2/V1R1_rerun/comb.2.fastq.gz
Combine!
/broad/hptmp/ssimmons/scumi/pbmc2/V1R2_rerun/comb.1.fastq.gz
/broad/hptmp/ssimmons/scumi/pbmc2/V1R2_rerun/comb.2.fastq.gz
Subsamples!
Clean fastqs!
Merge Fastq!
Subsamples!
Clean fastqs!
Merge Fastq!
Clean!
Run STAR!
Clean!
Run STAR!
Tag bam!
/ahg/regevdata/projects/sc_compare/software/subread-1.6.2-Linux-x86_64/bin//featureCounts -g gene_id -t exon -R BAM -T 1 -F GTF -a /seq/regev_genome_portal/SOFTWARE/10X/refdata-cellranger-1.2.0/refdata-cellranger-GRCh38-1.2.0/genes/genes.gtf -s 1 -M -o /broad/hptmp/ssimmons/scumi/pbmc2/V1R2_rerun/results.star_align.bam.annotation /broad/hptmp/ssimmons/scumi/pbmc2/V1R2_rerun/results.star_align.bam 

Annotating features done successfully, taking 12.308 minutes
Count!
Done!
