2018-09-26 13:05:38,067: INFO: Cell barcode in configure file
2018-09-26 13:05:38,068: INFO: UMI in config file
2018-09-26 13:07:05,096: INFO: Processed 320,000 reads!
2018-09-26 13:07:59,629: INFO: Cell barcode in configure file
2018-09-26 13:07:59,631: INFO: UMI in config file
2018-09-26 13:08:32,697: INFO: Processed 640,000 reads!
2018-09-26 13:10:00,525: INFO: Processed 960,000 reads!
2018-09-26 13:11:47,162: INFO: Processed 640,000 reads!
!
2018-09-26 13:12:52,854: INFO: Processed 1,600,000 reads!
2018-09-26 13:13:39,641: INFO: Processed 960,000 reads!
2018-09-26 13:14:15,956: INFO: Processed 1,920,000 reads!
2018-09-26 13:15:41,501: INFO: Processed 2,240,000 reads!
2018-09-26 13:17:16,460: INFO: Processed 1,600,000 reads!
2018-09-26 13:19:06,100: INFO: Processed 1,920,000 reads!
2018-09-26 13:20:03,614: INFO: Processed 3,200,000 reads!
2018-09-26 13:20:58,801: INFO: Processed 2,240,000 reads!
2018-09-26 13:21:29,535: INFO: Processed 3,520,000 reads!
2018-09-26 13:22:53,308: INFO: Processed 3,840,000 reads!
2018-09-26 13:24:42,235: INFO: Processed 2,880,000 reads!
2018-09-26 13:25:45,164: INFO: Processed 4,480,000 reads!
2018-09-26 13:26:30,422: INFO: Processed 3,200,000 reads!
2018-09-26 13:27:13,240: INFO: Processed 4,800,000 reads!
2018-09-26 13:28:40,691: INFO: Processed 5,120,000 reads!
2018-09-26 13:30:10,411: INFO: Processed 3,840,000 reads!
2018-09-26 13:31:31,918: INFO: Processed 5,760,000 reads!
2018-09-26 13:32:03,442: INFO: Processed 4,160,000 reads!
2018-09-26 13:32:56,796: INFO: Processed 6,080,000 reads!
2018-09-26 13:34:23,940: INFO: Processed 6,400,000 reads!
2018-09-26 13:35:51,776: INFO: Processed 6,720,000 reads!
2018-09-26 13:37:32,571: INFO: Processed 5,120,000 reads!
2018-09-26 13:38:46,442: INFO: Processed 7,360,000 reads!
2018-09-26 13:39:25,100: INFO: Processed 5,440,000 reads!
2018-09-26 13:40:11,812: INFO: Processed 7,680,000 reads!
2018-09-26 13:41:34,800: INFO: Processed 8,000,000 reads!
2018-09-26 13:43:14,535: INFO: Processed 6,080,000 reads!
2018-09-26 13:44:27,931: INFO: Processed 8,640,000 reads!
2018-09-26 13:45:04,393: INFO: Processed 6,400,000 reads!
2018-09-26 13:45:55,457: INFO: Processed 8,960,000 reads!
2018-09-26 13:47:21,461: INFO: Processed 9,280,000 reads!
2018-09-26 13:48:46,258: INFO: Processed 9,600,000 reads!
2018-09-26 13:50:09,224: INFO: Processed 9,920,000 reads!
2018-09-26 13:50:39,689: INFO: Processed 7,360,000 reads!
2018-09-26 13:51:35,391: INFO: Processed 10,240,000 reads!
2018-09-26 13:52:33,285: INFO: Processed 7,680,000 reads!
2018-09-26 13:53:03,775: INFO: Processed 10,560,000 reads!
2018-09-26 13:54:31,711: INFO: Processed 10,880,000 reads!
2018-09-26 13:55:58,261: INFO: Processed 11,200,000 reads!
le
2018-09-26 13:55:49,771: INFO: UMI in config file
2018-09-26 13:56:11,382: INFO: Processed 8,320,000 reads!
2018-09-26 13:57:41,933: INFO: Processed 320,000 reads!
s!
2018-09-26 13:58:03,251: INFO: Processed 8,640,000 reads!
2018-09-26 13:58:44,983: INFO: Processed 11,840,000 reads!
2018-09-26 13:59:35,489: INFO: Processed 640,000 reads!
2018-09-26 13:59:58,316: INFO: Processed 8,960,000 reads!
2018-09-26 14:00:07,782: INFO: Processed 12,160,000 reads!
2018-09-26 14:01:34,693: INFO: Processed 12,480,000 reads!
8-09-26 14:01:51,212: INFO: Processed 9,280,000 reads!
2018-09-26 14:03:21,292: INFO: Processed 1,280,000 reads!

2018-09-26 14:03:42,030: INFO: Processed 9,600,000 reads!
2018-09-26 14:04:29,442: INFO: Processed 13,120,000 reads!
2018-09-26 14:05:09,106: INFO: Processed 1,600,000 reads!
2018-09-26 14:05:27,720: INFO: Processed 9,920,000 reads!
2018-09-26 14:05:55,992: INFO: Processed 13,440,000 reads!
2018-09-26 14:06:57,258: INFO: Processed 1,920,000 reads!
2018-09-26 14:07:20,273: INFO: Processed 13,760,000 reads!
2018-09-26 14:08:44,455: INFO: Processed 14,080,000 reads!2018-09-26 14:09:06,686: INFO: Processed 10,560,000 reads!
2018-09-26 14:10:10,626: INFO: Processed 14,400,000 reads!
2018-09-26 14:10:43,382: INFO: Processed 2,560,000 reads!
2018-09-26 14:10:59,836: INFO: Processed 10,880,000 reads!
2018-09-26 14:11:38,103: INFO: Processed 14,720,000 reads!
2018-09-26 14:12:35,183: INFO: Processed 2,880,000 reads!
2018-09-26 14:12:51,913: INFO: Processed 11,200,000 reads!
2018-09-26 14:13:05,539: INFO: Processed 15,040,000 reads!
2018-09-26 14:14:32,360: INFO: Processed 15,360,000 reads!
018-09-26 14:14:41,837: INFO: Processed 11,520,000 reads!
2018-09-26 14:16:11,672: INFO: Processed 3,520,000 reads!

2018-09-26 14:16:30,833: INFO: Processed 11,840,000 reads!
2018-09-26 14:17:19,724: INFO: Processed 16,000,000 reads!
2018-09-26 14:18:01,832: INFO: Processed 3,840,000 reads!
2018-09-26 14:18:21,659: INFO: Processed 12,160,000 reads!
2018-09-26 14:18:45,340: INFO: Processed 16,320,000 reads!
2018-09-26 14:20:12,236: INFO: Processed 16,640,000 reads!
018-09-26 14:20:14,727: INFO: Processed 12,480,000 reads!
2018-09-26 14:21:39,488: INFO: Processed 16,960,000 reads!2018-09-26 14:22:06,629: INFO: Processed 12,800,000 reads!
2018-09-26 14:23:05,891: INFO: Processed 17,280,000 reads!
2018-09-26 14:23:39,793: INFO: Processed 4,800,000 reads!
2018-09-26 14:23:57,311: INFO: Processed 13,120,000 reads!
2018-09-26 14:24:30,653: INFO: Processed 17,600,000 reads!
2018-09-26 14:25:29,010: INFO: Processed 5,120,000 reads!
2018-09-26 14:25:53,056: INFO: Processed 17,920,000 reads!
2018-09-26 14:27:17,052: INFO: Processed 18,240,000 reads!2018-09-26 14:27:35,206: INFO: Processed 13,760,000 reads!
2018-09-26 14:29:09,931: INFO: Processed 5,760,000 reads!

2018-09-26 14:29:28,269: INFO: Processed 14,080,000 reads!
2018-09-26 14:30:11,206: INFO: Processed 18,880,000 reads!
2018-09-26 14:31:03,345: INFO: Processed 6,080,000 reads!
2018-09-26 14:31:21,067: INFO: Processed 14,400,000 reads!
2018-09-26 14:31:38,048: INFO: Processed 19,200,000 reads!
2018-09-26 14:33:03,233: INFO: Processed 19,520,000 reads!
018-09-26 14:33:11,937: INFO: Processed 14,720,000 reads!
2018-09-26 14:34:45,484: INFO: Processed 6,720,000 reads!

2018-09-26 14:34:58,671: INFO: Processed 15,040,000 reads!
2018-09-26 14:35:46,477: INFO: Processed 20,160,000 reads!
2018-09-26 14:36:32,491: INFO: Processed 7,040,000 reads!
2018-09-26 14:36:47,696: INFO: Processed 15,360,000 reads!
2018-09-26 14:37:12,565: INFO: Processed 20,480,000 reads!
2018-09-26 14:38:40,475: INFO: Processed 20,800,000 reads!
018-09-26 14:38:40,865: INFO: Processed 15,680,000 reads!
2018-09-26 14:40:08,557: INFO: Processed 21,120,000 reads!2018-09-26 14:40:34,074: INFO: Processed 16,000,000 reads!
2018-09-26 14:41:34,614: INFO: Processed 21,440,000 reads!
2018-09-26 14:42:05,363: INFO: Processed 8,000,000 reads!
2018-09-26 14:42:24,733: INFO: Processed 16,320,000 reads!
2018-09-26 14:42:59,174: INFO: Processed 21,760,000 reads!
2018-09-26 14:43:56,600: INFO: Processed 8,320,000 reads!
2018-09-26 14:44:20,653: INFO: Processed 22,080,000 reads!
2018-09-26 14:45:45,553: INFO: Processed 22,400,000 reads!
018-09-26 14:45:54,544: INFO: Processed 16,960,000 reads!
2018-09-26 14:47:30,866: INFO: Processed 8,960,000 reads!

2018-09-26 14:47:46,407: INFO: Processed 17,280,000 reads!
2018-09-26 14:48:41,791: INFO: Processed 23,040,000 reads!
2018-09-26 14:49:22,988: INFO: Processed 9,280,000 reads!
2018-09-26 14:49:39,838: INFO: Processed 17,600,000 reads!
2018-09-26 14:50:08,722: INFO: Processed 23,360,000 reads!
2018-09-26 14:51:17,085: INFO: Processed 9,600,000 reads!
2018-09-26 14:51:33,924: INFO: Processed 23,680,000 reads!
2018-09-26 14:52:57,129: INFO: Processed 24,000,000 reads!
le
2018-09-26 14:52:43,263: INFO: UMI in config file
2018-09-26 14:53:22,683: INFO: Processed 18,240,000 reads!
2018-09-26 14:54:20,330: INFO: Processed 24,320,000 reads!
2018-09-26 14:55:16,882: INFO: Processed 10,240,000 reads!
2018-09-26 14:55:32,417: INFO: Processed 640,000 reads!
s!
2018-09-26 14:55:48,222: INFO: Processed 24,640,000 reads!
2018-09-26 14:57:17,437: INFO: Processed 24,960,000 reads!
2018-09-26 14:57:17,784: INFO: Processed 18,880,000 reads!
2018-09-26 14:58:46,584: INFO: Processed 25,280,000 reads!
2018-09-26 14:59:11,967: INFO: Processed 19,200,000 reads!
2018-09-26 15:00:13,926: INFO: Processed 25,600,000 reads!22018-09-26 15:01:04,666: INFO: Processed 1,920,000 reads!
2018-09-26 15:01:04,745: INFO: Processed 19,520,000 reads!
2018-09-26 15:01:39,776: INFO: Processed 25,920,000 reads!
2018-09-26 15:02:27,429: INFO: Processed 2,240,000 reads!

2018-09-26 15:02:54,585: INFO: Processed 19,840,000 reads!
2018-09-26 15:03:04,546: INFO: Processed 26,240,000 reads!
2018-09-26 15:03:51,993: INFO: Processed 2,560,000 reads!
2018-09-26 15:04:32,730: INFO: Processed 26,560,000 reads!
2018-09-26 15:04:41,386: INFO: Processed 20,160,000 reads!
2018-09-26 15:05:17,000: INFO: Processed 2,880,000 reads!
2018-09-26 15:06:01,375: INFO: Processed 26,880,000 reads!
2018-09-26 15:06:41,293: INFO: Processed 3,200,000 reads!

2018-09-26 15:07:29,848: INFO: Processed 27,200,000 reads!
2018-09-26 15:08:04,289: INFO: Processed 3,520,000 reads!

2018-09-26 15:08:23,495: INFO: Processed 20,800,000 reads!
2018-09-26 15:09:25,900: INFO: Processed 3,840,000 reads!

2018-09-26 15:09:50,937: INFO: Processed 12,800,000 reads!
2018-09-26 15:10:17,855: INFO: Processed 21,120,000 reads!
2018-09-26 15:10:46,604: INFO: Processed 4,160,000 reads!

2018-09-26 15:11:45,540: INFO: Processed 28,160,000 reads!
2018-09-26 15:12:11,617: INFO: Processed 4,480,000 reads!

2018-09-26 15:13:36,956: INFO: Processed 4,800,000 reads!

2018-09-26 15:14:00,101: INFO: Processed 21,760,000 reads!
2018-09-26 15:15:01,642: INFO: Processed 5,120,000 reads!

2018-09-26 15:15:28,460: INFO: Processed 13,760,000 reads!
2018-09-26 15:15:50,488: INFO: Processed 22,080,000 reads!
2018-09-26 15:16:25,188: INFO: Processed 5,440,000 reads!

2018-09-26 15:17:47,309: INFO: Processed 5,760,000 reads!

2018-09-26 15:18:01,854: INFO: Processed 22,400,000 reads!
2018-09-26 15:19:21,432: INFO: Processed 14,400,000 reads!
2018-09-26 15:19:55,924: INFO: Processed 22,720,000 reads!
2018-09-26 15:20:32,700: INFO: Processed 6,400,000 reads!

2018-09-26 15:21:12,044: INFO: Processed 14,720,000 reads!
2018-09-26 15:21:59,067: INFO: Processed 30,400,000 reads!
2018-09-26 15:23:28,292: INFO: Processed 30,720,000 reads!
2018-09-26 15:23:36,153: INFO: Processed 23,360,000 reads!
2018-09-26 15:24:57,903: INFO: Processed 31,040,000 reads!
2018-09-26 15:25:23,143: INFO: Processed 23,680,000 reads!
2018-09-26 15:26:25,604: INFO: Processed 31,360,000 reads!2018-09-26 15:26:46,144: INFO: Processed 15,680,000 reads!
2018-09-26 15:27:30,991: INFO: Processed 8,000,000 reads!

2018-09-26 15:27:51,567: INFO: Processed 31,680,000 reads!
2018-09-26 15:28:52,678: INFO: Processed 8,320,000 reads!

2018-09-26 15:29:13,873: INFO: Processed 32,000,000 reads!
2018-09-26 15:30:38,442: INFO: Processed 32,320,000 reads!
2018-09-26 15:31:01,901: INFO: Processed 24,640,000 reads!
2018-09-26 15:32:06,552: INFO: Processed 32,640,000 reads!2018-09-26 15:32:13,970: INFO: Processed 16,640,000 reads!
2018-09-26 15:33:06,501: INFO: Processed 9,280,000 reads!

2018-09-26 15:33:35,340: INFO: Processed 32,960,000 reads!
2018-09-26 15:34:29,593: INFO: Processed 9,600,000 reads!

2018-09-26 15:35:02,547: INFO: Processed 33,280,000 reads!
2018-09-26 15:35:56,975: INFO: Processed 17,280,000 reads!
2018-09-26 15:36:32,247: INFO: Processed 25,600,000 reads!
2018-09-26 15:37:12,994: INFO: Processed 10,240,000 reads!
2018-09-26 15:37:49,943: INFO: Processed 33,920,000 reads!
2018-09-26 15:38:38,415: INFO: Processed 10,560,000 reads!
2018-09-26 15:39:25,252: INFO: Processed 17,920,000 reads!
2018-09-26 15:40:18,150: INFO: Processed 26,240,000 reads!
2018-09-26 15:40:43,156: INFO: Processed 34,560,000 reads!
2018-09-26 15:41:28,869: INFO: Processed 11,200,000 reads!
2018-09-26 15:42:12,601: INFO: Processed 34,880,000 reads!
2018-09-26 15:43:05,533: INFO: Processed 18,560,000 reads!
2018-09-26 15:43:50,769: INFO: Processed 26,880,000 reads!
2018-09-26 15:44:12,123: INFO: Processed 11,840,000 reads!
2018-09-26 15:45:04,695: INFO: Processed 35,520,000 reads!
2018-09-26 15:45:42,364: INFO: Processed 27,200,000 reads!
2018-09-26 15:46:54,440: INFO: Processed 12,480,000 reads!
2018-09-26 15:47:49,963: INFO: Processed 36,160,000 reads!
2018-09-26 15:48:30,502: INFO: Processed 19,520,000 reads!
2018-09-26 15:49:44,407: INFO: Processed 13,120,000 reads!
2018-09-26 15:50:15,954: INFO: Processed 19,840,000 reads!
2018-09-26 15:51:15,702: INFO: Processed 28,160,000 reads!
2018-09-26 15:52:31,485: INFO: Processed 13,760,000 reads!
2018-09-26 15:53:00,121: INFO: Processed 28,480,000 reads!
2018-09-26 15:54:00,883: INFO: Processed 20,480,000 reads!
2018-09-26 15:55:15,797: INFO: Processed 14,400,000 reads!
2018-09-26 15:55:52,714: INFO: Processed 20,800,000 reads!
2018-09-26 15:56:43,634: INFO: Processed 29,120,000 reads!
2018-09-26 15:58:05,359: INFO: Processed 15,040,000 reads!
2018-09-26 15:58:35,810: INFO: Processed 29,440,000 reads!
2018-09-26 15:59:30,003: INFO: Processed 15,360,000 reads!
2018-09-26 16:00:53,033: INFO: Processed 15,680,000 reads!
2018-09-26 16:01:12,700: INFO: Processed 21,760,000 reads!
2018-09-26 16:02:15,047: INFO: Processed 16,000,000 reads!
2018-09-26 16:03:05,746: INFO: Processed 22,080,000 reads!
2018-09-26 16:03:57,409: INFO: Processed 30,400,000 reads!
2018-09-26 16:05:02,242: INFO: Processed 40,000,000 reads!
2018-09-26 16:05:49,902: INFO: Processed 30,720,000 reads!
2018-09-26 16:06:51,216: INFO: Processed 22,720,000 reads!
2018-09-26 16:07:54,874: INFO: Processed 40,640,000 reads!
2018-09-26 16:09:12,052: INFO: Processed 17,600,000 reads!
2018-09-26 16:09:33,283: INFO: Processed 31,360,000 reads!
2018-09-26 16:10:48,351: INFO: Processed 41,280,000 reads!
2018-09-26 16:11:19,541: INFO: Processed 31,680,000 reads!
2018-09-26 16:12:20,934: INFO: Processed 23,680,000 reads!
2018-09-26 16:13:16,476: INFO: Processed 18,560,000 reads!
2018-09-26 16:13:36,715: INFO: Processed 41,920,000 reads!
2018-09-26 16:14:41,194: INFO: Processed 18,880,000 reads!
2018-09-26 16:15:00,539: INFO: Processed 42,240,000 reads!
2018-09-26 16:16:27,226: INFO: Processed 42,560,000 reads!
2018-09-26 16:16:51,370: INFO: Processed 32,640,000 reads!
2018-09-26 16:17:56,154: INFO: Processed 24,640,000 reads!
2018-09-26 16:18:52,150: INFO: Processed 19,840,000 reads!
2018-09-26 16:19:43,518: INFO: Processed 24,960,000 reads!
2018-09-26 16:20:28,752: INFO: Processed 33,280,000 reads!
2018-09-26 16:20:43,279: INFO: Processed 43,520,000 reads!
2018-09-26 16:21:31,938: INFO: Processed 25,280,000 reads!
2018-09-26 16:22:14,859: INFO: Processed 33,600,000 reads!
2018-09-26 16:23:24,512: INFO: Processed 44,160,000 reads!
2018-09-26 16:23:24,611: INFO: Processed 25,600,000 reads!
2018-09-26 16:24:19,786: INFO: Processed 21,120,000 reads!
2018-09-26 16:25:18,252: INFO: Processed 25,920,000 reads!
2018-09-26 16:25:56,954: INFO: Processed 34,240,000 reads!
2018-09-26 16:26:19,927: INFO: Processed 44,800,000 reads!
2018-09-26 16:27:09,123: INFO: Processed 26,240,000 reads!
2018-09-26 16:27:46,909: INFO: Processed 45,120,000 reads!
2018-09-26 16:28:57,946: INFO: Processed 26,560,000 reads!
2018-09-26 16:29:35,953: INFO: Processed 34,880,000 reads!
2018-09-26 16:29:47,981: INFO: Processed 22,400,000 reads!
2018-09-26 16:30:44,494: INFO: Processed 26,880,000 reads!
2018-09-26 16:31:21,149: INFO: Processed 35,200,000 reads!
2018-09-26 16:31:55,698: INFO: Processed 46,080,000 reads!
2018-09-26 16:32:36,235: INFO: Processed 23,040,000 reads!
2018-09-26 16:33:18,891: INFO: Processed 46,400,000 reads!
2018-09-26 16:34:28,871: INFO: Processed 27,520,000 reads!
2018-09-26 16:35:03,749: INFO: Processed 35,840,000 reads!
2018-09-26 16:35:24,444: INFO: Processed 23,680,000 reads!
2018-09-26 16:36:20,675: INFO: Processed 27,840,000 reads!
2018-09-26 16:36:54,666: INFO: Processed 36,160,000 reads!
2018-09-26 16:38:06,317: INFO: Processed 24,320,000 reads!
2018-09-26 16:38:09,604: INFO: Processed 28,160,000 reads!
2018-09-26 16:38:59,450: INFO: Processed 47,680,000 reads!
2018-09-26 16:39:53,714: INFO: Processed 28,480,000 reads!
2018-09-26 16:40:26,074: INFO: Processed 36,800,000 reads!
2018-09-26 16:40:51,926: INFO: Processed 24,960,000 reads!
2018-09-26 16:41:44,065: INFO: Processed 48,320,000 reads!
2018-09-26 16:42:17,719: INFO: Processed 25,280,000 reads!
2018-09-26 16:43:32,158: INFO: Processed 29,120,000 reads!
2018-09-26 16:44:05,938: INFO: Processed 37,440,000 reads!
2018-09-26 16:44:35,707: INFO: Processed 48,960,000 reads!
2018-09-26 16:45:24,535: INFO: Processed 29,440,000 reads!
2018-09-26 16:45:59,921: INFO: Processed 49,280,000 reads!
2018-09-26 16:46:27,625: INFO: Processed 26,240,000 reads!
2018-09-26 16:47:50,365: INFO: Processed 26,560,000 reads!
2018-09-26 16:48:04,790: INFO: Processed 38,080,000 reads!
2018-09-26 16:49:16,111: INFO: Processed 30,080,000 reads!
2018-09-26 16:50:11,392: INFO: Processed 50,240,000 reads!
2018-09-26 16:50:58,951: INFO: Processed 30,400,000 reads!
2018-09-26 16:51:36,667: INFO: Processed 50,560,000 reads!
2018-09-26 16:52:05,605: INFO: Processed 27,520,000 reads!
2018-09-26 16:53:03,076: INFO: Processed 50,880,000 reads!
2018-09-26 16:53:28,227: INFO: Processed 27,840,000 reads!
2018-09-26 16:54:49,576: INFO: Processed 28,160,000 reads!
2018-09-26 16:55:15,836: INFO: Processed 39,360,000 reads!
2018-09-26 16:56:09,975: INFO: Processed 28,480,000 reads!
2018-09-26 16:56:35,873: INFO: Processed 31,360,000 reads!
2018-09-26 16:57:05,593: INFO: Processed 39,680,000 reads!
2018-09-26 16:57:34,197: INFO: Processed 28,800,000 reads!
2018-09-26 16:58:41,271: INFO: Processed 52,160,000 reads!
2018-09-26 16:58:51,728: INFO: Processed 40,000,000 reads!
2018-09-26 16:58:59,659: INFO: Processed 29,120,000 reads!
2018-09-26 17:00:24,641: INFO: Processed 29,440,000 reads!
2018-09-26 17:00:37,903: INFO: Processed 40,320,000 reads!
2018-09-26 17:01:54,176: INFO: Processed 32,320,000 reads!
2018-09-26 17:02:29,263: INFO: Processed 40,640,000 reads!
2018-09-26 17:03:10,841: INFO: Processed 30,080,000 reads!
2018-09-26 17:03:45,884: INFO: Processed 32,640,000 reads!
2018-09-26 17:04:31,555: INFO: Processed 30,400,000 reads!
2018-09-26 17:05:54,023: INFO: Processed 30,720,000 reads!
2018-09-26 17:06:11,120: INFO: Processed 41,280,000 reads!
2018-09-26 17:07:28,289: INFO: Processed 33,280,000 reads!
2018-09-26 17:08:00,079: INFO: Processed 41,600,000 reads!
2018-09-26 17:08:42,893: INFO: Processed 31,360,000 reads!
2018-09-26 17:09:16,550: INFO: Processed 33,600,000 reads!
2018-09-26 17:10:06,274: INFO: Processed 31,680,000 reads!
2018-09-26 17:11:28,383: INFO: Processed 32,000,000 reads!
2018-09-26 17:11:38,485: INFO: Processed 42,240,000 reads!
2018-09-26 17:12:56,412: INFO: Processed 55,360,000 reads!
2018-09-26 17:13:31,051: INFO: Processed 42,560,000 reads!
2018-09-26 17:14:18,442: INFO: Processed 55,680,000 reads!
2018-09-26 17:14:43,251: INFO: Processed 34,560,000 reads!
2018-09-26 17:15:40,923: INFO: Processed 56,000,000 reads!
2018-09-26 17:16:57,306: INFO: Processed 33,280,000 reads!
2018-09-26 17:17:10,682: INFO: Processed 43,200,000 reads!
2018-09-26 17:18:32,190: INFO: Processed 56,640,000 reads!
2018-09-26 17:18:57,885: INFO: Processed 43,520,000 reads!
2018-09-26 17:20:10,888: INFO: Processed 35,520,000 reads!
2018-09-26 17:21:01,218: INFO: Processed 34,240,000 reads!
2018-09-26 17:21:23,572: INFO: Processed 57,280,000 reads!
2018-09-26 17:22:20,908: INFO: Processed 34,560,000 reads!
2018-09-26 17:22:47,346: INFO: Processed 57,600,000 reads!
2018-09-26 17:24:09,953: INFO: Processed 57,920,000 reads!
2018-09-26 17:24:34,195: INFO: Processed 44,480,000 reads!
2018-09-26 17:25:35,617: INFO: Processed 58,240,000 reads!
2018-09-26 17:25:42,238: INFO: Processed 36,480,000 reads!
2018-09-26 17:26:35,930: INFO: Processed 35,520,000 reads!
2018-09-26 17:27:03,188: INFO: Processed 58,560,000 reads!
2018-09-26 17:27:58,326: INFO: Processed 35,840,000 reads!
2018-09-26 17:28:30,670: INFO: Processed 58,880,000 reads!
2018-09-26 17:29:22,320: INFO: Processed 37,120,000 reads!
2018-09-26 17:29:56,732: INFO: Processed 59,200,000 reads!
2018-09-26 17:30:35,454: INFO: Processed 36,480,000 reads!
2018-09-26 17:31:20,071: INFO: Processed 59,520,000 reads!
2018-09-26 17:31:58,609: INFO: Processed 36,800,000 reads!
2018-09-26 17:32:55,606: INFO: Processed 37,760,000 reads!
2018-09-26 17:33:41,028: INFO: Processed 46,080,000 reads!
2018-09-26 17:34:07,631: INFO: Processed 60,160,000 reads!
2018-09-26 17:34:47,472: INFO: Processed 37,440,000 reads!
2018-09-26 17:35:35,638: INFO: Processed 60,480,000 reads!
2018-09-26 17:36:35,826: INFO: Processed 38,400,000 reads!
2018-09-26 17:37:32,141: INFO: Processed 38,080,000 reads!
2018-09-26 17:38:50,808: INFO: Processed 38,400,000 reads!
2018-09-26 17:38:58,930: INFO: Processed 47,040,000 reads!
2018-09-26 17:40:12,971: INFO: Processed 38,720,000 reads!
2018-09-26 17:41:19,614: INFO: Processed 61,760,000 reads!
2018-09-26 17:41:47,882: INFO: Processed 39,360,000 reads!
2018-09-26 17:43:02,028: INFO: Processed 39,360,000 reads!
2018-09-26 17:43:40,005: INFO: Processed 39,680,000 reads!
2018-09-26 17:44:31,498: INFO: Processed 48,000,000 reads!
2018-09-26 17:45:47,759: INFO: Processed 40,000,000 reads!
2018-09-26 17:46:17,326: INFO: Processed 48,320,000 reads!
2018-09-26 17:47:21,550: INFO: Processed 40,320,000 reads!
2018-09-26 17:48:29,302: INFO: Processed 40,640,000 reads!
2018-09-26 17:48:33,786: INFO: Processed 63,360,000 reads!
2018-09-26 17:49:08,756: INFO: Processed 40,640,000 reads!
2018-09-26 17:49:58,323: INFO: Processed 63,680,000 reads!
2018-09-26 17:51:17,398: INFO: Processed 41,280,000 reads!
2018-09-26 17:51:46,228: INFO: Processed 49,280,000 reads!
2018-09-26 17:52:49,846: INFO: Processed 64,320,000 reads!
2018-09-26 17:54:03,849: INFO: Processed 41,920,000 reads!
2018-09-26 17:54:25,217: INFO: Processed 41,600,000 reads!
2018-09-26 17:55:46,045: INFO: Processed 64,960,000 reads!
2018-09-26 17:56:44,966: INFO: Processed 42,560,000 reads!
2018-09-26 17:57:12,704: INFO: Processed 65,280,000 reads!
2018-09-26 17:58:08,332: INFO: Processed 42,880,000 reads!
2018-09-26 17:58:58,533: INFO: Processed 50,560,000 reads!
2018-09-26 17:59:58,170: INFO: Processed 65,920,000 reads!
2018-09-26 18:00:56,152: INFO: Processed 43,520,000 reads!
2018-09-26 18:01:33,878: INFO: Processed 42,880,000 reads!
2018-09-26 18:02:43,386: INFO: Processed 51,200,000 reads!
2018-09-26 18:02:51,898: INFO: Processed 66,560,000 reads!
2018-09-26 18:03:39,325: INFO: Processed 44,160,000 reads!
2018-09-26 18:04:32,155: INFO: Processed 51,520,000 reads!
2018-09-26 18:05:14,845: INFO: Processed 43,520,000 reads!
2018-09-26 18:05:41,635: INFO: Processed 67,200,000 reads!
2018-09-26 18:06:19,206: INFO: Processed 51,840,000 reads!
2018-09-26 18:07:03,921: INFO: Processed 43,840,000 reads!
2018-09-26 18:08:10,177: INFO: Processed 52,160,000 reads!
2018-09-26 18:08:19,233: INFO: Processed 67,840,000 reads!
2018-09-26 18:09:07,559: INFO: Processed 45,440,000 reads!
2018-09-26 18:10:02,864: INFO: Processed 52,480,000 reads!
2018-09-26 18:10:36,966: INFO: Processed 44,480,000 reads!
2018-09-26 18:11:10,529: INFO: Processed 68,480,000 reads!
2018-09-26 18:11:54,804: INFO: Processed 52,800,000 reads!
2018-09-26 18:12:37,095: INFO: Processed 68,800,000 reads!
2018-09-26 18:13:10,043: INFO: Processed 46,400,000 reads!
2018-09-26 18:14:01,733: INFO: Processed 69,120,000 reads!
2018-09-26 18:14:30,950: INFO: Processed 46,720,000 reads!
2018-09-26 18:15:51,214: INFO: Processed 47,040,000 reads!
2018-09-26 18:16:05,399: INFO: Processed 45,440,000 reads!
2018-09-26 18:17:15,266: INFO: Processed 47,360,000 reads!
2018-09-26 18:17:20,869: INFO: Processed 53,760,000 reads!
2018-09-26 18:18:11,592: INFO: Processed 70,080,000 reads!
2018-09-26 18:18:38,431: INFO: Processed 47,680,000 reads!
2018-09-26 18:19:39,029: INFO: Processed 70,400,000 reads!
2018-09-26 18:19:43,226: INFO: Processed 46,080,000 reads!
2018-09-26 18:19:59,980: INFO: Processed 48,000,000 reads!
2018-09-26 18:21:19,953: INFO: Processed 48,320,000 reads!
2018-09-26 18:21:28,923: INFO: Processed 46,400,000 reads!
2018-09-26 18:22:57,943: INFO: Processed 54,720,000 reads!
2018-09-26 18:23:17,997: INFO: Processed 46,720,000 reads!
2018-09-26 18:24:01,972: INFO: Processed 48,960,000 reads!
2018-09-26 18:24:43,831: INFO: Processed 55,040,000 reads!
2018-09-26 18:25:11,880: INFO: Processed 71,680,000 reads!
2018-09-26 18:25:26,062: INFO: Processed 49,280,000 reads!
2018-09-26 18:26:49,337: INFO: Processed 49,600,000 reads!
2018-09-26 18:27:00,153: INFO: Processed 47,360,000 reads!
2018-09-26 18:28:24,585: INFO: Processed 55,680,000 reads!
2018-09-26 18:28:48,688: INFO: Processed 47,680,000 reads!
2018-09-26 18:29:32,397: INFO: Processed 50,240,000 reads!
2018-09-26 18:30:15,907: INFO: Processed 56,000,000 reads!
2018-09-26 18:30:33,892: INFO: Processed 48,000,000 reads!
2018-09-26 18:30:57,168: INFO: Processed 72,960,000 reads!
2018-09-26 18:32:15,624: INFO: Processed 50,880,000 reads!
2018-09-26 18:32:22,956: INFO: Processed 73,280,000 reads!
2018-09-26 18:33:46,344: INFO: Processed 73,600,000 reads!
2018-09-26 18:34:09,791: INFO: Processed 48,640,000 reads!
2018-09-26 18:35:27,724: INFO: Processed 56,960,000 reads!
2018-09-26 18:36:25,397: INFO: Processed 51,840,000 reads!
2018-09-26 18:36:36,575: INFO: Processed 74,240,000 reads!
2018-09-26 18:37:47,536: INFO: Processed 52,160,000 reads!
2018-09-26 18:37:48,147: INFO: Processed 49,280,000 reads!
2018-09-26 18:38:03,970: INFO: Processed 74,560,000 reads!
2018-09-26 18:39:30,706: INFO: Processed 74,880,000 reads!
2018-09-26 18:39:32,458: INFO: Processed 49,600,000 reads!
2018-09-26 18:40:56,318: INFO: Processed 75,200,000 reads!
2018-09-26 18:41:01,435: INFO: Processed 57,920,000 reads!
2018-09-26 18:41:14,225: INFO: Processed 49,920,000 reads!
2018-09-26 18:42:19,176: INFO: Processed 75,520,000 reads!
2018-09-26 18:42:48,162: INFO: Processed 58,240,000 reads!
2018-09-26 18:43:01,938: INFO: Processed 50,240,000 reads!
2018-09-26 18:43:40,591: INFO: Processed 75,840,000 reads!
2018-09-26 18:44:42,879: INFO: Processed 53,760,000 reads!
2018-09-26 18:44:52,590: INFO: Processed 50,560,000 reads!
2018-09-26 18:45:06,816: INFO: Processed 76,160,000 reads!
2018-09-26 18:46:34,957: INFO: Processed 76,480,000 reads!
2018-09-26 18:46:41,554: INFO: Processed 50,880,000 reads!
2018-09-26 18:47:25,641: INFO: Processed 54,400,000 reads!
2018-09-26 18:48:03,078: INFO: Processed 76,800,000 reads!
2018-09-26 18:48:45,246: INFO: Processed 54,720,000 reads!
2018-09-26 18:49:30,577: INFO: Processed 77,120,000 reads!
2018-09-26 18:50:08,223: INFO: Processed 55,040,000 reads!
2018-09-26 18:50:12,822: INFO: Processed 51,520,000 reads!
2018-09-26 18:50:56,094: INFO: Processed 77,440,000 reads!
2018-09-26 18:51:32,245: INFO: Processed 55,360,000 reads!
2018-09-26 18:52:19,263: INFO: Processed 77,760,000 reads!
2018-09-26 18:52:55,305: INFO: Processed 55,680,000 reads!
2018-09-26 18:53:45,121: INFO: Processed 78,080,000 reads!
2018-09-26 18:53:49,602: INFO: Processed 52,160,000 reads!
2018-09-26 18:54:17,497: INFO: Processed 56,000,000 reads!
2018-09-26 18:55:36,557: INFO: Processed 56,320,000 reads!
2018-09-26 18:55:40,839: INFO: Processed 52,480,000 reads!
2018-09-26 18:56:54,180: INFO: Processed 56,640,000 reads!
2018-09-26 18:57:21,169: INFO: Processed 60,800,000 reads!
2018-09-26 18:57:29,843: INFO: Processed 52,800,000 reads!
2018-09-26 18:58:16,023: INFO: Processed 56,960,000 reads!
2018-09-26 18:59:12,991: INFO: Processed 61,120,000 reads!
2018-09-26 18:59:39,534: INFO: Processed 57,280,000 reads!
2018-09-26 19:01:02,939: INFO: Processed 57,600,000 reads!
2018-09-26 19:01:03,241: INFO: Processed 61,440,000 reads!
2018-09-26 19:02:25,508: INFO: Processed 57,920,000 reads!
2018-09-26 19:02:47,614: INFO: Processed 53,760,000 reads!
2018-09-26 19:02:48,190: INFO: Processed 61,760,000 reads!
2018-09-26 19:03:46,324: INFO: Processed 58,240,000 reads!
2018-09-26 19:04:39,186: INFO: Processed 62,080,000 reads!
2018-09-26 19:05:08,493: INFO: Processed 80,640,000 reads!
2018-09-26 19:06:28,257: INFO: Processed 58,880,000 reads!
2018-09-26 19:06:35,032: INFO: Processed 80,960,000 reads!
2018-09-26 19:07:59,551: INFO: Processed 81,280,000 reads!
2018-09-26 19:08:25,049: INFO: Processed 62,720,000 reads!
2018-09-26 19:09:21,195: INFO: Processed 81,600,000 reads!
2018-09-26 19:10:04,920: INFO: Processed 55,040,000 reads!
2018-09-26 19:10:15,334: INFO: Processed 63,040,000 reads!
2018-09-26 19:10:41,761: INFO: Processed 81,920,000 reads!
2018-09-26 19:11:59,426: INFO: Processed 60,160,000 reads!
2018-09-26 19:12:08,943: INFO: Processed 82,240,000 reads!
2018-09-26 19:13:43,746: INFO: Processed 55,680,000 reads!
2018-09-26 19:13:48,873: INFO: Processed 63,680,000 reads!
2018-09-26 19:15:04,654: INFO: Processed 82,880,000 reads!
2018-09-26 19:15:35,818: INFO: Processed 56,000,000 reads!
2018-09-26 19:16:03,437: INFO: Processed 61,120,000 reads!
2018-09-26 19:16:33,573: INFO: Processed 83,200,000 reads!
2018-09-26 19:17:28,472: INFO: Processed 61,440,000 reads!
2018-09-26 19:17:55,847: INFO: Processed 83,520,000 reads!
2018-09-26 19:19:16,658: INFO: Processed 83,840,000 reads!
2018-09-26 19:19:29,277: INFO: Processed 64,640,000 reads!
2018-09-26 19:19:38,000: INFO: Formatting fastq done, taking 6.233 hours
2018-09-26 19:20:14,826: INFO: Processed 62,080,000 reads!
2018-09-26 19:20:59,615: INFO: Processed 56,960,000 reads!
2018-09-26 19:21:18,587: INFO: Processed 64,960,000 reads!
2018-09-26 19:21:35,191: INFO: Processed 62,400,000 reads!
2018-09-26 19:22:56,162: INFO: Processed 62,720,000 reads!
2018-09-26 19:23:06,166: INFO: Processed 65,280,000 reads!
2018-09-26 19:24:41,252: INFO: Processed 57,600,000 reads!
2018-09-26 19:24:59,589: INFO: Processed 65,600,000 reads!
2018-09-26 19:25:44,259: INFO: Processed 63,360,000 reads!
2018-09-26 19:26:33,885: INFO: Processed 57,920,000 reads!
2018-09-26 19:26:53,670: INFO: Processed 65,920,000 reads!
2018-09-26 19:27:08,443: INFO: Processed 63,680,000 reads!
2018-09-26 19:28:32,029: INFO: Processed 64,000,000 reads!
2018-09-26 19:28:45,852: INFO: Processed 66,240,000 reads!
2018-09-26 19:30:09,008: INFO: Processed 58,560,000 reads!
2018-09-26 19:30:33,520: INFO: Processed 66,560,000 reads!
2018-09-26 19:31:13,227: INFO: Processed 64,640,000 reads!
2018-09-26 19:31:54,601: INFO: Processed 58,880,000 reads!
2018-09-26 19:32:15,550: INFO: Processed 66,880,000 reads!
2018-09-26 19:32:36,500: INFO: Processed 64,960,000 reads!
2018-09-26 19:34:01,051: INFO: Processed 65,280,000 reads!
2018-09-26 19:34:07,264: INFO: Processed 67,200,000 reads!
2018-09-26 19:35:35,381: INFO: Processed 59,520,000 reads!
2018-09-26 19:36:00,753: INFO: Processed 67,520,000 reads!
2018-09-26 19:36:49,584: INFO: Processed 65,920,000 reads!
2018-09-26 19:37:23,661: INFO: Processed 59,840,000 reads!
2018-09-26 19:37:53,048: INFO: Processed 67,840,000 reads!
2018-09-26 19:38:11,524: INFO: Processed 66,240,000 reads!
2018-09-26 19:39:29,395: INFO: Processed 66,560,000 reads!
2018-09-26 19:39:41,327: INFO: Processed 68,160,000 reads!
2018-09-26 19:40:51,398: INFO: Processed 66,880,000 reads!
2018-09-26 19:41:25,382: INFO: Processed 68,480,000 reads!
2018-09-26 19:42:32,785: INFO: Processed 60,800,000 reads!
2018-09-26 19:43:38,671: INFO: Processed 67,520,000 reads!
2018-09-26 19:44:24,364: INFO: Processed 61,120,000 reads!
2018-09-26 19:45:08,325: INFO: Processed 69,120,000 reads!
2018-09-26 19:46:20,247: INFO: Processed 68,160,000 reads!
2018-09-26 19:47:01,749: INFO: Processed 69,440,000 reads!
2018-09-26 19:48:01,518: INFO: Processed 61,760,000 reads!
2018-09-26 19:48:52,419: INFO: Processed 68,800,000 reads!
2018-09-26 19:49:43,822: INFO: Processed 62,080,000 reads!
2018-09-26 19:50:36,026: INFO: Processed 70,080,000 reads!
2018-09-26 19:51:28,352: INFO: Processed 62,400,000 reads!
2018-09-26 19:51:38,049: INFO: Processed 70,400,000 reads!
2018-09-26 19:51:38,089: INFO: Formatting fastq done, taking 6.727 hours
2018-09-26 19:51:39,764: INFO: Processed 69,440,000 reads!
2018-09-26 19:53:19,852: INFO: Processed 62,720,000 reads!
2018-09-26 19:54:23,388: INFO: Processed 70,080,000 reads!
2018-09-26 19:55:41,211: INFO: Processed 70,400,000 reads!
2018-09-26 19:57:00,760: INFO: Processed 63,360,000 reads!
2018-09-26 19:58:46,491: INFO: Processed 63,680,000 reads!
2018-09-26 19:59:47,445: INFO: Processed 71,360,000 reads!
2018-09-26 20:00:28,297: INFO: Processed 64,000,000 reads!
2018-09-26 20:01:10,474: INFO: Processed 71,680,000 reads!
2018-09-26 20:02:31,738: INFO: Processed 72,000,000 reads!
2018-09-26 20:04:09,757: INFO: Processed 64,640,000 reads!
2018-09-26 20:05:06,367: INFO: Processed 72,640,000 reads!
2018-09-26 20:06:29,158: INFO: Processed 72,960,000 reads!
2018-09-26 20:07:54,002: INFO: Processed 73,280,000 reads!
2018-09-26 20:09:38,239: INFO: Processed 65,600,000 reads!
2018-09-26 20:10:41,564: INFO: Processed 73,920,000 reads!
d; of these:
    25454074 (31.07%) aligned 0 times
    33805177 (41.26%) aligned exactly 1 time
    22677287 (27.68%) aligned >1 times
68.93% overall alignment rate
2018-09-26 20:11:23,928: INFO: Processed 65,920,000 reads!
2018-09-26 20:12:03,470: INFO: Processed 74,240,000 reads!
2018-09-26 20:13:22,253: INFO: Processed 74,560,000 reads!
2018-09-26 20:15:10,715: INFO: Processed 66,560,000 reads!
2018-09-26 20:16:08,349: INFO: Processed 75,200,000 reads!
2018-09-26 20:17:00,769: INFO: Processed 66,880,000 reads!
2018-09-26 20:17:32,006: INFO: Processed 75,520,000 reads!
2018-09-26 20:18:55,157: INFO: Processed 75,840,000 reads!
2018-09-26 20:20:31,815: INFO: Processed 67,520,000 reads!
2018-09-26 20:21:36,398: INFO: Processed 76,480,000 reads!
2018-09-26 20:22:19,063: INFO: Processed 67,840,000 reads!
2018-09-26 20:22:55,957: INFO: Processed 76,800,000 reads!
2018-09-26 20:24:22,520: INFO: Processed 68,160,000 reads!
2018-09-26 20:25:10,180: INFO: Running featureCounts to annotate alignments.

        ==========     _____ _    _ ____  _____  ______          _____  
        =====         / ____| |  | |  _ \|  __ \|  ____|   /\   |  __ \ 
          =====      | (___ | |  | | |_) | |__) | |__     /  \  | |  | |
            ====      \___ \| |  | |  _ <|  _  /|  __|   / /\ \ | |  | |
              ====    ____) | |__| | |_) | | \ \| |____ / ____ \| |__| |
        ==========   |_____/ \____/|____/|_|  \_\______/_/    \_\_____/
	  v1.6.2

//========================== featureCounts setting ===========================\\
||                                                                            ||
||             Input files : 1 BAM file                                       ||
||                           S results.star_align.bam                         ||
||                                                                            ||
||             Output file : results.star_align.bam.annotation                ||
||                 Summary : results.star_align.bam.annotation.summary        ||
||              Annotation : genes.gtf (GTF)                                  ||
||      Assignment details : <input_file>.featureCounts.bam                   ||
||                      (Note that files are saved to the output directory)   ||
||                                                                            ||
||      Dir for temp files : /broad/hptmp/ssimmons/scumi/mixed1/Celseq2       ||
||                                                                            ||
||                 Threads : 1                                                ||
||                   Level : meta-feature level                               ||
||              Paired-end : no                                               ||
||      Multimapping reads : counted                                          ||
|| Multi-overlapping reads : not counted                                      ||
||   Min overlapping bases : 1                                                ||
||                                                                            ||
\\===================== http://subread.sourceforge.net/ ======================//

//================================= Running ==================================\\
||                                                                            ||
|| Load annotation file genes.gtf ...                                         ||
||    Features : 1808849                                                      ||
||    Meta-features : 62046                                                   ||
||    Chromosomes/contigs : 86                                                ||
||                                                                            ||
|| Process BAM file results.star_align.bam...                                 ||
||    Single-end reads are included.                                          ||
||    Strand specific : stranded                                              ||
||    Assign reads to features...                                             ||
2018-09-26 20:25:44,154: INFO: Processed 77,440,000 reads!
2018-09-26 20:26:15,076: INFO: Processed 68,480,000 reads!
2018-09-26 20:27:08,916: INFO: Processed 77,760,000 reads!
2018-09-26 20:28:32,903: INFO: Processed 78,080,000 reads!
2018-09-26 20:29:55,665: INFO: Processed 69,120,000 reads!
2018-09-26 20:31:41,697: INFO: Processed 69,440,000 reads!
||    Total reads : 56482464                                                  ||
||    Successfully assigned reads : 31901219 (56.5%)                          ||
||    Running time : 6.72 minutes                                             ||
||                                                                            ||
||                         Read assignment finished.                          ||
||                                                                            ||
|| Summary of counting results can be found in file "/broad/hptmp/ssimmons/s  ||
|| cumi/mixed1/Celseq2/results.star_align.bam.annotation.summary"             ||
||                                                                            ||
\\===================== http://subread.sourceforge.net/ ======================//

2018-09-26 20:32:37,535: INFO: Processed 79,040,000 reads!
king 0.160 minutes
2018-09-26 20:32:32,781: INFO: Detected 92 candidate cell barcodes.
2018-09-26 20:32:32,831: INFO: The number of potential collision barcodes (edit distance 1): 0

2018-09-26 20:32:32,832: INFO: Read GTF /ahg/regevdata/projects/sc_compare/ref/cellranger/refdata-cellranger-hg19_and_mm10-2.1.0/genes/genes.gtf
2018-09-26 20:32:48,912: INFO: Parse GTF /ahg/regevdata/projects/sc_compare/ref/cellranger/refdata-cellranger-hg19_and_mm10-2.1.0/genes/genes.gtf done
2018-09-26 20:32:48,913: INFO: Counting molecular info
2018-09-26 20:34:02,382: INFO: Processed 79,360,000 reads!
2018-09-26 20:35:26,866: INFO: Processed 79,680,000 reads!
2018-09-26 20:37:16,485: INFO: Processed 70,400,000 reads!
2018-09-26 20:38:10,620: INFO: Processed 80,320,000 reads!
2018-09-26 20:39:27,662: INFO: Processed 80,640,000 reads!
2018-09-26 20:40:47,406: INFO: Processed 80,960,000 reads!
2018-09-26 20:42:33,081: INFO: Processed 71,360,000 reads!
2018-09-26 20:43:37,201: INFO: Parsed 10,000,000 alignments.
2018-09-26 20:43:37,205: INFO: 10,000,000 unique reads, 5,529,517 reads kept.
2018-09-26 20:43:37,205: INFO: 0 unmapped reads were filtered.
2018-09-26 20:43:37,205: INFO: 4,470,482 reads were filtered for including NA in barcodes.

2018-09-26 20:44:23,932: INFO: Processed 71,680,000 reads!
2018-09-26 20:44:59,118: INFO: Processed 81,920,000 reads!
2018-09-26 20:46:20,516: INFO: Processed 82,240,000 reads!
2018-09-26 20:48:05,729: INFO: Processed 72,320,000 reads!
2018-09-26 20:48:57,105: INFO: Processed 82,880,000 reads!
2018-09-26 20:50:21,015: INFO: Processed 83,200,000 reads!
2018-09-26 20:51:45,851: INFO: Processed 83,520,000 reads!
2018-09-26 20:53:22,272: INFO: Processed 73,280,000 reads!
2018-09-26 20:54:33,746: INFO: Processed 84,160,000 reads!
.
2018-09-26 20:54:22,492: INFO: 20,000,000 unique reads, 11,066,986 reads kept.
2018-09-26 20:54:22,492: INFO: 0 unmapped reads were filtered.
2018-09-26 20:54:22,492: INFO: 8,933,014 reads were filtered for including NA in barcodes.

2018-09-26 20:55:14,778: INFO: Processed 73,600,000 reads!
2018-09-26 20:55:53,346: INFO: Processed 84,480,000 reads!
2018-09-26 20:57:06,693: INFO: Processed 73,920,000 reads!
2018-09-26 20:57:34,839: INFO: Processed 85,120,000 reads!
2018-09-26 20:57:34,862: INFO: Formatting fastq done, taking 6.081 hours
2018-09-26 20:58:56,364: INFO: Processed 74,240,000 reads!
2018-09-26 21:00:40,396: INFO: Processed 74,560,000 reads!
2018-09-26 21:02:03,089: INFO: Processed 74,880,000 reads!
2018-09-26 21:02:03,318: INFO: Formatting fastq done, taking 7.104 hours
2018-09-26 21:05:04,211: INFO: Parsed 30,000,000 alignments.
2018-09-26 21:05:04,214: INFO: 30,000,000 unique reads, 16,601,159 reads kept.
2018-09-26 21:05:04,214: INFO: 0 unmapped reads were filtered.
2018-09-26 21:05:04,214: INFO: 13,398,841 reads were filtered for including NA in barcodes.

67938689 reads; of these:
  67938689 (100.00%) were unpaired; of these:
    20292791 (29.87%) aligned 0 times
    28938095 (42.59%) aligned exactly 1 time
    18707803 (27.54%) aligned >1 times
70.13% overall alignment rate
2018-09-26 21:15:46,641: INFO: Parsed 40,000,000 alignments.
2018-09-26 21:15:46,644: INFO: 40,000,000 unique reads, 22,121,915 reads kept.
2018-09-26 21:15:46,644: INFO: 0 unmapped reads were filtered.
2018-09-26 21:15:46,644: INFO: 17,878,085 reads were filtered for including NA in barcodes.

2018-09-26 21:23:18,962: INFO: Running featureCounts to annotate alignments.

        ==========     _____ _    _ ____  _____  ______          _____  
        =====         / ____| |  | |  _ \|  __ \|  ____|   /\   |  __ \ 
          =====      | (___ | |  | | |_) | |__) | |__     /  \  | |  | |
            ====      \___ \| |  | |  _ <|  _  /|  __|   / /\ \ | |  | |
              ====    ____) | |__| | |_) | | \ \| |____ / ____ \| |__| |
        ==========   |_____/ \____/|____/|_|  \_\______/_/    \_\_____/
	  v1.6.2

//========================== featureCounts setting ===========================\\
||                                                                            ||
||             Input files : 1 BAM file                                       ||
||                           S results.star_align.bam                         ||
||                                                                            ||
||             Output file : results.star_align.bam.annotation                ||
||                 Summary : results.star_align.bam.annotation.summary        ||
||              Annotation : genes.gtf (GTF)                                  ||
||      Assignment details : <input_file>.featureCounts.bam                   ||
||                      (Note that files are saved to the output directory)   ||
||                                                                            ||
||      Dir for temp files : /broad/hptmp/ssimmons/scumi/mixed1/Celseq1       ||
||                                                                            ||
||                 Threads : 1                                                ||
||                   Level : meta-feature level                               ||
||              Paired-end : no                                               ||
||      Multimapping reads : counted                                          ||
|| Multi-overlapping reads : not counted                                      ||
||   Min overlapping bases : 1                                                ||
||                                                                            ||
\\===================== http://subread.sourceforge.net/ ======================//

//================================= Running ==================================\\
||                                                                            ||
|| Load annotation file genes.gtf ...                                         ||
||    Features : 1808849                                                      ||
||    Meta-features : 62046                                                   ||
||    Chromosomes/contigs : 86                                                ||
||                                                                            ||
|| Process BAM file results.star_align.bam...                                 ||
||    Single-end reads are included.                                          ||
||    Strand specific : stranded                                              ||
||    Assign reads to features...                                             ||
2018-09-26 21:26:27,859: INFO: Parsed 50,000,000 alignments.
2018-09-26 21:26:27,861: INFO: 50,000,000 unique reads, 27,657,752 reads kept.
2018-09-26 21:26:27,862: INFO: 0 unmapped reads were filtered.
2018-09-26 21:26:27,862: INFO: 22,342,247 reads were filtered for including NA in barcodes.

||    Total reads : 47645898                                                  ||
||    Successfully assigned reads : 26907461 (56.5%)                          ||
||    Running time : 8.43 minutes                                             ||
||                                                                            ||
||                         Read assignment finished.                          ||
||                                                                            ||
|| Summary of counting results can be found in file "/broad/hptmp/ssimmons/s  ||
|| cumi/mixed1/Celseq1/results.star_align.bam.annotation.summary"             ||
||                                                                            ||
\\===================== http://subread.sourceforge.net/ ======================//

2018-09-26 21:32:33,758: INFO: Detecting whitelist done, taking 0.206 minutes
2018-09-26 21:32:35,222: INFO: Detected 92 candidate cell barcodes.
2018-09-26 21:32:35,263: INFO: The number of potential collision barcodes (edit distance 1): 0

2018-09-26 21:32:35,264: INFO: Read GTF /ahg/regevdata/projects/sc_compare/ref/cellranger/refdata-cellranger-hg19_and_mm10-2.1.0/genes/genes.gtf
2018-09-26 21:33:23,668: INFO: Counting molecular info done - 1.010 hours, 55,942,388 alignments/hour

2018-09-26 21:33:23,671: INFO: Converting to a dataframe
6 21:32:51,573: INFO: Counting molecular info
2018-09-26 21:33:46,420: INFO: Converting to a dataframe done, taking 0.379 minutes

2018-09-26 21:33:46,767: INFO: Writing molecular info
2018-09-26 21:34:18,742: INFO: Writings molecular info done, taking 0.533 minutes

2018-09-26 21:34:19,600: INFO: Collapsing UMIs
2018-09-26 21:35:05,275: INFO: Collapsing UMIs done, taking 0.761 minutes
2018-09-26 21:35:05,592: INFO: Converting to sparse matrix
2018-09-26 21:35:15,028: INFO: Converting to a sparse matrix done, taking 0.157 minutes
2018-09-26 21:35:15,028: INFO: Output results
2018-09-26 21:35:18,052: INFO: Writing final results done, taking 0.050 minutes
2018-09-26 21:35:18,053: INFO: Converting to sparse matrix
2018-09-26 21:35:27,964: INFO: Converting to a sparse matrix done, taking 0.165 minutes
2018-09-26 21:35:27,965: INFO: Output results
2018-09-26 21:35:30,968: INFO: Writing final results done, taking 0.050 minutes
2018-09-26 21:42:13,879: INFO: Parsed 10,000,000 alignments.
2018-09-26 21:42:13,883: INFO: 10,000,000 unique reads, 5,529,594 reads kept.
2018-09-26 21:42:13,883: INFO: 0 unmapped reads were filtered.
2018-09-26 21:42:13,883: INFO: 4,470,405 reads were filtered for including NA in barcodes.

82348571 reads; of these:
  82348571 (100.00%) were unpaired; of these:
    24351516 (29.57%) aligned 0 times
    35254149 (42.81%) aligned exactly 1 time
    22742906 (27.62%) aligned >1 times
70.43% overall alignment rate
2018-09-26 21:51:24,588: INFO: Parsed 20,000,000 alignments.
2018-09-26 21:51:24,590: INFO: 20,000,000 unique reads, 11,060,527 reads kept.
2018-09-26 21:51:24,590: INFO: 0 unmapped reads were filtered.
2018-09-26 21:51:24,590: INFO: 8,939,472 reads were filtered for including NA in barcodes.

2018-09-26 21:56:34,310: INFO: Running featureCounts to annotate alignments.

        ==========     _____ _    _ ____  _____  ______          _____  
        =====         / ____| |  | |  _ \|  __ \|  ____|   /\   |  __ \ 
          =====      | (___ | |  | | |_) | |__) | |__     /  \  | |  | |
            ====      \___ \| |  | |  _ <|  _  /|  __|   / /\ \ | |  | |
              ====    ____) | |__| | |_) | | \ \| |____ / ____ \| |__| |
        ==========   |_____/ \____/|____/|_|  \_\______/_/    \_\_____/
	  v1.6.2

//========================== featureCounts setting ===========================\\
||                                                                            ||
||             Input files : 1 BAM file                                       ||
||                           S results.star_align.bam                         ||
||                                                                            ||
||             Output file : results.star_align.bam.annotation                ||
||                 Summary : results.star_align.bam.annotation.summary        ||
||              Annotation : genes.gtf (GTF)                                  ||
||      Assignment details : <input_file>.featureCounts.bam                   ||
||                      (Note that files are saved to the output directory)   ||
||                                                                            ||
||      Dir for temp files : /broad/hptmp/ssimmons/scumi/mixed1/Celseq4       ||
||                                                                            ||
||                 Threads : 1                                                ||
||                   Level : meta-feature level                               ||
||              Paired-end : no                                               ||
||      Multimapping reads : counted                                          ||
|| Multi-overlapping reads : not counted                                      ||
||   Min overlapping bases : 1                                                ||
||                                                                            ||
\\===================== http://subread.sourceforge.net/ ======================//

//================================= Running ==================================\\
||                                                                            ||
|| Load annotation file genes.gtf ...                                         ||
||    Features : 1808849                                                      ||
||    Meta-features : 62046                                                   ||
||    Chromosomes/contigs : 86                                                ||
||                                                                            ||
|| Process BAM file results.star_align.bam...                                 ||
||    Single-end reads are included.                                          ||
||    Strand specific : stranded                                              ||
||    Assign reads to features...                                             ||
2018-09-26 22:00:34,406: INFO: Parsed 30,000,000 alignments.
2018-09-26 22:00:34,412: INFO: 30,000,000 unique reads, 16,586,711 reads kept.
2018-09-26 22:00:34,412: INFO: 0 unmapped reads were filtered.
2018-09-26 22:00:34,412: INFO: 13,413,288 reads were filtered for including NA in barcodes.

||    Total reads : 57997055                                                  ||
||    Successfully assigned reads : 33853194 (58.4%)                          ||
||    Running time : 6.22 minutes                                             ||
||                                                                            ||
||                         Read assignment finished.                          ||
||                                                                            ||
|| Summary of counting results can be found in file "/broad/hptmp/ssimmons/s  ||
|| cumi/mixed1/Celseq4/results.star_align.bam.annotation.summary"             ||
||                                                                            ||
\\===================== http://subread.sourceforge.net/ ======================//

2018-09-26 22:03:19,363: INFO: Detecting whitelist done, taking 0.141 minutes
2018-09-26 22:03:19,830: INFO: Detected 92 candidate cell barcodes.
2018-09-26 22:03:19,876: INFO: The number of potential collision barcodes (edit distance 1): 0

2018-09-26 22:03:19,876: INFO: Read GTF /ahg/regevdata/projects/sc_compare/ref/cellranger/refdata-cellranger-hg19_and_mm10-2.1.0/genes/genes.gtf
2018-09-26 22:03:35,605: INFO: Parse GTF /ahg/regevdata/projects/sc_compare/ref/cellranger/refdata-cellranger-hg19_and_mm10-2.1.0/genes/genes.gtf done
2018-09-26 22:03:35,605: INFO: Counting molecular info
2018-09-26 22:09:42,070: INFO: Parsed 40,000,000 alignments.
2018-09-26 22:09:42,074: INFO: 40,000,000 unique reads, 22,113,654 reads kept.
2018-09-26 22:09:42,074: INFO: 0 unmapped reads were filtered.
2018-09-26 22:09:42,074: INFO: 17,886,345 reads were filtered for including NA in barcodes.

2018-09-26 22:14:07,076: INFO: Parsed 10,000,000 alignments.
2018-09-26 22:14:07,080: INFO: 10,000,000 unique reads, 5,712,395 reads kept.
2018-09-26 22:14:07,080: INFO: 0 unmapped reads were filtered.
2018-09-26 22:14:07,080: INFO: 4,287,604 reads were filtered for including NA in barcodes.

2018-09-26 22:16:42,234: INFO: Counting molecular info done - 0.731 hours, 65,202,339 alignments/hour

2018-09-26 22:16:42,236: INFO: Converting to a dataframe
2018-09-26 22:17:30,708: INFO: Converting to a dataframe done, taking 0.808 minutes

2018-09-26 22:17:31,375: INFO: Writing molecular info
2018-09-26 22:18:07,229: INFO: Writings molecular info done, taking 0.598 minutes

2018-09-26 22:18:08,433: INFO: Collapsing UMIs
2018-09-26 22:18:55,028: INFO: Collapsing UMIs done, taking 0.777 minutes
2018-09-26 22:18:55,600: INFO: Converting to sparse matrix
2018-09-26 22:19:12,055: INFO: Converting to a sparse matrix done, taking 0.274 minutes
2018-09-26 22:19:12,058: INFO: Output results
72818937 reads; of these:
  72818937 (100.00%) were unpaired; of these:
    22031879 (30.26%) aligned 0 times
    30857924 (42.38%) aligned exactly 1 time
    19929134 (27.37%) aligned >1 times
69.74% overall alignment rate
2018-09-26 22:19:14,840: INFO: Writing final results done, taking 0.046 minutes
2018-09-26 22:19:14,849: INFO: Converting to sparse matrix
2018-09-26 22:19:32,416: INFO: Converting to a sparse matrix done, taking 0.293 minutes
2018-09-26 22:19:32,419: INFO: Output results
2018-09-26 22:19:35,132: INFO: Writing final results done, taking 0.045 minutes
2018-09-26 22:24:36,804: INFO: Parsed 20,000,000 alignments.
2018-09-26 22:24:36,808: INFO: 20,000,000 unique reads, 11,434,421 reads kept.
2018-09-26 22:24:36,808: INFO: 0 unmapped reads were filtered.
2018-09-26 22:24:36,808: INFO: 8,565,579 reads were filtered for including NA in barcodes.

2018-09-26 22:35:29,750: INFO: Running featureCounts to annotate alignments.

        ==========     _____ _    _ ____  _____  ______          _____  
        =====         / ____| |  | |  _ \|  __ \|  ____|   /\   |  __ \ 
          =====      | (___ | |  | | |_) | |__) | |__     /  \  | |  | |
            ====      \___ \| |  | |  _ <|  _  /|  __|   / /\ \ | |  | |
              ====    ____) | |__| | |_) | | \ \| |____ / ____ \| |__| |
        ==========   |_____/ \____/|____/|_|  \_\______/_/    \_\_____/
	  v1.6.2

//========================== featureCounts setting ===========================\\
||                                                                            ||
||             Input files : 1 BAM file                                       ||
||                           S results.star_align.bam                         ||
||                                                                            ||
||             Output file : results.star_align.bam.annotation                ||
||                 Summary : results.star_align.bam.annotation.summary        ||
||              Annotation : genes.gtf (GTF)                                  ||
||      Assignment details : <input_file>.featureCounts.bam                   ||
||                      (Note that files are saved to the output directory)   ||
||                                                                            ||
||      Dir for temp files : /broad/hptmp/ssimmons/scumi/mixed1/Celseq3       ||
||                                                                            ||
||                 Threads : 1                                                ||
||                   Level : meta-feature level                               ||
||              Paired-end : no                                               ||
||      Multimapping reads : counted                                          ||
|| Multi-overlapping reads : not counted                                      ||
||   Min overlapping bases : 1                                                ||
||                                                                            ||
\\===================== http://subread.sourceforge.net/ ======================//

//================================= Running ==================================\\
||                                                                            ||
|| Load annotation file genes.gtf ...                                         ||
||    Features : 1808849                                                      ||
||    Meta-features : 62046                                                   ||
||    Chromosomes/contigs : 86                                                ||
||                                                                            ||
|| Process BAM file results.star_align.bam...                                 ||
||    Single-end reads are included.                                          ||
||    Strand specific : stranded                                              ||
||    Assign reads to features...                                             ||
2018-09-26 22:45:35,640: INFO: Parsed 40,000,000 alignments.
2018-09-26 22:45:35,644: INFO: 40,000,000 unique reads, 22,858,474 reads kept.
2018-09-26 22:45:35,644: INFO: 0 unmapped reads were filtered.
2018-09-26 22:45:35,644: INFO: 17,141,525 reads were filtered for including NA in barcodes.

||    Total reads : 50787058                                                  ||
||    Successfully assigned reads : 29312390 (57.7%)                          ||
||    Running time : 10.79 minutes                                            ||
||                                                                            ||
||                         Read assignment finished.                          ||
||                                                                            ||
|| Summary of counting results can be found in file "/broad/hptmp/ssimmons/s  ||
|| cumi/mixed1/Celseq3/results.star_align.bam.annotation.summary"             ||
||                                                                            ||
\\===================== http://subread.sourceforge.net/ ======================//

2018-09-26 22:46:57,433: INFO: Detecting whitelist done, taking 0.200 minutes
2018-09-26 22:46:57,820: INFO: Detected 90 candidate cell barcodes.
2018-09-26 22:46:57,861: INFO: The number of potential collision barcodes (edit distance 1): 0

2018-09-26 22:46:57,861: INFO: Read GTF /ahg/regevdata/projects/sc_compare/ref/cellranger/refdata-cellranger-hg19_and_mm10-2.1.0/genes/genes.gtf
2018-09-26 22:47:13,806: INFO: Parse GTF /ahg/regevdata/projects/sc_compare/ref/cellranger/refdata-cellranger-hg19_and_mm10-2.1.0/genes/genes.gtf done
2018-09-26 22:47:13,808: INFO: Counting molecular info
2018-09-26 22:56:03,776: INFO: Parsed 50,000,000 alignments.
2018-09-26 22:56:03,780: INFO: 50,000,000 unique reads, 28,574,554 reads kept.
2018-09-26 22:56:03,780: INFO: 0 unmapped reads were filtered.
2018-09-26 22:56:03,780: INFO: 21,425,446 reads were filtered for including NA in barcodes.

2018-09-26 22:56:34,025: INFO: Parsed 10,000,000 alignments.
2018-09-26 22:56:34,032: INFO: 10,000,000 unique reads, 5,652,676 reads kept.
2018-09-26 22:56:34,032: INFO: 0 unmapped reads were filtered.
2018-09-26 22:56:34,032: INFO: 4,347,323 reads were filtered for including NA in barcodes.

2018-09-26 23:04:26,603: INFO: Counting molecular info done - 1.014 hours, 57,186,937 alignments/hour

2018-09-26 23:04:26,607: INFO: Converting to a dataframe
2018-09-26 23:04:47,458: INFO: Converting to a dataframe done, taking 0.348 minutes

2018-09-26 23:04:47,744: INFO: Writing molecular info
2018-09-26 23:05:13,281: INFO: Writings molecular info done, taking 0.426 minutes

2018-09-26 23:05:14,157: INFO: Collapsing UMIs
2018-09-26 23:05:53,069: INFO: Parsed 20,000,000 alignments.
2018-09-26 23:05:53,076: INFO: 20,000,000 unique reads, 11,307,331 reads kept.
2018-09-26 23:05:53,077: INFO: 0 unmapped reads were filtered.
2018-09-26 23:05:53,077: INFO: 8,692,669 reads were filtered for including NA in barcodes.

O: Writing final results done, taking 0.048 minutes
2018-09-26 23:06:07,079: INFO: Converting to sparse matrix
2018-09-26 23:06:15,845: INFO: Converting to a sparse matrix done, taking 0.146 minutes
2018-09-26 23:06:15,845: INFO: Output results
2018-09-26 23:06:19,260: INFO: Writing final results done, taking 0.057 minutes
2018-09-26 23:15:20,047: INFO: Parsed 30,000,000 alignments.
2018-09-26 23:15:20,053: INFO: 30,000,000 unique reads, 16,957,054 reads kept.
2018-09-26 23:15:20,054: INFO: 0 unmapped reads were filtered.
2018-09-26 23:15:20,054: INFO: 13,042,946 reads were filtered for including NA in barcodes.

2018-09-26 23:24:33,697: INFO: Parsed 40,000,000 alignments.
2018-09-26 23:24:33,703: INFO: 40,000,000 unique reads, 22,611,834 reads kept.
2018-09-26 23:24:33,703: INFO: 0 unmapped reads were filtered.
2018-09-26 23:24:33,703: INFO: 17,388,165 reads were filtered for including NA in barcodes.

2018-09-26 23:33:44,628: INFO: Parsed 50,000,000 alignments.
2018-09-26 23:33:44,633: INFO: 50,000,000 unique reads, 28,265,189 reads kept.
2018-09-26 23:33:44,633: INFO: 0 unmapped reads were filtered.
2018-09-26 23:33:44,633: INFO: 21,734,811 reads were filtered for including NA in barcodes.

2018-09-26 23:34:28,324: INFO: Counting molecular info done - 0.787 hours, 64,502,538 alignments/hour

2018-09-26 23:34:28,326: INFO: Converting to a dataframe
2018-09-26 23:35:15,175: INFO: Converting to a dataframe done, taking 0.781 minutes

2018-09-26 23:35:15,706: INFO: Writing molecular info
2018-09-26 23:35:49,116: INFO: Writings molecular info done, taking 0.557 minutes

2018-09-26 23:35:50,693: INFO: Collapsing UMIs
2018-09-26 23:36:35,291: INFO: Collapsing UMIs done, taking 0.743 minutes
2018-09-26 23:36:35,756: INFO: Converting to sparse matrix
2018-09-26 23:36:49,641: INFO: Converting to a sparse matrix done, taking 0.231 minutes
2018-09-26 23:36:49,644: INFO: Output results
2018-09-26 23:36:52,049: INFO: Writing final results done, taking 0.040 minutes
2018-09-26 23:36:52,051: INFO: Converting to sparse matrix
2018-09-26 23:37:07,700: INFO: Converting to a sparse matrix done, taking 0.261 minutes
2018-09-26 23:37:07,700: INFO: Output results
2018-09-26 23:37:10,105: INFO: Writing final results done, taking 0.040 minutes
