Setup!
Subsamples!
Wed Sep 26 12:22:36 EDT 2018
Setup!
Subsamples!
Wed Sep 26 12:24:09 EDT 2018
Merge Fastq!
Wed Sep 26 13:05:31 EDT 2018
Merge Fastq!
Wed Sep 26 13:07:54 EDT 2018
Setup!
Subsamples!
Wed Sep 26 13:08:38 EDT 2018
Merge Fastq!
Wed Sep 26 13:55:46 EDT 2018
Setup!
Subsamples!
Wed Sep 26 14:12:30 EDT 2018
Merge Fastq!
Wed Sep 26 14:52:21 EDT 2018
Run Hisat!
Wed Sep 26 19:19:39 EDT 2018
Run Hisat!
Wed Sep 26 19:51:39 EDT 2018
Tag bam!
Wed Sep 26 20:24:51 EDT 2018
/ahg/regevdata/projects/sc_compare/software/subread-1.6.2-Linux-x86_64/bin//featureCounts -g gene_id -t exon -R BAM -T 1 -F GTF -a /ahg/regevdata/projects/sc_compare/ref/cellranger/refdata-cellranger-hg19_and_mm10-2.1.0/genes/genes.gtf -s 1 -M -o /broad/hptmp/ssimmons/scumi/mixed1/Celseq2/results.star_align.bam.annotation /broad/hptmp/ssimmons/scumi/mixed1/Celseq2/results.star_align.bam 

Annotating features done successfully, taking 7.143 minutes
Count!
Wed Sep 26 20:32:18 EDT 2018
Run Hisat!
Wed Sep 26 20:57:36 EDT 2018
Run Hisat!
Wed Sep 26 21:02:04 EDT 2018
Tag bam!
Wed Sep 26 21:23:13 EDT 2018
/ahg/regevdata/projects/sc_compare/software/subread-1.6.2-Linux-x86_64/bin//featureCounts -g gene_id -t exon -R BAM -T 1 -F GTF -a /ahg/regevdata/projects/sc_compare/ref/cellranger/refdata-cellranger-hg19_and_mm10-2.1.0/genes/genes.gtf -s 1 -M -o /broad/hptmp/ssimmons/scumi/mixed1/Celseq1/results.star_align.bam.annotation /broad/hptmp/ssimmons/scumi/mixed1/Celseq1/results.star_align.bam 

Annotating features done successfully, taking 8.936 minutes
Count!
Wed Sep 26 21:32:15 EDT 2018
Done!
Tag bam!
Wed Sep 26 21:56:31 EDT 2018
/ahg/regevdata/projects/sc_compare/software/subread-1.6.2-Linux-x86_64/bin//featureCounts -g gene_id -t exon -R BAM -T 1 -F GTF -a /ahg/regevdata/projects/sc_compare/ref/cellranger/refdata-cellranger-hg19_and_mm10-2.1.0/genes/genes.gtf -s 1 -M -o /broad/hptmp/ssimmons/scumi/mixed1/Celseq4/results.star_align.bam.annotation /broad/hptmp/ssimmons/scumi/mixed1/Celseq4/results.star_align.bam 

Annotating features done successfully, taking 6.557 minutes
Count!
Wed Sep 26 22:03:07 EDT 2018
Done!
Tag bam!
Wed Sep 26 22:35:25 EDT 2018
/ahg/regevdata/projects/sc_compare/software/subread-1.6.2-Linux-x86_64/bin//featureCounts -g gene_id -t exon -R BAM -T 1 -F GTF -a /ahg/regevdata/projects/sc_compare/ref/cellranger/refdata-cellranger-hg19_and_mm10-2.1.0/genes/genes.gtf -s 1 -M -o /broad/hptmp/ssimmons/scumi/mixed1/Celseq3/results.star_align.bam.annotation /broad/hptmp/ssimmons/scumi/mixed1/Celseq3/results.star_align.bam 

Annotating features done successfully, taking 11.159 minutes
Count!
Wed Sep 26 22:46:39 EDT 2018
Done!
Done!
