mkdir: cannot create directory `/broad/hptmp/ssimmons/scumi/mixed2/CelSeq1': File exists
mkdir: cannot create directory `/broad/hptmp/ssimmons/scumi/mixed2/CelSeq2': File exists
mkdir: cannot create directory `/broad/hptmp/ssimmons/scumi/mixed2/CelSeq3': File exists
mkdir: cannot create directory `/broad/hptmp/ssimmons/scumi/mixed2/CelSeq4': File exists
2018-10-05 09:44:26,757: INFO: Cell barcode in configure file
2018-10-05 09:44:26,759: INFO: UMI in config file
2018-10-05 09:45:48,679: INFO: Processed 320,000 reads!
2018-10-05 09:47:14,215: INFO: Processed 640,000 reads!
2018-10-05 09:48:41,028: INFO: Processed 960,000 reads!
2018-10-05 09:50:06,596: INFO: Processed 1,280,000 reads!
ile
2018-10-05 09:49:59,074: INFO: UMI in config file
2018-10-05 09:51:29,560: INFO: Processed 1,600,000 reads!
2018-10-05 09:52:50,638: INFO: Processed 640,000 reads!
 file
2018-10-05 09:52:19,455: INFO: UMI in config file
2018-10-05 09:52:54,603: INFO: Processed 1,920,000 reads!
2018-10-05 09:53:43,997: INFO: Processed 320,000 reads!
2018-10-05 09:54:19,581: INFO: Processed 960,000 reads!
2018-10-05 09:54:22,244: INFO: Processed 2,240,000 reads!
2018-10-05 09:55:11,010: INFO: Processed 640,000 reads!
2018-10-05 09:55:48,879: INFO: Processed 2,560,000 reads!
2018-10-05 09:56:40,752: INFO: Processed 960,000 reads!
2018-10-05 09:57:14,117: INFO: Processed 2,880,000 reads!
2018-10-05 09:58:38,789: INFO: Processed 3,200,000 reads!
2018-10-05 10:00:07,288: INFO: Processed 3,520,000 reads!
2018-10-05 10:01:34,026: INFO: Processed 2,560,000 reads!
2018-10-05 10:01:35,548: INFO: Processed 3,840,000 reads!
2018-10-05 10:02:30,738: INFO: Processed 2,240,000 reads!
2018-10-05 10:03:01,474: INFO: Processed 2,880,000 reads!
2018-10-05 10:04:26,877: INFO: Processed 3,200,000 reads!
2018-10-05 10:05:53,195: INFO: Processed 3,520,000 reads!
2018-10-05 10:07:22,788: INFO: Processed 3,840,000 reads!
2018-10-05 10:08:45,646: INFO: Processed 5,440,000 reads!
2018-10-05 10:08:53,121: INFO: Processed 4,160,000 reads!
2018-10-05 10:10:13,155: INFO: Processed 5,760,000 reads!
2018-10-05 10:10:20,374: INFO: Processed 4,480,000 reads!
2018-10-05 10:11:36,671: INFO: Processed 6,080,000 reads!
2018-10-05 10:11:45,986: INFO: Processed 4,800,000 reads!
2018-10-05 10:12:43,856: INFO: Processed 4,480,000 reads!
ile
2018-10-05 10:12:17,086: INFO: UMI in config file
2018-10-05 10:13:10,145: INFO: Processed 5,120,000 reads!
2018-10-05 10:14:12,385: INFO: Processed 4,800,000 reads2018-10-05 10:14:37,859: INFO: Processed 5,440,000 reads!
2018-10-05 10:15:38,628: INFO: Processed 5,120,000 reads2018-10-05 10:16:07,161: INFO: Processed 5,760,000 reads!
2018-10-05 10:17:02,950: INFO: Processed 5,440,000 reads202018-10-05 10:17:35,712: INFO: Processed 6,080,000 reads!
2018-10-05 10:18:56,005: INFO: Processed 7,680,000 reads!
2018-10-05 10:19:03,623: INFO: Processed 6,400,000 reads!
2018-10-05 10:20:08,779: INFO: Processed 1,600,000 reads!
2018-10-05 10:20:28,330: INFO: Processed 8,000,000 reads!
2018-10-05 10:21:44,714: INFO: Processed 1,920,000 reads!
2018-10-05 10:21:57,936: INFO: Processed 8,320,000 reads!
2018-10-05 10:23:20,646: INFO: Processed 2,240,000 reads!
2018-10-05 10:23:27,844: INFO: Processed 7,360,000 reads!
2018-10-05 10:24:18,397: INFO: Processed 7,040,000 reads!
2018-10-05 10:24:56,614: INFO: Processed 7,680,000 reads!
2018-10-05 10:25:42,206: INFO: Processed 7,360,000 reads!
2018-10-05 10:26:26,785: INFO: Processed 9,280,000 reads!
2018-10-05 10:27:08,329: INFO: Processed 7,680,000 reads!
2018-10-05 10:28:01,531: INFO: Processed 3,200,000 reads!
2018-10-05 10:28:37,440: INFO: Processed 8,000,000 reads!
2018-10-05 10:29:38,912: INFO: Processed 3,520,000 reads!
2018-10-05 10:30:06,399: INFO: Processed 8,320,000 reads!
2018-10-05 10:31:14,771: INFO: Processed 3,840,000 reads!

2018-10-05 10:31:33,310: INFO: Processed 8,640,000 reads!
2018-10-05 10:32:27,305: INFO: Processed 10,560,000 reads!22018-10-05 10:32:58,824: INFO: Processed 8,960,000 reads!
2018-10-05 10:33:59,244: INFO: Processed 10,880,000 reads!2018-10-05 10:34:25,848: INFO: Processed 4,480,000 reads!
2018-10-05 10:35:28,380: INFO: Processed 11,200,000 reads!2018-10-05 10:35:57,776: INFO: Processed 4,800,000 reads!
2018-10-05 10:36:55,773: INFO: Processed 11,520,000 reads!
2018-10-05 10:37:31,463: INFO: Processed 5,120,000 reads!
2018-10-05 10:38:23,275: INFO: Processed 11,840,000 reads!
2018-10-05 10:39:08,148: INFO: Processed 5,440,000 reads!

2018-10-05 10:39:54,455: INFO: Processed 12,160,000 reads!
2018-10-05 10:40:12,341: INFO: Processed 10,560,000 reads!
2018-10-05 10:41:03,431: INFO: Processed 11,200,000 reads!22018-10-05 10:41:36,889: INFO: Processed 10,880,000 reads!
2018-10-05 10:42:30,345: INFO: Processed 11,520,000 reads!22018-10-05 10:43:03,775: INFO: Processed 11,200,000 reads!
2018-10-05 10:44:17,780: INFO: Processed 13,120,000 reads!
2018-10-05 10:44:33,005: INFO: Processed 11,520,000 reads!
2018-10-05 10:45:44,163: INFO: Processed 13,440,000 reads!
2018-10-05 10:46:00,780: INFO: Processed 11,840,000 reads!
2018-10-05 10:47:12,808: INFO: Processed 13,760,000 reads!
2018-10-05 10:47:27,202: INFO: Processed 12,160,000 reads!
2018-10-05 10:48:39,424: INFO: Processed 14,080,000 reads!
2018-10-05 10:48:52,763: INFO: Processed 12,480,000 reads!
2018-10-05 10:50:06,578: INFO: Processed 7,680,000 reads!

2018-10-05 10:50:19,000: INFO: Processed 12,800,000 reads!
2018-10-05 10:51:42,506: INFO: Processed 8,000,000 reads!

2018-10-05 10:51:47,633: INFO: Processed 13,120,000 reads!
2018-10-05 10:52:56,281: INFO: Processed 15,040,000 reads!
2018-10-05 10:53:20,020: INFO: Processed 8,320,000 reads!

2018-10-05 10:54:40,968: INFO: Processed 13,760,000 reads!
2018-10-05 10:54:56,409: INFO: Processed 8,640,000 reads!
2018-10-05 10:56:06,071: INFO: Processed 14,080,000 reads!
2018-10-05 10:57:02,358: INFO: Processed 14,720,000 reads!2018-10-05 10:57:30,525: INFO: Processed 14,400,000 reads!
2018-10-05 10:58:31,247: INFO: Processed 15,040,000 reads!2018-10-05 10:58:58,978: INFO: Processed 14,720,000 reads!
2018-10-05 10:59:59,999: INFO: Processed 15,360,000 reads!2018-10-05 11:00:28,383: INFO: Processed 15,040,000 reads!
2018-10-05 11:01:36,136: INFO: Processed 16,960,000 reads!
2018-10-05 11:01:56,603: INFO: Processed 15,360,000 reads!
2018-10-05 11:03:00,231: INFO: Processed 17,280,000 reads!
2018-10-05 11:03:22,930: INFO: Processed 15,680,000 reads!
2018-10-05 11:04:27,322: INFO: Processed 10,560,000 reads!
2018-10-05 11:04:47,409: INFO: Processed 16,000,000 reads!
2018-10-05 11:06:13,071: INFO: Processed 16,320,000 reads!
2018-10-05 11:07:41,819: INFO: Processed 16,640,000 reads!
2018-10-05 11:08:46,282: INFO: Processed 18,560,000 reads!
2018-10-05 11:09:15,358: INFO: Processed 11,520,000 reads!
2018-10-05 11:10:10,887: INFO: Processed 18,880,000 reads!
2018-10-05 11:10:48,363: INFO: Processed 11,840,000 reads!
2018-10-05 11:11:38,166: INFO: Processed 19,200,000 reads!
2018-10-05 11:12:22,988: INFO: Processed 12,160,000 reads!
2018-10-05 11:13:26,311: INFO: Processed 17,920,000 reads!
2018-10-05 11:14:30,331: INFO: Processed 19,840,000 reads!
2018-10-05 11:14:53,613: INFO: Processed 18,240,000 reads!
2018-10-05 11:15:53,766: INFO: Processed 18,880,000 reads!
2018-10-05 11:16:22,949: INFO: Processed 18,560,000 reads!
2018-10-05 11:17:17,286: INFO: Processed 20,480,000 reads!
2018-10-05 11:17:50,919: INFO: Processed 18,880,000 reads!
2018-10-05 11:18:48,802: INFO: Processed 13,440,000 reads!
2018-10-05 11:19:18,718: INFO: Processed 19,200,000 reads!
2018-10-05 11:20:08,514: INFO: Processed 21,120,000 reads!
2018-10-05 11:20:43,360: INFO: Processed 19,520,000 reads!
2018-10-05 11:21:54,875: INFO: Processed 14,080,000 reads!
2018-10-05 11:22:09,765: INFO: Processed 19,840,000 reads!
2018-10-05 11:23:07,406: INFO: Processed 20,480,000 reads!
2018-10-05 11:23:39,486: INFO: Processed 20,160,000 reads!
2018-10-05 11:24:33,273: INFO: Processed 20,800,000 reads!
2018-10-05 11:25:08,992: INFO: Processed 20,480,000 reads!
2018-10-05 11:26:01,447: INFO: Processed 21,120,000 reads!
2018-10-05 11:26:42,927: INFO: Processed 15,040,000 reads!
2018-10-05 11:27:30,584: INFO: Processed 21,440,000 reads!
2018-10-05 11:28:19,144: INFO: Processed 15,360,000 reads!
2018-10-05 11:28:57,465: INFO: Processed 21,760,000 reads!
2018-10-05 11:29:54,768: INFO: Processed 15,680,000 reads!
2018-10-05 11:30:22,655: INFO: Processed 22,080,000 reads!
2018-10-05 11:31:26,185: INFO: Processed 23,680,000 reads!
2018-10-05 11:31:48,657: INFO: Processed 22,400,000 reads!
2018-10-05 11:32:51,362: INFO: Processed 24,000,000 reads!
2018-10-05 11:33:17,427: INFO: Processed 22,720,000 reads!
2018-10-05 11:34:16,054: INFO: Processed 24,320,000 reads!
2018-10-05 11:34:45,917: INFO: Processed 23,040,000 reads!
2018-10-05 11:35:42,390: INFO: Processed 24,640,000 reads!
2018-10-05 11:36:13,336: INFO: Processed 16,960,000 reads!
2018-10-05 11:37:11,048: INFO: Processed 24,960,000 reads!
2018-10-05 11:37:51,043: INFO: Processed 17,280,000 reads!
2018-10-05 11:38:38,618: INFO: Processed 25,280,000 reads!
2018-10-05 11:39:27,571: INFO: Processed 17,600,000 reads!
2018-10-05 11:40:01,898: INFO: Processed 25,600,000 reads!
2018-10-05 11:41:01,042: INFO: Processed 17,920,000 reads!
2018-10-05 11:41:28,137: INFO: Processed 25,920,000 reads!
2018-10-05 11:41:59,767: INFO: Processed 24,640,000 reads!
2018-10-05 11:42:57,221: INFO: Processed 26,240,000 reads!
2018-10-05 11:43:25,896: INFO: Processed 24,960,000 reads!
2018-10-05 11:44:24,992: INFO: Processed 26,560,000 reads!
2018-10-05 11:44:50,100: INFO: Processed 25,280,000 reads!
2018-10-05 11:45:50,705: INFO: Processed 26,880,000 reads!
2018-10-05 11:46:15,531: INFO: Processed 25,600,000 reads!
2018-10-05 11:47:17,716: INFO: Processed 19,200,000 reads!
2018-10-05 11:47:43,918: INFO: Processed 25,920,000 reads!
2018-10-05 11:48:55,477: INFO: Processed 19,520,000 reads!
2018-10-05 11:49:12,514: INFO: Processed 26,240,000 reads!
2018-10-05 11:50:31,332: INFO: Processed 19,840,000 reads!
2018-10-05 11:50:38,585: INFO: Processed 26,560,000 reads!
2018-10-05 11:51:40,034: INFO: Processed 28,160,000 reads!
2018-10-05 11:52:07,324: INFO: Processed 20,160,000 reads!
2018-10-05 11:53:05,404: INFO: Processed 28,480,000 reads!
2018-10-05 11:53:40,352: INFO: Processed 20,480,000 reads!
2018-10-05 11:54:31,532: INFO: Processed 28,800,000 reads!
2018-10-05 11:55:12,144: INFO: Processed 20,800,000 reads!
2018-10-05 11:56:00,383: INFO: Processed 29,120,000 reads!
2018-10-05 11:56:42,993: INFO: Processed 21,120,000 reads!
2018-10-05 11:57:50,742: INFO: Processed 28,160,000 reads!
2018-10-05 11:58:17,343: INFO: Processed 21,440,000 reads!
2018-10-05 11:58:54,947: INFO: Processed 29,760,000 reads!
2018-10-05 12:00:19,084: INFO: Processed 30,080,000 reads!
2018-10-05 12:00:44,423: INFO: Processed 28,800,000 reads!
2018-10-05 12:01:47,002: INFO: Processed 30,400,000 reads!
2018-10-05 12:02:13,978: INFO: Processed 29,120,000 reads!
2018-10-05 12:03:14,599: INFO: Processed 30,720,000 reads!
2018-10-05 12:03:41,287: INFO: Processed 29,440,000 reads!
2018-10-05 12:05:06,605: INFO: Processed 29,760,000 reads!
2018-10-05 12:06:08,081: INFO: Processed 29,440,000 reads!
2018-10-05 12:06:32,056: INFO: Processed 30,080,000 reads!
2018-10-05 12:07:42,043: INFO: Processed 23,360,000 reads!
2018-10-05 12:08:01,376: INFO: Processed 30,400,000 reads!
2018-10-05 12:09:16,476: INFO: Processed 23,680,000 reads!
2018-10-05 12:09:31,393: INFO: Processed 30,720,000 reads!
2018-10-05 12:10:53,634: INFO: Processed 24,000,000 reads!
2018-10-05 12:10:59,220: INFO: Processed 31,040,000 reads!
2018-10-05 12:11:58,116: INFO: Processed 30,720,000 reads!
2018-10-05 12:12:30,374: INFO: Processed 24,320,000 reads!
2018-10-05 12:13:24,303: INFO: Processed 31,040,000 reads!
2018-10-05 12:14:05,472: INFO: Processed 24,640,000 reads!
2018-10-05 12:14:47,755: INFO: Processed 31,360,000 reads!
2018-10-05 12:15:39,996: INFO: Processed 24,960,000 reads!
2018-10-05 12:16:15,034: INFO: Processed 31,680,000 reads!
2018-10-05 12:17:13,256: INFO: Processed 25,280,000 reads!
2018-10-05 12:17:44,343: INFO: Processed 32,000,000 reads!
2018-10-05 12:18:43,583: INFO: Processed 25,600,000 reads!
2018-10-05 12:19:12,828: INFO: Processed 32,320,000 reads!
2018-10-05 12:19:47,249: INFO: Processed 32,960,000 reads!
2018-10-05 12:20:40,056: INFO: Processed 32,640,000 reads!
2018-10-05 12:21:13,843: INFO: Processed 33,280,000 reads!
2018-10-05 12:22:04,729: INFO: Processed 32,960,000 reads!
2018-10-05 12:22:43,846: INFO: Processed 33,600,000 reads!
2018-10-05 12:23:32,359: INFO: Processed 26,560,000 reads!
2018-10-05 12:24:14,303: INFO: Processed 33,920,000 reads!
2018-10-05 12:25:08,468: INFO: Processed 26,880,000 reads!
2018-10-05 12:25:43,021: INFO: Processed 34,240,000 reads!
2018-10-05 12:26:27,354: INFO: Processed 33,920,000 reads!
2018-10-05 12:27:09,776: INFO: Processed 34,560,000 reads!
2018-10-05 12:28:15,119: INFO: Processed 27,520,000 reads!
2018-10-05 12:28:37,358: INFO: Processed 34,880,000 reads!
2018-10-05 12:29:47,086: INFO: Processed 27,840,000 reads!
2018-10-05 12:30:08,022: INFO: Processed 35,200,000 reads!
2018-10-05 12:30:46,322: INFO: Processed 34,880,000 reads!
2018-10-05 12:31:22,644: INFO: Processed 28,160,000 reads!
2018-10-05 12:32:13,146: INFO: Processed 35,200,000 reads!
2018-10-05 12:33:00,160: INFO: Processed 28,480,000 reads!
2018-10-05 12:33:07,143: INFO: Processed 35,840,000 reads!
2018-10-05 12:33:42,293: INFO: Processed 35,520,000 reads!
2018-10-05 12:34:35,725: INFO: Processed 28,800,000 reads!
2018-10-05 12:35:10,991: INFO: Processed 35,840,000 reads!
2018-10-05 12:36:10,481: INFO: Processed 29,120,000 reads!
2018-10-05 12:36:38,634: INFO: Processed 36,160,000 reads!
2018-10-05 12:38:01,399: INFO: Processed 38,400,000 reads!
2018-10-05 12:38:04,225: INFO: Processed 36,480,000 reads!
2018-10-05 12:39:29,126: INFO: Processed 38,720,000 reads!
2018-10-05 12:40:56,734: INFO: Processed 37,120,000 reads!
2018-10-05 12:40:58,789: INFO: Processed 39,040,000 reads!
2018-10-05 12:41:53,979: INFO: Processed 37,760,000 reads!
2018-10-05 12:42:26,072: INFO: Processed 39,360,000 reads!
2018-10-05 12:43:51,989: INFO: Processed 39,680,000 reads!
2018-10-05 12:43:53,039: INFO: Processed 37,760,000 reads!
2018-10-05 12:45:18,973: INFO: Processed 38,080,000 reads!
2018-10-05 12:45:39,688: INFO: Processed 31,040,000 reads!
2018-10-05 12:46:46,318: INFO: Processed 40,320,000 reads!
2018-10-05 12:47:13,962: INFO: Processed 31,360,000 reads!
2018-10-05 12:48:15,973: INFO: Processed 40,640,000 reads!
2018-10-05 12:49:12,772: INFO: Processed 39,360,000 reads!
2018-10-05 12:49:37,279: INFO: Processed 39,040,000 reads!
2018-10-05 12:50:40,889: INFO: Processed 39,680,000 reads!
2018-10-05 12:51:07,971: INFO: Processed 41,280,000 reads!
2018-10-05 12:52:10,805: INFO: Processed 40,000,000 reads!
2018-10-05 12:52:35,482: INFO: Processed 41,600,000 reads!
2018-10-05 12:53:39,481: INFO: Processed 40,320,000 reads!
2018-10-05 12:54:04,073: INFO: Processed 41,920,000 reads!
2018-10-05 12:55:04,526: INFO: Processed 32,960,000 reads!
2018-10-05 12:55:30,711: INFO: Processed 42,240,000 reads!
2018-10-05 12:56:55,907: INFO: Processed 42,560,000 reads!
2018-10-05 12:58:25,134: INFO: Processed 40,960,000 reads!
2018-10-05 12:59:52,796: INFO: Processed 41,280,000 reads!
2018-10-05 13:01:21,934: INFO: Processed 34,240,000 reads!
2018-10-05 13:02:45,814: INFO: Processed 41,920,000 reads!
2018-10-05 13:02:53,116: INFO: Processed 34,560,000 reads!
2018-10-05 13:04:11,475: INFO: Processed 44,160,000 reads!
2018-10-05 13:04:28,103: INFO: Processed 34,880,000 reads!
2018-10-05 13:05:40,093: INFO: Processed 44,480,000 reads!
2018-10-05 13:06:05,173: INFO: Processed 35,200,000 reads!
2018-10-05 13:06:38,737: INFO: Processed 43,200,000 reads!
2018-10-05 13:07:11,941: INFO: Processed 42,880,000 reads!
2018-10-05 13:08:04,712: INFO: Processed 43,520,000 reads!
2018-10-05 13:08:38,736: INFO: Processed 43,200,000 reads!
2018-10-05 13:09:29,245: INFO: Processed 43,840,000 reads!
2018-10-05 13:10:04,510: INFO: Processed 43,520,000 reads!
2018-10-05 13:10:53,332: INFO: Processed 44,160,000 reads!
2018-10-05 13:11:31,817: INFO: Processed 43,840,000 reads!
2018-10-05 13:12:22,408: INFO: Processed 36,480,000 reads!
2018-10-05 13:13:01,788: INFO: Processed 44,160,000 reads!
2018-10-05 13:13:54,553: INFO: Processed 36,800,000 reads!
2018-10-05 13:14:31,689: INFO: Processed 44,480,000 reads!
2018-10-05 13:15:29,248: INFO: Processed 37,120,000 reads!
2018-10-05 13:16:00,310: INFO: Processed 44,800,000 reads!
2018-10-05 13:17:06,326: INFO: Processed 37,440,000 reads!
2018-10-05 13:17:26,528: INFO: Processed 45,120,000 reads!
2018-10-05 13:18:10,867: INFO: Processed 45,760,000 reads!
2018-10-05 13:18:53,840: INFO: Processed 45,440,000 reads!
2018-10-05 13:19:39,747: INFO: Processed 46,080,000 reads!
2018-10-05 13:20:24,107: INFO: Processed 45,760,000 reads!
2018-10-05 13:21:08,678: INFO: Processed 46,400,000 reads!
2018-10-05 13:21:53,829: INFO: Processed 46,080,000 reads!
2018-10-05 13:23:04,863: INFO: Processed 48,320,000 reads!
2018-10-05 13:23:25,680: INFO: Processed 38,720,000 reads!
2018-10-05 13:24:01,117: INFO: Processed 47,040,000 reads!
2018-10-05 13:24:59,300: INFO: Processed 39,040,000 reads!
2018-10-05 13:25:28,029: INFO: Processed 47,360,000 reads!
2018-10-05 13:26:17,190: INFO: Processed 47,040,000 reads!
2018-10-05 13:26:58,327: INFO: Processed 47,680,000 reads!
2018-10-05 13:27:45,794: INFO: Processed 47,360,000 reads!
2018-10-05 13:28:27,532: INFO: Processed 48,000,000 reads!
2018-10-05 13:29:16,237: INFO: Processed 47,680,000 reads!
2018-10-05 13:29:55,544: INFO: Processed 48,320,000 reads!
2018-10-05 13:30:45,909: INFO: Processed 48,000,000 reads!
2018-10-05 13:31:23,576: INFO: Processed 40,320,000 reads!
2018-10-05 13:32:13,521: INFO: Processed 48,320,000 reads!
2018-10-05 13:32:54,435: INFO: Processed 40,640,000 reads!
2018-10-05 13:33:40,279: INFO: Processed 48,640,000 reads!
2018-10-05 13:34:46,836: INFO: Processed 50,880,000 reads!
2018-10-05 13:35:06,119: INFO: Processed 48,960,000 reads!
2018-10-05 13:36:11,555: INFO: Processed 51,200,000 reads!
2018-10-05 13:36:35,556: INFO: Processed 49,280,000 reads!
2018-10-05 13:37:41,370: INFO: Processed 51,520,000 reads!
2018-10-05 13:38:05,702: INFO: Processed 49,600,000 reads!
2018-10-05 13:39:11,009: INFO: Processed 51,840,000 reads!
2018-10-05 13:39:33,270: INFO: Processed 49,920,000 reads!
2018-10-05 13:40:40,392: INFO: Processed 52,160,000 reads!
2018-10-05 13:40:59,281: INFO: Processed 50,240,000 reads!
2018-10-05 13:42:06,258: INFO: Processed 52,480,000 reads!
2018-10-05 13:42:28,153: INFO: Processed 42,560,000 reads!
2018-10-05 13:43:35,549: INFO: Processed 52,800,000 reads!
2018-10-05 13:44:00,828: INFO: Processed 42,880,000 reads!
2018-10-05 13:45:04,944: INFO: Processed 53,120,000 reads!
2018-10-05 13:45:33,507: INFO: Processed 43,200,000 reads!
2018-10-05 13:46:02,327: INFO: Processed 51,840,000 reads!
2018-10-05 13:46:51,941: INFO: Processed 51,520,000 reads!
2018-10-05 13:47:31,389: INFO: Processed 52,160,000 reads!
2018-10-05 13:48:18,091: INFO: Processed 51,840,000 reads!
2018-10-05 13:49:01,565: INFO: Processed 52,480,000 reads!
2018-10-05 13:49:43,374: INFO: Processed 52,160,000 reads!
2018-10-05 13:50:29,906: INFO: Processed 52,800,000 reads!
2018-10-05 13:51:11,396: INFO: Processed 52,480,000 reads!
2018-10-05 13:52:24,482: INFO: Processed 54,720,000 reads!
2018-10-05 13:52:41,480: INFO: Processed 52,800,000 reads!
2018-10-05 13:53:49,657: INFO: Processed 55,040,000 reads!
2018-10-05 13:54:10,830: INFO: Processed 53,120,000 reads!
2018-10-05 13:55:13,776: INFO: Processed 55,360,000 reads!
2018-10-05 13:55:38,618: INFO: Processed 53,440,000 reads!
2018-10-05 13:56:42,936: INFO: Processed 55,680,000 reads!
2018-10-05 13:57:05,319: INFO: Processed 53,760,000 reads!
2018-10-05 13:58:13,879: INFO: Processed 45,760,000 reads!
2018-10-05 13:58:31,569: INFO: Processed 54,080,000 reads!
2018-10-05 13:59:36,399: INFO: Processed 56,320,000 reads!
2018-10-05 14:00:01,241: INFO: Processed 54,400,000 reads!
2018-10-05 14:00:58,950: INFO: Processed 56,640,000 reads!
2018-10-05 14:01:31,400: INFO: Processed 54,720,000 reads!
2018-10-05 14:02:27,326: INFO: Processed 56,960,000 reads!
2018-10-05 14:03:04,303: INFO: Processed 46,720,000 reads!
2018-10-05 14:03:55,222: INFO: Processed 57,280,000 reads!
2018-10-05 14:04:40,625: INFO: Processed 47,040,000 reads!
2018-10-05 14:05:22,285: INFO: Processed 57,600,000 reads!
2018-10-05 14:06:15,742: INFO: Processed 47,360,000 reads!
2018-10-05 14:06:45,390: INFO: Processed 57,920,000 reads!
2018-10-05 14:07:48,257: INFO: Processed 47,680,000 reads!
2018-10-05 14:08:11,699: INFO: Processed 58,240,000 reads!
2018-10-05 14:09:21,394: INFO: Processed 48,000,000 reads!
2018-10-05 14:09:41,114: INFO: Processed 58,560,000 reads!
2018-10-05 14:10:19,535: INFO: Processed 56,640,000 reads!
2018-10-05 14:11:08,189: INFO: Processed 57,280,000 reads!
2018-10-05 14:11:47,947: INFO: Processed 56,960,000 reads!
2018-10-05 14:12:35,703: INFO: Processed 48,640,000 reads!
2018-10-05 14:13:13,637: INFO: Processed 57,280,000 reads!
2018-10-05 14:14:12,868: INFO: Processed 48,960,000 reads!
2018-10-05 14:14:41,017: INFO: Processed 57,600,000 reads!
2018-10-05 14:15:48,626: INFO: Processed 49,280,000 reads!
2018-10-05 14:16:10,960: INFO: Processed 57,920,000 reads!
2018-10-05 14:17:23,214: INFO: Processed 49,600,000 reads!
2018-10-05 14:17:40,234: INFO: Processed 58,240,000 reads!
2018-10-05 14:18:30,954: INFO: Processed 58,880,000 reads!
2018-10-05 14:19:07,735: INFO: Processed 58,560,000 reads!
2018-10-05 14:19:57,403: INFO: Processed 59,200,000 reads!
2018-10-05 14:20:34,688: INFO: Processed 58,880,000 reads!
2018-10-05 14:21:23,383: INFO: Processed 59,520,000 reads!
2018-10-05 14:22:02,724: INFO: Processed 50,560,000 reads!
2018-10-05 14:23:01,102: INFO: Processed 61,440,000 reads!
2018-10-05 14:23:40,336: INFO: Processed 50,880,000 reads!
2018-10-05 14:24:32,926: INFO: Processed 61,760,000 reads!
2018-10-05 14:25:17,671: INFO: Processed 51,200,000 reads!
2018-10-05 14:25:57,040: INFO: Processed 62,080,000 reads!
2018-10-05 14:26:53,915: INFO: Processed 51,520,000 reads!
2018-10-05 14:27:22,264: INFO: Processed 62,400,000 reads!
2018-10-05 14:27:55,010: INFO: Processed 60,480,000 reads!
2018-10-05 14:28:51,112: INFO: Processed 62,720,000 reads!
2018-10-05 14:29:20,470: INFO: Processed 60,800,000 reads!
2018-10-05 14:30:19,708: INFO: Processed 63,040,000 reads!
2018-10-05 14:30:49,406: INFO: Processed 61,120,000 reads!
2018-10-05 14:31:56,590: INFO: Processed 63,360,000 reads!
2018-10-05 14:32:19,934: INFO: Processed 61,440,000 reads!
2018-10-05 14:33:24,980: INFO: Processed 63,680,000 reads!
2018-10-05 14:33:48,612: INFO: Processed 61,760,000 reads!
2018-10-05 14:34:48,533: INFO: Processed 53,120,000 reads!
2018-10-05 14:35:15,936: INFO: Processed 62,080,000 reads!
2018-10-05 14:35:54,254: INFO: Processed 62,720,000 reads!
2018-10-05 14:36:41,024: INFO: Processed 62,400,000 reads!
2018-10-05 14:37:23,195: INFO: Processed 63,040,000 reads!
2018-10-05 14:38:07,941: INFO: Processed 62,720,000 reads!
2018-10-05 14:38:50,972: INFO: Processed 63,360,000 reads!
2018-10-05 14:39:38,241: INFO: Processed 63,040,000 reads!
2018-10-05 14:40:18,249: INFO: Processed 63,680,000 reads!
2018-10-05 14:41:11,758: INFO: Processed 54,400,000 reads!
2018-10-05 14:41:42,411: INFO: Processed 64,000,000 reads!
2018-10-05 14:42:45,234: INFO: Processed 54,720,000 reads!
2018-10-05 14:43:09,460: INFO: Processed 64,320,000 reads!
2018-10-05 14:44:22,322: INFO: Processed 55,040,000 reads!
2018-10-05 14:44:40,795: INFO: Processed 64,640,000 reads!
2018-10-05 14:45:28,795: INFO: Processed 64,320,000 reads!
2018-10-05 14:46:09,341: INFO: Processed 64,960,000 reads!
2018-10-05 14:46:59,109: INFO: Processed 64,640,000 reads!
2018-10-05 14:47:35,984: INFO: Processed 55,680,000 reads!
2018-10-05 14:48:29,512: INFO: Processed 64,960,000 reads!
2018-10-05 14:49:11,409: INFO: Processed 56,000,000 reads!
2018-10-05 14:49:57,116: INFO: Processed 65,280,000 reads!
2018-10-05 14:50:46,190: INFO: Processed 56,320,000 reads!
2018-10-05 14:50:45,596: INFO: Formatting fastq done, taking 5.105 hours
2018-10-05 14:51:24,580: INFO: Processed 65,600,000 reads!
2018-10-05 14:52:20,414: INFO: Processed 56,640,000 reads!
2018-10-05 14:52:50,194: INFO: Processed 65,920,000 reads!
2018-10-05 14:53:53,344: INFO: Processed 56,960,000 reads!
2018-10-05 14:54:19,909: INFO: Processed 66,240,000 reads!
2018-10-05 14:54:53,882: INFO: Processed 66,880,000 reads!
2018-10-05 14:55:49,913: INFO: Processed 66,560,000 reads!
2018-10-05 14:56:18,169: INFO: Processed 67,200,000 reads!
2018-10-05 14:57:19,145: INFO: Processed 66,880,000 reads!
2018-10-05 14:57:46,962: INFO: Processed 67,520,000 reads!
2018-10-05 14:58:46,837: INFO: Processed 67,200,000 reads!
2018-10-05 14:59:16,855: INFO: Processed 67,840,000 reads!
2018-10-05 15:00:21,980: INFO: Processed 58,240,000 reads!
2018-10-05 15:00:45,586: INFO: Processed 68,160,000 reads!
2018-10-05 15:01:55,709: INFO: Processed 58,560,000 reads!
2018-10-05 15:02:12,872: INFO: Processed 68,480,000 reads!
2018-10-05 15:03:36,954: INFO: Processed 68,800,000 reads!
2018-10-05 15:05:05,063: INFO: Processed 69,120,000 reads!
2018-10-05 15:06:34,338: INFO: Processed 69,440,000 reads!
2018-10-05 15:06:40,644: INFO: Processed 59,520,000 reads!
2018-10-05 15:07:30,238: INFO: Processed 69,120,000 reads!
2018-10-05 15:08:18,347: INFO: Processed 59,840,000 reads!
2018-10-05 15:08:58,000: INFO: Processed 69,440,000 reads!
2018-10-05 15:09:54,813: INFO: Processed 60,160,000 reads!
2018-10-05 15:10:55,707: INFO: Processed 70,400,000 reads!
2018-10-05 15:11:57,001: INFO: Processed 70,080,000 reads!
2018-10-05 15:12:25,178: INFO: Processed 70,720,000 reads!
2018-10-05 15:13:25,855: INFO: Processed 70,400,000 reads!
2018-10-05 15:13:54,397: INFO: Processed 71,040,000 reads!
2018-10-05 15:14:51,710: INFO: Processed 70,720,000 reads!
2018-10-05 15:15:20,097: INFO: Processed 71,360,000 reads!
2018-10-05 15:16:18,900: INFO: Processed 71,040,000 reads!
2018-10-05 15:16:44,107: INFO: Processed 71,680,000 reads!
2018-10-05 15:18:10,842: INFO: Processed 72,000,000 reads!
2018-10-05 15:19:41,209: INFO: Processed 72,320,000 reads!
2018-10-05 15:21:10,442: INFO: Processed 72,640,000 reads!
2018-10-05 15:22:38,702: INFO: Processed 62,720,000 reads!
2018-10-05 15:24:01,308: INFO: Processed 73,280,000 reads!
2018-10-05 15:24:12,390: INFO: Processed 63,040,000 reads!
2018-10-05 15:25:27,628: INFO: Processed 73,600,000 reads!
2018-10-05 15:25:46,847: INFO: Processed 63,360,000 reads!
2018-10-05 15:26:57,087: INFO: Processed 73,920,000 reads!
2018-10-05 15:27:17,804: INFO: Processed 63,680,000 reads!
2018-10-05 15:28:25,605: INFO: Processed 74,240,000 reads!
2018-10-05 15:28:53,713: INFO: Processed 64,000,000 reads!
2018-10-05 15:29:34,237: INFO: Processed 73,920,000 reads!
2018-10-05 15:30:00,376: INFO: Processed 74,880,000 reads!
2018-10-05 15:30:00,458: INFO: Formatting fastq done, taking 5.667 hours
2018-10-05 15:30:57,835: INFO: Processed 74,240,000 reads!
d; of these:
    21080438 (31.91%) aligned 0 times
    27671416 (41.88%) aligned exactly 1 time
    17317669 (26.21%) aligned >1 times
68.09% overall alignment rate
2018-10-05 15:32:26,266: INFO: Processed 74,560,000 reads!
2018-10-05 15:33:56,335: INFO: Processed 74,880,000 reads!
2018-10-05 15:35:25,933: INFO: Processed 75,200,000 reads!
2018-10-05 15:36:54,719: INFO: Processed 75,520,000 reads!
2018-10-05 15:38:25,826: INFO: Processed 65,920,000 reads!
2018-10-05 15:40:02,044: INFO: Processed 66,240,000 reads!
2018-10-05 15:41:39,309: INFO: Processed 66,560,000 reads!
otate alignments.

        ==========     _____ _    _ ____  _____  ______          _____  
        =====         / ____| |  | |  _ \|  __ \|  ____|   /\   |  __ \ 
          =====      | (___ | |  | | |_) | |__) | |__     /  \  | |  | |
            ====      \___ \| |  | |  _ <|  _  /|  __|   / /\ \ | |  | |
              ====    ____) | |__| | |_) | | \ \| |____ / ____ \| |__| |
        ==========   |_____/ \____/|____/|_|  \_\______/_/    \_\_____/
	  v1.6.2

//========================== featureCounts setting ===========================\\
||                                                                            ||
||             Input files : 1 BAM file                                       ||
||                           S results.star_align.bam                         ||
||                                                                            ||
||             Output file : results.star_align.bam.annotation                ||
||                 Summary : results.star_align.bam.annotation.summary        ||
||              Annotation : genes.gtf (GTF)                                  ||
||      Assignment details : <input_file>.featureCounts.bam                   ||
||                      (Note that files are saved to the output directory)   ||
||                                                                            ||
||      Dir for temp files : /broad/hptmp/ssimmons/scumi/mixed2/CelSeq1       ||
||                                                                            ||
||                 Threads : 1                                                ||
||                   Level : meta-feature level                               ||
||              Paired-end : no                                               ||
||      Multimapping reads : counted                                          ||
|| Multi-overlapping reads : not counted                                      ||
||   Min overlapping bases : 1                                                ||
||                                                                            ||
\\===================== http://subread.sourceforge.net/ ======================//

//================================= Running ==================================\\
||                                                                            ||
|| Load annotation file genes.gtf ...                                         ||
||    Features : 1808849                                                      ||
||    Meta-features : 62046                                                   ||
||    Chromosomes/contigs : 86                                                ||
||                                                                            ||
|| Process BAM file results.star_align.bam...                                 ||
||    Single-end reads are included.                                          ||
||    Strand specific : stranded                                              ||
||    Assign reads to features...                                             ||
2018-10-05 15:42:42,936: INFO: Processed 76,800,000 reads!
2018-10-05 15:43:16,910: INFO: Processed 66,880,000 reads!
2018-10-05 15:44:12,094: INFO: Processed 77,120,000 reads!
2018-10-05 15:44:52,665: INFO: Processed 67,200,000 reads!
2018-10-05 15:45:39,160: INFO: Processed 77,440,000 reads!
2018-10-05 15:46:26,895: INFO: Processed 67,520,000 reads!
2018-10-05 15:47:05,178: INFO: Processed 77,760,000 reads!
                   ||
||    Successfully assigned reads : 25371698 (56.4%)                          ||
||    Running time : 5.44 minutes                                             ||
||                                                                            ||
||                         Read assignment finished.                          ||
||                                                                            ||
|| Summary of counting results can be found in file "/broad/hptmp/ssimmons/s  ||
|| cumi/mixed2/CelSeq1/results.star_align.bam.annotation.summary"             ||
||                                                                            ||
\\===================== http://subread.sourceforge.net/ ======================//

2018-10-05 15:47:35,962: INFO: Detected 96 candidate cell barcodes.
2018-10-05 15:47:36,015: INFO: The number of potential collision barcodes (edit distance 1): 0

2018-10-05 15:47:36,016: INFO: Read GTF /ahg/regevdata/projects/sc_compare/ref/cellranger/refdata-cellranger-hg19_and_mm10-2.1.0/genes/genes.gtf
2018-10-05 15:47:51,972: INFO: Parse GTF /ahg/regevdata/projects/sc_compare/ref/cellranger/refdata-cellranger-hg19_and_mm10-2.1.0/genes/genes.gtf done
2018-10-05 15:47:51,973: INFO: Counting molecular info
2018-10-05 15:48:00,657: INFO: Processed 67,840,000 reads!
2018-10-05 15:48:35,227: INFO: Processed 78,080,000 reads!
2018-10-05 15:49:32,737: INFO: Processed 68,160,000 reads!
2018-10-05 15:50:04,769: INFO: Processed 78,400,000 reads!
2018-10-05 15:51:32,821: INFO: Processed 78,720,000 reads!
2018-10-05 15:52:57,569: INFO: Processed 79,040,000 reads!
2018-10-05 15:54:24,494: INFO: Processed 69,120,000 reads!
2018-10-05 15:56:00,571: INFO: Processed 69,440,000 reads!
2018-10-05 15:57:35,211: INFO: Processed 69,760,000 reads!
2018-10-05 15:58:47,361: INFO: Processed 80,320,000 reads!
.
2018-10-05 15:58:25,127: INFO: 10,000,000 unique reads, 5,513,167 reads kept.
2018-10-05 15:58:25,127: INFO: 0 unmapped reads were filtered.
2018-10-05 15:58:25,127: INFO: 4,486,833 reads were filtered for including NA in barcodes.

2018-10-05 15:59:09,359: INFO: Processed 70,080,000 reads!
2018-10-05 16:00:41,256: INFO: Processed 70,400,000 reads!
2018-10-05 16:01:37,189: INFO: Processed 80,960,000 reads!
2018-10-05 16:02:17,791: INFO: Processed 70,720,000 reads!
2018-10-05 16:03:02,778: INFO: Processed 81,280,000 reads!
2018-10-05 16:03:55,694: INFO: Processed 71,040,000 reads!
2018-10-05 16:04:31,814: INFO: Processed 81,600,000 reads!
2018-10-05 16:06:01,233: INFO: Processed 81,920,000 reads!
2018-10-05 16:07:29,283: INFO: Processed 82,240,000 reads!
2018-10-05 16:08:18,589: INFO: Processed 82,560,000 reads!
2018-10-05 16:08:18,623: INFO: Formatting fastq done, taking 6.266 hours
2018-10-05 16:09:01,100: INFO: Parsed 20,000,000 alignments.
2018-10-05 16:09:01,103: INFO: 20,000,000 unique reads, 11,035,284 reads kept.
2018-10-05 16:09:01,103: INFO: 0 unmapped reads were filtered.
2018-10-05 16:09:01,103: INFO: 8,964,715 reads were filtered for including NA in barcodes.

2018-10-05 16:10:16,574: INFO: Processed 72,320,000 reads!
2018-10-05 16:11:49,743: INFO: Processed 72,640,000 reads!
2018-10-05 16:13:26,508: INFO: Processed 72,960,000 reads!
2018-10-05 16:15:05,037: INFO: Processed 73,280,000 reads!
73237669 reads; of these:
  73237669 (100.00%) were unpaired; of these:
    21654200 (29.57%) aligned 0 times
    30873756 (42.16%) aligned exactly 1 time
    20709713 (28.28%) aligned >1 times
70.43% overall alignment rate
2018-10-05 16:16:42,222: INFO: Processed 73,600,000 reads!
2018-10-05 16:18:18,000: INFO: Processed 73,920,000 reads!
2018-10-05 16:19:53,759: INFO: Processed 74,240,000 reads!
.
2018-10-05 16:19:37,246: INFO: 30,000,000 unique reads, 16,560,348 reads kept.
2018-10-05 16:19:37,246: INFO: 0 unmapped reads were filtered.
2018-10-05 16:19:37,246: INFO: 13,439,652 reads were filtered for including NA in barcodes.

2018-10-05 16:21:27,800: INFO: Processed 74,560,000 reads!
2018-10-05 16:23:00,738: INFO: Processed 74,880,000 reads!
2018-10-05 16:24:37,866: INFO: Processed 75,200,000 reads!
2018-10-05 16:26:16,285: INFO: Processed 75,520,000 reads!
2018-10-05 16:28:08,682: INFO: Running featureCounts to annotate alignments.

        ==========     _____ _    _ ____  _____  ______          _____  
        =====         / ____| |  | |  _ \|  __ \|  ____|   /\   |  __ \ 
          =====      | (___ | |  | | |_) | |__) | |__     /  \  | |  | |
            ====      \___ \| |  | |  _ <|  _  /|  __|   / /\ \ | |  | |
              ====    ____) | |__| | |_) | | \ \| |____ / ____ \| |__| |
        ==========   |_____/ \____/|____/|_|  \_\______/_/    \_\_____/
	  v1.6.2

//========================== featureCounts setting ===========================\\
||                                                                            ||
||             Input files : 1 BAM file                                       ||
||                           S results.star_align.bam                         ||
||                                                                            ||
||             Output file : results.star_align.bam.annotation                ||
||                 Summary : results.star_align.bam.annotation.summary        ||
||              Annotation : genes.gtf (GTF)                                  ||
||      Assignment details : <input_file>.featureCounts.bam                   ||
||                      (Note that files are saved to the output directory)   ||
||                                                                            ||
||      Dir for temp files : /broad/hptmp/ssimmons/scumi/mixed2/CelSeq3       ||
||                                                                            ||
||                 Threads : 1                                                ||
||                   Level : meta-feature level                               ||
||              Paired-end : no                                               ||
||      Multimapping reads : counted                                          ||
|| Multi-overlapping reads : not counted                                      ||
||   Min overlapping bases : 1                                                ||
||                                                                            ||
\\===================== http://subread.sourceforge.net/ ======================//

//================================= Running ==================================\\
||                                                                            ||
|| Load annotation file genes.gtf ...                                         ||
||    Features : 1808849                                                      ||
||    Meta-features : 62046                                                   ||
||    Chromosomes/contigs : 86                                                ||
||                                                                            ||
|| Process BAM file results.star_align.bam...                                 ||
||    Single-end reads are included.                                          ||
||    Strand specific : stranded                                              ||
||    Assign reads to features...                                             ||
2018-10-05 16:29:29,871: INFO: Processed 76,160,000 reads!
2018-10-05 16:30:15,375: INFO: Parsed 40,000,000 alignments.
2018-10-05 16:30:15,378: INFO: 40,000,000 unique reads, 22,092,409 reads kept.
2018-10-05 16:30:15,378: INFO: 0 unmapped reads were filtered.
2018-10-05 16:30:15,378: INFO: 17,907,590 reads were filtered for including NA in barcodes.

2018-10-05 16:31:04,987: INFO: Processed 76,480,000 reads!
2018-10-05 16:32:39,012: INFO: Processed 76,800,000 reads!
2018-10-05 16:34:11,079: INFO: Processed 77,120,000 reads!
                   ||
||    Successfully assigned reads : 30748794 (59.6%)                          ||
||    Running time : 5.83 minutes                                             ||
||                                                                            ||
||                         Read assignment finished.                          ||
||                                                                            ||
|| Summary of counting results can be found in file "/broad/hptmp/ssimmons/s  ||
|| cumi/mixed2/CelSeq3/results.star_align.bam.annotation.summary"             ||
||                                                                            ||
\\===================== http://subread.sourceforge.net/ ======================//

2018-10-05 16:34:30,011: INFO: Detected 96 candidate cell barcodes.
2018-10-05 16:34:30,065: INFO: The number of potential collision barcodes (edit distance 1): 0

2018-10-05 16:34:30,065: INFO: Read GTF /ahg/regevdata/projects/sc_compare/ref/cellranger/refdata-cellranger-hg19_and_mm10-2.1.0/genes/genes.gtf
2018-10-05 16:34:46,359: INFO: Parse GTF /ahg/regevdata/projects/sc_compare/ref/cellranger/refdata-cellranger-hg19_and_mm10-2.1.0/genes/genes.gtf done
2018-10-05 16:34:46,361: INFO: Counting molecular info
2018-10-05 16:35:47,644: INFO: Processed 77,440,000 reads!
 - 0.795 hours, 56,574,442 alignments/hour

2018-10-05 16:35:34,765: INFO: Converting to a dataframe
2018-10-05 16:35:56,100: INFO: Converting to a dataframe done, taking 0.356 minutes

2018-10-05 16:35:56,374: INFO: Writing molecular info
2018-10-05 16:36:24,299: INFO: Writings molecular info done, taking 0.465 minutes

2018-10-05 16:36:24,928: INFO: Collapsing UMIs
2018-10-05 16:37:25,614: INFO: Processed 77,760,000 reads!
 0.725 minutes
2018-10-05 16:37:08,704: INFO: Converting to sparse matrix
2018-10-05 16:37:17,340: INFO: Converting to a sparse matrix done, taking 0.144 minutes
2018-10-05 16:37:17,340: INFO: Output results
2018-10-05 16:37:20,084: INFO: Writing final results done, taking 0.046 minutes
2018-10-05 16:37:20,085: INFO: Converting to sparse matrix
2018-10-05 16:37:29,319: INFO: Converting to a sparse matrix done, taking 0.154 minutes
2018-10-05 16:37:29,319: INFO: Output results
2018-10-05 16:37:32,005: INFO: Writing final results done, taking 0.045 minutes
2018-10-05 16:39:03,501: INFO: Processed 78,080,000 reads!
2018-10-05 16:40:39,713: INFO: Processed 78,400,000 reads!
2018-10-05 16:42:15,330: INFO: Processed 78,720,000 reads!
2018-10-05 16:43:48,832: INFO: Processed 79,040,000 reads!
2018-10-05 16:45:41,639: INFO: Parsed 10,000,000 alignments.
2018-10-05 16:45:41,642: INFO: 10,000,000 unique reads, 5,824,834 reads kept.
2018-10-05 16:45:41,643: INFO: 0 unmapped reads were filtered.
2018-10-05 16:45:41,643: INFO: 4,175,165 reads were filtered for including NA in barcodes.

2018-10-05 16:46:59,325: INFO: Processed 79,680,000 reads!
2018-10-05 16:48:37,740: INFO: Processed 80,000,000 reads!
2018-10-05 16:50:15,536: INFO: Processed 80,320,000 reads!
2018-10-05 16:51:51,475: INFO: Processed 80,640,000 reads!
2018-10-05 16:53:26,830: INFO: Processed 80,960,000 reads!
2018-10-05 16:54:59,582: INFO: Processed 81,280,000 reads!
2018-10-05 16:56:37,936: INFO: Parsed 20,000,000 alignments.
2018-10-05 16:56:37,939: INFO: 20,000,000 unique reads, 11,664,200 reads kept.
2018-10-05 16:56:37,939: INFO: 0 unmapped reads were filtered.
2018-10-05 16:56:37,939: INFO: 8,335,799 reads were filtered for including NA in barcodes.

2018-10-05 16:58:10,924: INFO: Processed 81,920,000 reads!
d; of these:
    24130354 (30.25%) aligned 0 times
    34367593 (43.08%) aligned exactly 1 time
    21280781 (26.67%) aligned >1 times
69.75% overall alignment rate
2018-10-05 16:59:49,633: INFO: Processed 82,240,000 reads!
2018-10-05 17:01:26,886: INFO: Processed 82,560,000 reads!
2018-10-05 17:03:02,043: INFO: Processed 82,880,000 reads!
2018-10-05 17:04:37,916: INFO: Processed 83,200,000 reads!
2018-10-05 17:06:10,749: INFO: Processed 83,520,000 reads!
2018-10-05 17:07:45,868: INFO: Processed 83,840,000 reads!
.
2018-10-05 17:07:34,594: INFO: 30,000,000 unique reads, 17,500,298 reads kept.
2018-10-05 17:07:34,595: INFO: 0 unmapped reads were filtered.
2018-10-05 17:07:34,595: INFO: 12,499,701 reads were filtered for including NA in barcodes.

2018-10-05 17:09:23,872: INFO: Processed 84,160,000 reads!
2018-10-05 17:11:01,196: INFO: Running featureCounts to annotate alignments.

        ==========     _____ _    _ ____  _____  ______          _____  
        =====         / ____| |  | |  _ \|  __ \|  ____|   /\   |  __ \ 
          =====      | (___ | |  | | |_) | |__) | |__     /  \  | |  | |
            ====      \___ \| |  | |  _ <|  _  /|  __|   / /\ \ | |  | |
              ====    ____) | |__| | |_) | | \ \| |____ / ____ \| |__| |
        ==========   |_____/ \____/|____/|_|  \_\______/_/    \_\_____/
	  v1.6.2

//========================== featureCounts setting ===========================\\
||                                                                            ||
||             Input files : 1 BAM file                                       ||
||                           S results.star_align.bam                         ||
||                                                                            ||
||             Output file : results.star_align.bam.annotation                ||
||                 Summary : results.star_align.bam.annotation.summary        ||
||              Annotation : genes.gtf (GTF)                                  ||
||      Assignment details : <input_file>.featureCounts.bam                   ||
||                      (Note that files are saved to the output directory)   ||
||                                                                            ||
||      Dir for temp files : /broad/hptmp/ssimmons/scumi/mixed2/CelSeq2       ||
||                                                                            ||
||                 Threads : 1                                                ||
||                   Level : meta-feature level                               ||
||              Paired-end : no                                               ||
||      Multimapping reads : counted                                          ||
|| Multi-overlapping reads : not counted                                      ||
||   Min overlapping bases : 1                                                ||
||                                                                            ||
\\===================== http://subread.sourceforge.net/ ======================//

//================================= Running ==================================\\
||                                                                            ||
|| Load annotation file genes.gtf ...                                         ||
||    Features : 1808849                                                      ||
||    Meta-features : 62046                                                   ||
||    Chromosomes/contigs : 86                                                ||
||                                                                            ||
|| Process BAM file results.star_align.bam...                                 ||
||    Single-end reads are included.                                          ||
||    Strand specific : stranded                                              ||
||    Assign reads to features...                                             ||
2018-10-05 17:12:39,094: INFO: Processed 84,800,000 reads!
2018-10-05 17:14:12,906: INFO: Processed 85,120,000 reads!
2018-10-05 17:15:47,923: INFO: Processed 85,440,000 reads!
2018-10-05 17:17:19,548: INFO: Processed 85,760,000 reads!
||    Total reads : 55648374                                                  ||
||    Successfully assigned reads : 32508224 (58.4%)                          ||
||    Running time : 6.61 minutes                                             ||
||                                                                            ||
||                         Read assignment finished.                          ||
||                                                                            ||
|| Summary of counting results can be found in file "/broad/hptmp/ssimmons/s  ||
|| cumi/mixed2/CelSeq2/results.star_align.bam.annotation.summary"             ||
||                                                                            ||
\\===================== http://subread.sourceforge.net/ ======================//

2018-10-05 17:18:34,440: INFO: Parsed 40,000,000 alignments.
2018-10-05 17:18:34,444: INFO: 40,000,000 unique reads, 23,342,507 reads kept.
2018-10-05 17:18:34,444: INFO: 0 unmapped reads were filtered.
2018-10-05 17:18:34,444: INFO: 16,657,493 reads were filtered for including NA in barcodes.

es/genes.gtf
2018-10-05 17:18:26,745: INFO: Parse GTF /ahg/regevdata/projects/sc_compare/ref/cellranger/refdata-cellranger-hg19_and_mm10-2.1.0/genes/genes.gtf done
2018-10-05 17:18:26,746: INFO: Counting molecular info
2018-10-05 17:18:55,476: INFO: Processed 86,080,000 reads!
2018-10-05 17:20:33,723: INFO: Processed 86,400,000 reads!
2018-10-05 17:22:12,214: INFO: Processed 86,720,000 reads!
2018-10-05 17:23:49,430: INFO: Processed 87,040,000 reads!
2018-10-05 17:25:25,584: INFO: Processed 87,360,000 reads!
2018-10-05 17:27:00,411: INFO: Processed 87,680,000 reads!
2018-10-05 17:28:31,413: INFO: Processed 88,000,000 reads!
2018-10-05 17:29:36,685: INFO: Parsed 50,000,000 alignments.
2018-10-05 17:29:36,688: INFO: 50,000,000 unique reads, 29,182,079 reads kept.
2018-10-05 17:29:36,688: INFO: 0 unmapped reads were filtered.
2018-10-05 17:29:36,688: INFO: 20,817,920 reads were filtered for including NA in barcodes.

2018-10-05 17:30:07,526: INFO: Processed 88,320,000 reads!
2018-10-05 17:31:45,585: INFO: Processed 88,640,000 reads!
 - 0.943 hours, 54,704,805 alignments/hour

2018-10-05 17:31:20,956: INFO: Converting to a dataframe
2018-10-05 17:31:42,274: INFO: Converting to a dataframe done, taking 0.355 minutes

2018-10-05 17:31:42,516: INFO: Writing molecular info
2018-10-05 17:32:07,824: INFO: Writings molecular info done, taking 0.422 minutes

2018-10-05 17:32:08,412: INFO: Collapsing UMIs
2018-10-05 17:32:49,169: INFO: Collapsing UMIs done, taking 0.679 minutes
2018-10-05 17:32:49,440: INFO: Converting to sparse matrix
2018-10-05 17:32:58,136: INFO: Converting to a sparse matrix done, taking 0.145 minutes
2018-10-05 17:32:58,137: INFO: Output results
2018-10-05 17:33:00,983: INFO: Writing final results done, taking 0.047 minutes
2018-10-05 17:33:00,984: INFO: Converting to sparse matrix
2018-10-05 17:33:09,879: INFO: Converting to a sparse matrix done, taking 0.148 minutes
2018-10-05 17:33:09,880: INFO: Output results
2018-10-05 17:33:12,750: INFO: Writing final results done, taking 0.048 minutes
2018-10-05 17:33:22,914: INFO: Processed 88,960,000 reads!
2018-10-05 17:34:59,375: INFO: Processed 89,280,000 reads!
2018-10-05 17:36:35,033: INFO: Processed 89,600,000 reads!
2018-10-05 17:38:06,909: INFO: Processed 89,920,000 reads!
2018-10-05 17:39:55,872: INFO: Parsed 20,000,000 alignments.
2018-10-05 17:39:55,876: INFO: 20,000,000 unique reads, 11,437,134 reads kept.
2018-10-05 17:39:55,876: INFO: 0 unmapped reads were filtered.
2018-10-05 17:39:55,876: INFO: 8,562,865 reads were filtered for including NA in barcodes.

2018-10-05 17:41:16,415: INFO: Processed 90,560,000 reads!
2018-10-05 17:42:54,471: INFO: Processed 90,880,000 reads!
2018-10-05 17:44:31,504: INFO: Processed 91,200,000 reads!
2018-10-05 17:46:08,370: INFO: Processed 91,520,000 reads!
2018-10-05 17:47:43,758: INFO: Processed 91,840,000 reads!
2018-10-05 17:49:15,646: INFO: Processed 92,160,000 reads!
2018-10-05 17:50:49,640: INFO: Processed 92,480,000 reads!
.
2018-10-05 17:50:34,832: INFO: 30,000,000 unique reads, 17,162,886 reads kept.
2018-10-05 17:50:34,832: INFO: 0 unmapped reads were filtered.
2018-10-05 17:50:34,832: INFO: 12,837,114 reads were filtered for including NA in barcodes.

2018-10-05 17:52:27,454: INFO: Processed 92,800,000 reads!
2018-10-05 17:54:06,367: INFO: Processed 93,120,000 reads!
2018-10-05 17:55:43,301: INFO: Processed 93,440,000 reads!
2018-10-05 17:57:19,603: INFO: Processed 93,760,000 reads!
2018-10-05 17:58:53,860: INFO: Processed 94,080,000 reads!
2018-10-05 18:00:24,882: INFO: Processed 94,400,000 reads!
2018-10-05 18:01:10,501: INFO: Parsed 40,000,000 alignments.
2018-10-05 18:01:10,504: INFO: 40,000,000 unique reads, 22,888,487 reads kept.
2018-10-05 18:01:10,504: INFO: 0 unmapped reads were filtered.
2018-10-05 18:01:10,504: INFO: 17,111,513 reads were filtered for including NA in barcodes.

2018-10-05 18:01:59,445: INFO: Processed 94,720,000 reads!
2018-10-05 18:03:37,513: INFO: Processed 95,040,000 reads!
2018-10-05 18:05:15,328: INFO: Processed 95,360,000 reads!
2018-10-05 18:06:52,686: INFO: Processed 95,680,000 reads!
2018-10-05 18:08:27,804: INFO: Processed 96,000,000 reads!
2018-10-05 18:10:02,305: INFO: Processed 96,320,000 reads!
2018-10-05 18:11:42,835: INFO: Parsed 50,000,000 alignments.
2018-10-05 18:11:42,839: INFO: 50,000,000 unique reads, 28,616,120 reads kept.
2018-10-05 18:11:42,839: INFO: 0 unmapped reads were filtered.
2018-10-05 18:11:42,839: INFO: 21,383,880 reads were filtered for including NA in barcodes.

2018-10-05 18:13:05,872: INFO: Processed 96,960,000 reads!
2018-10-05 18:14:43,412: INFO: Processed 97,280,000 reads!
2018-10-05 18:16:21,118: INFO: Processed 97,600,000 reads!
2018-10-05 18:17:57,614: INFO: Processed 97,920,000 reads!
 - 0.987 hours, 56,388,104 alignments/hour

2018-10-05 18:17:39,522: INFO: Converting to a dataframe
2018-10-05 18:18:09,862: INFO: Converting to a dataframe done, taking 0.506 minutes

2018-10-05 18:18:10,289: INFO: Writing molecular info
2018-10-05 18:18:46,304: INFO: Writings molecular info done, taking 0.600 minutes

2018-10-05 18:18:47,015: INFO: Collapsing UMIs
2018-10-05 18:19:49,577: INFO: Collapsing UMIs done, taking 1.043 minutes
2018-10-05 18:19:49,978: INFO: Converting to sparse matrix
2018-10-05 18:20:00,275: INFO: Converting to a sparse matrix done, taking 0.172 minutes
2018-10-05 18:20:00,276: INFO: Output results
2018-10-05 18:20:03,634: INFO: Writing final results done, taking 0.056 minutes
2018-10-05 18:20:03,636: INFO: Converting to sparse matrix
2018-10-05 18:20:14,326: INFO: Converting to a sparse matrix done, taking 0.178 minutes
2018-10-05 18:20:14,328: INFO: Output results
2018-10-05 18:20:17,582: INFO: Writing final results done, taking 0.054 minutes
2018-10-05 18:21:08,485: INFO: Processed 98,560,000 reads!
2018-10-05 18:22:37,446: INFO: Processed 98,880,000 reads!
2018-10-05 18:24:09,887: INFO: Processed 99,200,000 reads!
2018-10-05 18:25:46,091: INFO: Processed 99,520,000 reads!
2018-10-05 18:27:23,542: INFO: Processed 99,840,000 reads!
2018-10-05 18:28:59,906: INFO: Processed 100,160,000 reads!
2018-10-05 18:30:36,451: INFO: Processed 100,480,000 reads!
2018-10-05 18:32:10,787: INFO: Processed 100,800,000 reads!
2018-10-05 18:33:41,563: INFO: Processed 101,120,000 reads!
2018-10-05 18:35:18,077: INFO: Processed 101,440,000 reads!
2018-10-05 18:36:55,539: INFO: Processed 101,760,000 reads!
2018-10-05 18:38:33,021: INFO: Processed 102,080,000 reads!
2018-10-05 18:40:09,394: INFO: Processed 102,400,000 reads!
2018-10-05 18:41:41,497: INFO: Processed 102,720,000 reads!
2018-10-05 18:43:12,394: INFO: Processed 103,040,000 reads!
2018-10-05 18:44:42,776: INFO: Processed 103,360,000 reads!
2018-10-05 18:46:17,909: INFO: Processed 103,680,000 reads!
2018-10-05 18:47:55,343: INFO: Processed 104,000,000 reads!
2018-10-05 18:49:32,418: INFO: Processed 104,320,000 reads!
2018-10-05 18:51:08,980: INFO: Processed 104,640,000 reads!
2018-10-05 18:52:44,440: INFO: Processed 104,960,000 reads!
2018-10-05 18:54:13,645: INFO: Processed 105,280,000 reads!
2018-10-05 18:55:43,524: INFO: Processed 105,600,000 reads!
2018-10-05 18:57:17,646: INFO: Processed 105,920,000 reads!
2018-10-05 18:58:54,856: INFO: Processed 106,240,000 reads!
2018-10-05 19:00:32,848: INFO: Processed 106,560,000 reads!
2018-10-05 19:02:08,305: INFO: Processed 106,880,000 reads!
2018-10-05 19:03:44,255: INFO: Processed 107,200,000 reads!
2018-10-05 19:04:14,550: INFO: Processed 107,520,000 reads!
2018-10-05 19:04:14,567: INFO: Formatting fastq done, taking 8.866 hours
101160847 reads; of these:
  101160847 (100.00%) were unpaired; of these:
    33350602 (32.97%) aligned 0 times
    40861049 (40.39%) aligned exactly 1 time
    26949196 (26.64%) aligned >1 times
67.03% overall alignment rate
2018-10-05 20:26:38,683: INFO: Running featureCounts to annotate alignments.

        ==========     _____ _    _ ____  _____  ______          _____  
        =====         / ____| |  | |  _ \|  __ \|  ____|   /\   |  __ \ 
          =====      | (___ | |  | | |_) | |__) | |__     /  \  | |  | |
            ====      \___ \| |  | |  _ <|  _  /|  __|   / /\ \ | |  | |
              ====    ____) | |__| | |_) | | \ \| |____ / ____ \| |__| |
        ==========   |_____/ \____/|____/|_|  \_\______/_/    \_\_____/
	  v1.6.2

//========================== featureCounts setting ===========================\\
||                                                                            ||
||             Input files : 1 BAM file                                       ||
||                           S results.star_align.bam                         ||
||                                                                            ||
||             Output file : results.star_align.bam.annotation                ||
||                 Summary : results.star_align.bam.annotation.summary        ||
||              Annotation : genes.gtf (GTF)                                  ||
||      Assignment details : <input_file>.featureCounts.bam                   ||
||                      (Note that files are saved to the output directory)   ||
||                                                                            ||
||      Dir for temp files : /broad/hptmp/ssimmons/scumi/mixed2/CelSeq4       ||
||                                                                            ||
||                 Threads : 1                                                ||
||                   Level : meta-feature level                               ||
||              Paired-end : no                                               ||
||      Multimapping reads : counted                                          ||
|| Multi-overlapping reads : not counted                                      ||
||   Min overlapping bases : 1                                                ||
||                                                                            ||
\\===================== http://subread.sourceforge.net/ ======================//

//================================= Running ==================================\\
||                                                                            ||
|| Load annotation file genes.gtf ...                                         ||
||    Features : 1808849                                                      ||
||    Meta-features : 62046                                                   ||
||    Chromosomes/contigs : 86                                                ||
||                                                                            ||
|| Process BAM file results.star_align.bam...                                 ||
||    Single-end reads are included.                                          ||
||    Strand specific : stranded                                              ||
||    Assign reads to features...                                             ||
||    Total reads : 67810245                                                  ||
||    Successfully assigned reads : 41642841 (61.4%)                          ||
||    Running time : 8.47 minutes                                             ||
||                                                                            ||
||                         Read assignment finished.                          ||
||                                                                            ||
|| Summary of counting results can be found in file "/broad/hptmp/ssimmons/s  ||
|| cumi/mixed2/CelSeq4/results.star_align.bam.annotation.summary"             ||
||                                                                            ||
\\===================== http://subread.sourceforge.net/ ======================//

2018-10-05 20:35:35,755: INFO: Detected 96 candidate cell barcodes.
2018-10-05 20:35:35,817: INFO: The number of potential collision barcodes (edit distance 1): 0

2018-10-05 20:35:35,817: INFO: Read GTF /ahg/regevdata/projects/sc_compare/ref/cellranger/refdata-cellranger-hg19_and_mm10-2.1.0/genes/genes.gtf
2018-10-05 20:35:53,335: INFO: Parse GTF /ahg/regevdata/projects/sc_compare/ref/cellranger/refdata-cellranger-hg19_and_mm10-2.1.0/genes/genes.gtf done
2018-10-05 20:35:53,336: INFO: Counting molecular info
2018-10-05 20:48:39,565: INFO: Parsed 10,000,000 alignments.
2018-10-05 20:48:39,568: INFO: 10,000,000 unique reads, 6,006,630 reads kept.
2018-10-05 20:48:39,568: INFO: 0 unmapped reads were filtered.
2018-10-05 20:48:39,568: INFO: 3,993,370 reads were filtered for including NA in barcodes.

2018-10-05 21:01:21,858: INFO: Parsed 20,000,000 alignments.
2018-10-05 21:01:21,861: INFO: 20,000,000 unique reads, 12,023,544 reads kept.
2018-10-05 21:01:21,861: INFO: 0 unmapped reads were filtered.
2018-10-05 21:01:21,861: INFO: 7,976,455 reads were filtered for including NA in barcodes.

2018-10-05 21:14:02,841: INFO: Parsed 30,000,000 alignments.
2018-10-05 21:14:02,844: INFO: 30,000,000 unique reads, 18,038,151 reads kept.
2018-10-05 21:14:02,844: INFO: 0 unmapped reads were filtered.
2018-10-05 21:14:02,844: INFO: 11,961,849 reads were filtered for including NA in barcodes.

2018-10-05 21:26:44,708: INFO: Parsed 40,000,000 alignments.
2018-10-05 21:26:44,710: INFO: 40,000,000 unique reads, 24,054,997 reads kept.
2018-10-05 21:26:44,711: INFO: 0 unmapped reads were filtered.
2018-10-05 21:26:44,711: INFO: 15,945,002 reads were filtered for including NA in barcodes.

2018-10-05 21:39:27,114: INFO: Parsed 50,000,000 alignments.
2018-10-05 21:39:27,117: INFO: 50,000,000 unique reads, 30,076,798 reads kept.
2018-10-05 21:39:27,117: INFO: 0 unmapped reads were filtered.
2018-10-05 21:39:27,117: INFO: 19,923,202 reads were filtered for including NA in barcodes.

2018-10-05 21:52:11,134: INFO: Parsed 60,000,000 alignments.
2018-10-05 21:52:11,137: INFO: 60,000,000 unique reads, 36,092,478 reads kept.
2018-10-05 21:52:11,137: INFO: 0 unmapped reads were filtered.
2018-10-05 21:52:11,137: INFO: 23,907,521 reads were filtered for including NA in barcodes.

2018-10-05 22:02:07,423: INFO: Counting molecular info done - 1.437 hours, 47,180,675 alignments/hour

2018-10-05 22:02:07,425: INFO: Converting to a dataframe
2018-10-05 22:02:38,616: INFO: Converting to a dataframe done, taking 0.520 minutes

2018-10-05 22:02:39,049: INFO: Writing molecular info
2018-10-05 22:03:25,548: INFO: Writings molecular info done, taking 0.775 minutes

2018-10-05 22:03:26,326: INFO: Collapsing UMIs
2018-10-05 22:04:34,702: INFO: Collapsing UMIs done, taking 1.140 minutes
2018-10-05 22:04:35,132: INFO: Converting to sparse matrix
2018-10-05 22:04:46,061: INFO: Converting to a sparse matrix done, taking 0.182 minutes
2018-10-05 22:04:46,062: INFO: Output results
2018-10-05 22:04:50,718: INFO: Writing final results done, taking 0.078 minutes
2018-10-05 22:04:50,719: INFO: Converting to sparse matrix
2018-10-05 22:05:01,864: INFO: Converting to a sparse matrix done, taking 0.186 minutes
2018-10-05 22:05:01,865: INFO: Output results
2018-10-05 22:05:06,501: INFO: Writing final results done, taking 0.077 minutes
