
gzip: _{16}_count/comb.1.fastq.gz: unexpected end of file
Usage: seqtk sample [-s seed=11] <in.fa> <frac>|<number>

Warning: Large memory consumption for large <number>.

gzip: _{17}_count/comb.1.fastq.gz: unexpected end of file
Usage: seqtk sample [-s seed=11] <in.fa> <frac>|<number>

Warning: Large memory consumption for large <number>.

gzip: _{18}_count/comb.1.fastq.gz: unexpected end of file
Usage: seqtk sample [-s seed=11] <in.fa> <frac>|<number>

Warning: Large memory consumption for large <number>.

gzip: _{19}_count/comb.1.fastq.gz: unexpected end of file
Usage: seqtk sample [-s seed=11] <in.fa> <frac>|<number>

Warning: Large memory consumption for large <number>.

gzip: _{20}_count/comb.1.fastq.gz: unexpected end of file
Usage: seqtk sample [-s seed=11] <in.fa> <frac>|<number>

Warning: Large memory consumption for large <number>.

gzip: _{21}_count/comb.1.fastq.gz: unexpected end of file
Usage: seqtk sample [-s seed=11] <in.fa> <frac>|<number>

Warning: Large memory consumption for large <number>.

gzip: _{22}_count/comb.1.fastq.gz: unexpected end of file
Usage: seqtk sample [-s seed=11] <in.fa> <frac>|<number>

Warning: Large memory consumption for large <number>.

gzip: _{23}_count/comb.1.fastq.gz: unexpected end of file
Usage: seqtk sample [-s seed=11] <in.fa> <frac>|<number>

Warning: Large memory consumption for large <number>.

gzip: _{24}_count/comb.1.fastq.gz: unexpected end of file
Usage: seqtk sample [-s seed=11] <in.fa> <frac>|<number>

Warning: Large memory consumption for large <number>.

gzip: _{25}_count/comb.1.fastq.gz: unexpected end of file
Usage: seqtk sample [-s seed=11] <in.fa> <frac>|<number>

Warning: Large memory consumption for large <number>.

gzip: _{26}_count/comb.1.fastq.gz: unexpected end of file
Usage: seqtk sample [-s seed=11] <in.fa> <frac>|<number>

Warning: Large memory consumption for large <number>.

gzip: _{27}_count/comb.1.fastq.gz: unexpected end of file
Usage: seqtk sample [-s seed=11] <in.fa> <frac>|<number>

Warning: Large memory consumption for large <number>.

gzip: _{28}_count/comb.1.fastq.gz: unexpected end of file
Usage: seqtk sample [-s seed=11] <in.fa> <frac>|<number>

Warning: Large memory consumption for large <number>.

gzip: _{29}_count/comb.1.fastq.gz: unexpected end of file
Usage: seqtk sample [-s seed=11] <in.fa> <frac>|<number>

Warning: Large memory consumption for large <number>.

gzip: _{30}_count/comb.1.fastq.gz: unexpected end of file
Usage: seqtk sample [-s seed=11] <in.fa> <frac>|<number>

Warning: Large memory consumption for large <number>.

gzip: _{31}_count/comb.1.fastq.gz: unexpected end of file
Usage: seqtk sample [-s seed=11] <in.fa> <frac>|<number>

Warning: Large memory consumption for large <number>.

gzip: _{32}_count/comb.1.fastq.gz: unexpected end of file
Usage: seqtk sample [-s seed=11] <in.fa> <frac>|<number>

Warning: Large memory consumption for large <number>.

gzip: _{33}_count/comb.1.fastq.gz: unexpected end of file
Usage: seqtk sample [-s seed=11] <in.fa> <frac>|<number>

Warning: Large memory consumption for large <number>.

gzip: _{34}_count/comb.1.fastq.gz: unexpected end of file
Usage: seqtk sample [-s seed=11] <in.fa> <frac>|<number>

Warning: Large memory consumption for large <number>.

gzip: _{35}_count/comb.1.fastq.gz: unexpected end of file
Usage: seqtk sample [-s seed=11] <in.fa> <frac>|<number>

Warning: Large memory consumption for large <number>.

gzip: _{36}_count/comb.1.fastq.gz: unexpected end of file
Usage: seqtk sample [-s seed=11] <in.fa> <frac>|<number>

Warning: Large memory consumption for large <number>.

gzip: _{37}_count/comb.1.fastq.gz: unexpected end of file
Usage: seqtk sample [-s seed=11] <in.fa> <frac>|<number>

Warning: Large memory consumption for large <number>.

gzip: _{38}_count/comb.1.fastq.gz: unexpected end of file
Usage: seqtk sample [-s seed=11] <in.fa> <frac>|<number>

Warning: Large memory consumption for large <number>.

gzip: _{39}_count/comb.1.fastq.gz: unexpected end of file
Usage: seqtk sample [-s seed=11] <in.fa> <frac>|<number>

Warning: Large memory consumption for large <number>.

gzip: _{40}_count/comb.1.fastq.gz: unexpected end of file
Usage: seqtk sample [-s seed=11] <in.fa> <frac>|<number>

Warning: Large memory consumption for large <number>.

gzip: _{41}_count/comb.1.fastq.gz: unexpected end of file
Usage: seqtk sample [-s seed=11] <in.fa> <frac>|<number>

Warning: Large memory consumption for large <number>.

gzip: _{42}_count/comb.1.fastq.gz: unexpected end of file
Usage: seqtk sample [-s seed=11] <in.fa> <frac>|<number>

Warning: Large memory consumption for large <number>.

gzip: _{43}_count/comb.1.fastq.gz: unexpected end of file
Usage: seqtk sample [-s seed=11] <in.fa> <frac>|<number>

Warning: Large memory consumption for large <number>.

gzip: _{44}_count/comb.1.fastq.gz: unexpected end of file
Usage: seqtk sample [-s seed=11] <in.fa> <frac>|<number>

Warning: Large memory consumption for large <number>.

gzip: _{45}_count/comb.1.fastq.gz: unexpected end of file
Usage: seqtk sample [-s seed=11] <in.fa> <frac>|<number>

Warning: Large memory consumption for large <number>.

gzip: _{46}_count/comb.1.fastq.gz: unexpected end of file
Usage: seqtk sample [-s seed=11] <in.fa> <frac>|<number>

Warning: Large memory consumption for large <number>.

gzip: _{47}_count/comb.1.fastq.gz: unexpected end of file
Usage: seqtk sample [-s seed=11] <in.fa> <frac>|<number>

Warning: Large memory consumption for large <number>.

gzip: _{48}_count/comb.1.fastq.gz: unexpected end of file
Usage: seqtk sample [-s seed=11] <in.fa> <frac>|<number>

Warning: Large memory consumption for large <number>.

gzip: _{49}_count/comb.1.fastq.gz: unexpected end of file
Usage: seqtk sample [-s seed=11] <in.fa> <frac>|<number>

Warning: Large memory consumption for large <number>.

gzip: _{50}_count/comb.1.fastq.gz: unexpected end of file
Usage: seqtk sample [-s seed=11] <in.fa> <frac>|<number>

Warning: Large memory consumption for large <number>.

gzip: _{52}_count/comb.1.fastq.gz: unexpected end of file
arning: Large memory consumption for large <number>.
Usage: seqtk sample [-s seed=11] <in.fa> <frac>|<number>

Warning: Large memory consumption for large <number>.

gzip: _{54}_count/comb.1.fastq.gz: unexpected end of file
Usage: seqtk sample [-s seed=11] <in.fa> <frac>|<number>

Warning: Large memory consumption for large <number>.

gzip: _{55}_count/comb.1.fastq.gz: unexpected end of file
arning: Large memory consumption for large <number>.
Usage: seqtk sample [-s seed=11] <in.fa> <frac>|<number>

Warning: Large memory consumption for large <number>.

gzip: _{56}_count/comb.1.fastq.gz: unexpected end of file

gzip: _{57}_count/comb.1.fastq.gz: unexpected end of file
arning: Large memory consumption for large <number>.

gzip: _{58}_count/comb.1.fastq.gz: unexpected end of file
arning: Large memory consumption for large <number>.
Usage: seqtk sample [-s seed=11] <in.fa> <frac>|<number>

Warning: Large memory consumption for large <number>.

gzip: _{59}_count/comb.1.fastq.gz: unexpected end of file
Usage: seqtk sample [-s seed=11] <in.fa> <frac>|<number>

Warning: Large memory consumption for large <number>.

gzip: _{61}_count/comb.1.fastq.gz: unexpected end of file
Usage: seqtk sample [-s seed=11] <in.fa> <frac>|<number>

Warning: Large memory consumption for large <number>.
Usage: seqtk sample [-s seed=11] <in.fa> <frac>|<number>

Warning: Large memory consumption for large <number>.

gzip: _{62}_count/comb.1.fastq.gz: unexpected end of file
Usage: seqtk sample [-s seed=11] <in.fa> <frac>|<number>

Warning: Large memory consumption for large <number>.

gzip: _{64}_count/comb.1.fastq.gz: unexpected end of file
Usage: seqtk sample [-s seed=11] <in.fa> <frac>|<number>

Warning: Large memory consumption for large <number>.
Usage: seqtk sample [-s seed=11] <in.fa> <frac>|<number>

Warning: Large memory consumption for large <number>.

gzip: _{65}_count/comb.1.fastq.gz: unexpected end of file
Usage: seqtk sample [-s seed=11] <in.fa> <frac>|<number>

Warning: Large memory consumption for large <number>.
Usage: seqtk sample [-s seed=11] <in.fa> <frac>|<number>

Warning: Large memory consumption for large <number>.

gzip: _{67}_count/comb.1.fastq.gz: unexpected end of file
Usage: seqtk sample [-s seed=11] <in.fa> <frac>|<number>

Warning: Large memory consumption for large <number>.

gzip: _{68}_count/comb.1.fastq.gz: unexpected end of file
Usage: seqtk sample [-s seed=11] <in.fa> <frac>|<number>

Warning: Large memory consumption for large <number>.
Usage: seqtk sample [-s seed=11] <in.fa> <frac>|<number>

Warning: Large memory consumption for large <number>.

gzip: _{71}_count/comb.1.fastq.gz: unexpected end of file
Usage: seqtk sample [-s seed=11] <in.fa> <frac>|<number>

Warning: Large memory consumption for large <number>.

gzip: _{73}_count/comb.1.fastq.gz: unexpected end of file
arning: Large memory consumption for large <number>.

gzip: _{74}_count/comb.1.fastq.gz: unexpected end of file
Usage: seqtk sample [-s seed=11] <in.fa> <frac>|<number>

Warning: Large memory consumption for large <number>.
Usage: seqtk sample [-s seed=11] <in.fa> <frac>|<number>

Warning: Large memory consumption for large <number>.
Usage: seqtk sample [-s seed=11] <in.fa> <frac>|<number>

Warning: Large memory consumption for large <number>.

gzip: _{76}_count/comb.1.fastq.gz: unexpected end of file
Usage: seqtk sample [-s seed=11] <in.fa> <frac>|<number>

Warning: Large memory consumption for large <number>.
Usage: seqtk sample [-s seed=11] <in.fa> <frac>|<number>

Warning: Large memory consumption for large <number>.

gzip: _{78}_count/comb.1.fastq.gz: unexpected end of file
Usage: seqtk sample [-s seed=11] <in.fa> <frac>|<number>

Warning: Large memory consumption for large <number>.

gzip: _{79}_count/comb.1.fastq.gz: unexpected end of file
arning: Large memory consumption for large <number>.
Usage: seqtk sample [-s seed=11] <in.fa> <frac>|<number>

Warning: Large memory consumption for large <number>.

gzip: _{81}_count/comb.1.fastq.gz: unexpected end of file
Usage: seqtk sample [-s seed=11] <in.fa> <frac>|<number>

Warning: Large memory consumption for large <number>.

gzip: _{83}_count/comb.1.fastq.gz: unexpected end of file
arning: Large memory consumption for large <number>.

gzip: _{84}_count/comb.1.fastq.gz: unexpected end of file
Usage: seqtk sample [-s seed=11] <in.fa> <frac>|<number>

Warning: Large memory consumption for large <number>.

gzip: _{85}_count/comb.1.fastq.gz: unexpected end of file
arning: Large memory consumption for large <number>.

gzip: _{86}_count/comb.1.fastq.gz: unexpected end of file
arning: Large memory consumption for large <number>.
Usage: seqtk sample [-s seed=11] <in.fa> <frac>|<number>

Warning: Large memory consumption for large <number>.
Usage: seqtk sample [-s seed=11] <in.fa> <frac>|<number>

Warning: Large memory consumption for large <number>.

gzip: _{91}_count/comb.1.fastq.gz: unexpected end of file
Usage: seqtk sample [-s seed=11] <in.fa> <frac>|<number>

Warning: Large memory consumption for large <number>.

gzip: _{90}_count/comb.1.fastq.gz: unexpected end of file
arning: Large memory consumption for large <number>.

gzip: _{87}_count/comb.1.fastq.gz: unexpected end of file
Usage: seqtk sample [-s seed=11] <in.fa> <frac>|<number>

Warning: Large memory consumption for large <number>.
Usage: seqtk sample [-s seed=11] <in.fa> <frac>|<number>

Warning: Large memory consumption for large <number>.

gzip: _{92}_count/comb.1.fastq.gz: unexpected end of file
arning: Large memory consumption for large <number>.

gzip: _{94}_count/comb.1.fastq.gz: unexpected end of file
arning: Large memory consumption for large <number>.

gzip: _{95}_count/comb.1.fastq.gz: unexpected end of file
arning: Large memory consumption for large <number>.

gzip: _{97}_count/comb.1.fastq.gz: unexpected end of file
arning: Large memory consumption for large <number>.
Usage: seqtk sample [-s seed=11] <in.fa> <frac>|<number>

Warning: Large memory consumption for large <number>.

gzip: _{98}_count/comb.1.fastq.gz: unexpected end of file
Usage: seqtk sample [-s seed=11] <in.fa> <frac>|<number>

Warning: Large memory consumption for large <number>.

gzip: _{99}_count/comb.1.fastq.gz: unexpected end of file
arning: Large memory consumption for large <number>.
Usage: seqtk sample [-s seed=11] <in.fa> <frac>|<number>

Warning: Large memory consumption for large <number>.
Usage: seqtk sample [-s seed=11] <in.fa> <frac>|<number>

Warning: Large memory consumption for large <number>.

gzip: _{105}_count/comb.1.fastq.gz: unexpected end of file
Usage: seqtk sample [-s seed=11] <in.fa> <frac>|<number>

Warning: Large memory consumption for large <number>.
Usage: seqtk sample [-s seed=11] <in.fa> <frac>|<number>

Warning: Large memory consumption for large <number>.

gzip: _{104}_count/comb.1.fastq.gz: unexpected end of file
Usage: seqtk sample [-s seed=11] <in.fa> <frac>|<number>

Warning: Large memory consumption for large <number>.
Usage: seqtk sample [-s seed=11] <in.fa> <frac>|<number>

Warning: Large memory consumption for large <number>.

gzip: _{106}_count/comb.1.fastq.gz: unexpected end of file
rning: Large memory consumption for large <number>.

gzip: _{107}_count/comb.1.fastq.gz: unexpected end of file
rning: Large memory consumption for large <number>.
Usage: seqtk sample [-s seed=11] <in.fa> <frac>|<number>

Warning: Large memory consumption for large <number>.
Usage: seqtk sample [-s seed=11] <in.fa> <frac>|<number>

Warning: Large memory consumption for large <number>.

gzip: _{112}_count/comb.1.fastq.gz: unexpected end of file
Usage: seqtk sample [-s seed=11] <in.fa> <frac>|<number>

Warning: Large memory consumption for large <number>.

gzip: _{111}_count/comb.1.fastq.gz: unexpected end of file
rning: Large memory consumption for large <number>.
Usage: seqtk sample [-s seed=11] <in.fa> <frac>|<number>

Warning: Large memory consumption for large <number>.
Usage: seqtk sample [-s seed=11] <in.fa> <frac>|<number>

Warning: Large memory consumption for large <number>.

gzip: _{116}_count/comb.1.fastq.gz: unexpected end of file
Usage: seqtk sample [-s seed=11] <in.fa> <frac>|<number>

Warning: Large memory consumption for large <number>.

gzip: _{117}_count/comb.1.fastq.gz: unexpected end of file
rning: Large memory consumption for large <number>.

gzip: _{115}_count/comb.1.fastq.gz: unexpected end of file
rning: Large memory consumption for large <number>.
Usage: seqtk sample [-s seed=11] <in.fa> <frac>|<number>

Warning: Large memory consumption for large <number>.

gzip: _{118}_count/comb.1.fastq.gz: unexpected end of file
rning: Large memory consumption for large <number>.

gzip: _{119}_count/comb.1.fastq.gz: unexpected end of file
rning: Large memory consumption for large <number>.
Usage: seqtk sample [-s seed=11] <in.fa> <frac>|<number>

Warning: Large memory consumption for large <number>.

gzip: _{120}_count/comb.1.fastq.gz: unexpected end of file
rning: Large memory consumption for large <number>.
Usage: seqtk sample [-s seed=11] <in.fa> <frac>|<number>

Warning: Large memory consumption for large <number>.

gzip: _{125}_count/comb.1.fastq.gz: unexpected end of file
Usage: seqtk sample [-s seed=11] <in.fa> <frac>|<number>

Warning: Large memory consumption for large <number>.

gzip: _{124}_count/comb.1.fastq.gz: unexpected end of file
rning: Large memory consumption for large <number>.
Usage: seqtk sample [-s seed=11] <in.fa> <frac>|<number>

Warning: Large memory consumption for large <number>.

gzip: _{127}_count/comb.1.fastq.gz: unexpected end of file
rning: Large memory consumption for large <number>.

gzip: _{129}_count/comb.1.fastq.gz: unexpected end of file
Usage: seqtk sample [-s seed=11] <in.fa> <frac>|<number>

Warning: Large memory consumption for large <number>.

gzip: _{128}_count/comb.1.fastq.gz: unexpected end of file
rning: Large memory consumption for large <number>.
Usage: seqtk sample [-s seed=11] <in.fa> <frac>|<number>

Warning: Large memory consumption for large <number>.
Usage: seqtk sample [-s seed=11] <in.fa> <frac>|<number>

Warning: Large memory consumption for large <number>.

gzip: _{134}_count/comb.1.fastq.gz: unexpected end of file
Usage: seqtk sample [-s seed=11] <in.fa> <frac>|<number>

Warning: Large memory consumption for large <number>.

gzip: _{132}_count/comb.1.fastq.gz: unexpected end of file
Usage: seqtk sample [-s seed=11] <in.fa> <frac>|<number>

Warning: Large memory consumption for large <number>.

gzip: _{135}_count/comb.1.fastq.gz: unexpected end of file
rning: Large memory consumption for large <number>.
Usage: seqtk sample [-s seed=11] <in.fa> <frac>|<number>

Warning: Large memory consumption for large <number>.

gzip: _{133}_count/comb.1.fastq.gz: unexpected end of file
rning: Large memory consumption for large <number>.
Usage: seqtk sample [-s seed=11] <in.fa> <frac>|<number>

Warning: Large memory consumption for large <number>.

gzip: _{140}_count/comb.1.fastq.gz: unexpected end of file
Usage: seqtk sample [-s seed=11] <in.fa> <frac>|<number>

Warning: Large memory consumption for large <number>.
Usage: seqtk sample [-s seed=11] <in.fa> <frac>|<number>

Warning: Large memory consumption for large <number>.

gzip: _{138}_count/comb.1.fastq.gz: unexpected end of file
rning: Large memory consumption for large <number>.

gzip: _{141}_count/comb.1.fastq.gz: unexpected end of file
rning: Large memory consumption for large <number>.

gzip: _{142}_count/comb.1.fastq.gz: unexpected end of file
Usage: seqtk sample [-s seed=11] <in.fa> <frac>|<number>

Warning: Large memory consumption for large <number>.

gzip: _{143}_count/comb.1.fastq.gz: unexpected end of file
rning: Large memory consumption for large <number>.

gzip: _{144}_count/comb.1.fastq.gz: unexpected end of file
rning: Large memory consumption for large <number>.
Usage: seqtk sample [-s seed=11] <in.fa> <frac>|<number>

Warning: Large memory consumption for large <number>.
Usage: seqtk sample [-s seed=11] <in.fa> <frac>|<number>

Warning: Large memory consumption for large <number>.

gzip: _{148}_count/comb.1.fastq.gz: unexpected end of file
Usage: seqtk sample [-s seed=11] <in.fa> <frac>|<number>

Warning: Large memory consumption for large <number>.
Usage: seqtk sample [-s seed=11] <in.fa> <frac>|<number>

Warning: Large memory consumption for large <number>.
Usage: seqtk sample [-s seed=11] <in.fa> <frac>|<number>

Warning: Large memory consumption for large <number>.

gzip: _{146}_count/comb.1.fastq.gz: unexpected end of file
rning: Large memory consumption for large <number>.
Usage: seqtk sample [-s seed=11] <in.fa> <frac>|<number>

Warning: Large memory consumption for large <number>.

gzip: _{151}_count/comb.1.fastq.gz: unexpected end of file
Usage: seqtk sample [-s seed=11] <in.fa> <frac>|<number>

Warning: Large memory consumption for large <number>.

gzip: _{154}_count/comb.1.fastq.gz: unexpected end of file
rning: Large memory consumption for large <number>.
Usage: seqtk sample [-s seed=11] <in.fa> <frac>|<number>

Warning: Large memory consumption for large <number>.

gzip: _{156}_count/comb.1.fastq.gz: unexpected end of file
rning: Large memory consumption for large <number>.
Usage: seqtk sample [-s seed=11] <in.fa> <frac>|<number>

Warning: Large memory consumption for large <number>.
Usage: seqtk sample [-s seed=11] <in.fa> <frac>|<number>

Warning: Large memory consumption for large <number>.
Usage: seqtk sample [-s seed=11] <in.fa> <frac>|<number>

Warning: Large memory consumption for large <number>.

gzip: _{159}_count/comb.1.fastq.gz: unexpected end of file
Usage: seqtk sample [-s seed=11] <in.fa> <frac>|<number>

Warning: Large memory consumption for large <number>.
Usage: seqtk sample [-s seed=11] <in.fa> <frac>|<number>

Warning: Large memory consumption for large <number>.
Usage: seqtk sample [-s seed=11] <in.fa> <frac>|<number>

Warning: Large memory consumption for large <number>.

gzip: _{160}_count/comb.1.fastq.gz: unexpected end of file
Usage: seqtk sample [-s seed=11] <in.fa> <frac>|<number>

Warning: Large memory consumption for large <number>.

gzip: _{162}_count/comb.1.fastq.gz: unexpected end of file
Usage: seqtk sample [-s seed=11] <in.fa> <frac>|<number>

Warning: Large memory consumption for large <number>.
Usage: seqtk sample [-s seed=11] <in.fa> <frac>|<number>

Warning: Large memory consumption for large <number>.
Usage: seqtk sample [-s seed=11] <in.fa> <frac>|<number>

Warning: Large memory consumption for large <number>.

gzip: _{165}_count/comb.1.fastq.gz: unexpected end of file
Usage: seqtk sample [-s seed=11] <in.fa> <frac>|<number>

Warning: Large memory consumption for large <number>.

gzip: _{167}_count/comb.1.fastq.gz: unexpected end of file
rning: Large memory consumption for large <number>.

gzip: _{169}_count/comb.1.fastq.gz: unexpected end of file
rning: Large memory consumption for large <number>.
Usage: seqtk sample [-s seed=11] <in.fa> <frac>|<number>

Warning: Large memory consumption for large <number>.

gzip: _{166}_count/comb.1.fastq.gz: unexpected end of file
rning: Large memory consumption for large <number>.
Usage: seqtk sample [-s seed=11] <in.fa> <frac>|<number>

Warning: Large memory consumption for large <number>.

gzip: _{171}_count/comb.1.fastq.gz: unexpected end of file
Usage: seqtk sample [-s seed=11] <in.fa> <frac>|<number>

Warning: Large memory consumption for large <number>.
Usage: seqtk sample [-s seed=11] <in.fa> <frac>|<number>

Warning: Large memory consumption for large <number>.

gzip: _{175}_count/comb.1.fastq.gz: unexpected end of file
Usage: seqtk sample [-s seed=11] <in.fa> <frac>|<number>

Warning: Large memory consumption for large <number>.

gzip: _{174}_count/comb.1.fastq.gz: unexpected end of file
rning: Large memory consumption for large <number>.
Usage: seqtk sample [-s seed=11] <in.fa> <frac>|<number>

Warning: Large memory consumption for large <number>.

gzip: _{177}_count/comb.1.fastq.gz: unexpected end of file
rning: Large memory consumption for large <number>.
Usage: seqtk sample [-s seed=11] <in.fa> <frac>|<number>

Warning: Large memory consumption for large <number>.
Usage: seqtk sample [-s seed=11] <in.fa> <frac>|<number>

Warning: Large memory consumption for large <number>.

gzip: _{179}_count/comb.1.fastq.gz: unexpected end of file
Usage: seqtk sample [-s seed=11] <in.fa> <frac>|<number>

Warning: Large memory consumption for large <number>.
Usage: seqtk sample [-s seed=11] <in.fa> <frac>|<number>

Warning: Large memory consumption for large <number>.

gzip: _{181}_count/comb.1.fastq.gz: unexpected end of file
Usage: seqtk sample [-s seed=11] <in.fa> <frac>|<number>

Warning: Large memory consumption for large <number>.

gzip: _{183}_count/comb.1.fastq.gz: unexpected end of file
rning: Large memory consumption for large <number>.

gzip: _{185}_count/comb.1.fastq.gz: unexpected end of file
rning: Large memory consumption for large <number>.

gzip: _{184}_count/comb.1.fastq.gz: unexpected end of file
rning: Large memory consumption for large <number>.
Usage: seqtk sample [-s seed=11] <in.fa> <frac>|<number>

Warning: Large memory consumption for large <number>.

gzip: _{190}_count/comb.1.fastq.gz: unexpected end of file
Usage: seqtk sample [-s seed=11] <in.fa> <frac>|<number>

Warning: Large memory consumption for large <number>.

gzip: _{189}_count/comb.1.fastq.gz: unexpected end of file
rning: Large memory consumption for large <number>.
Usage: seqtk sample [-s seed=11] <in.fa> <frac>|<number>

Warning: Large memory consumption for large <number>.

gzip: _{191}_count/comb.1.fastq.gz: unexpected end of file
rning: Large memory consumption for large <number>.

gzip: _{192}_count/comb.1.fastq.gz: unexpected end of file
rning: Large memory consumption for large <number>.

gzip: _{195}_count/comb.1.fastq.gz: unexpected end of file
rning: Large memory consumption for large <number>.

gzip: _{196}_count/comb.1.fastq.gz: unexpected end of file
rning: Large memory consumption for large <number>.
Usage: seqtk sample [-s seed=11] <in.fa> <frac>|<number>

Warning: Large memory consumption for large <number>.
Usage: seqtk sample [-s seed=11] <in.fa> <frac>|<number>

Warning: Large memory consumption for large <number>.

gzip: _{198}_count/comb.1.fastq.gz: unexpected end of file
rning: Large memory consumption for large <number>.

gzip: _{201}_count/comb.1.fastq.gz: unexpected end of file
rning: Large memory consumption for large <number>.

gzip: _{202}_count/comb.1.fastq.gz: unexpected end of file
rning: Large memory consumption for large <number>.
Usage: seqtk sample [-s seed=11] <in.fa> <frac>|<number>

Warning: Large memory consumption for large <number>.

gzip: _{199}_count/comb.1.fastq.gz: unexpected end of file
Usage: seqtk sample [-s seed=11] <in.fa> <frac>|<number>

Warning: Large memory consumption for large <number>.

gzip: _{203}_count/comb.1.fastq.gz: unexpected end of file
rning: Large memory consumption for large <number>.
Usage: seqtk sample [-s seed=11] <in.fa> <frac>|<number>

Warning: Large memory consumption for large <number>.

gzip: _{205}_count/comb.1.fastq.gz: unexpected end of file
rning: Large memory consumption for large <number>.
Usage: seqtk sample [-s seed=11] <in.fa> <frac>|<number>

Warning: Large memory consumption for large <number>.
Usage: seqtk sample [-s seed=11] <in.fa> <frac>|<number>

Warning: Large memory consumption for large <number>.

gzip: _{209}_count/comb.1.fastq.gz: unexpected end of file
rning: Large memory consumption for large <number>.

gzip: _{213}_count/comb.1.fastq.gz: unexpected end of file
Usage: seqtk sample [-s seed=11] <in.fa> <frac>|<number>

Warning: Large memory consumption for large <number>.

gzip: _{214}_count/comb.1.fastq.gz: unexpected end of file
rning: Large memory consumption for large <number>.

gzip: _{211}_count/comb.1.fastq.gz: unexpected end of file
Usage: seqtk sample [-s seed=11] <in.fa> <frac>|<number>

Warning: Large memory consumption for large <number>.
Usage: seqtk sample [-s seed=11] <in.fa> <frac>|<number>

Warning: Large memory consumption for large <number>.
Usage: seqtk sample [-s seed=11] <in.fa> <frac>|<number>

Warning: Large memory consumption for large <number>.
Usage: seqtk sample [-s seed=11] <in.fa> <frac>|<number>

Warning: Large memory consumption for large <number>.

gzip: _{222}_count/comb.1.fastq.gz: unexpected end of file
Usage: seqtk sample [-s seed=11] <in.fa> <frac>|<number>

Warning: Large memory consumption for large <number>.
Usage: seqtk sample [-s seed=11] <in.fa> <frac>|<number>

Warning: Large memory consumption for large <number>.

gzip: _{220}_count/comb.1.fastq.gz: unexpected end of file
rning: Large memory consumption for large <number>.
Usage: seqtk sample [-s seed=11] <in.fa> <frac>|<number>

Warning: Large memory consumption for large <number>.

gzip: _{217}_count/comb.1.fastq.gz: unexpected end of file
Usage: seqtk sample [-s seed=11] <in.fa> <frac>|<number>

Warning: Large memory consumption for large <number>.

gzip: _{221}_count/comb.1.fastq.gz: unexpected end of file
rning: Large memory consumption for large <number>.
Usage: seqtk sample [-s seed=11] <in.fa> <frac>|<number>

Warning: Large memory consumption for large <number>.

gzip: _{228}_count/comb.1.fastq.gz: unexpected end of file
rning: Large memory consumption for large <number>.
Usage: seqtk sample [-s seed=11] <in.fa> <frac>|<number>

Warning: Large memory consumption for large <number>.
Usage: seqtk sample [-s seed=11] <in.fa> <frac>|<number>

Warning: Large memory consumption for large <number>.

gzip: _{227}_count/comb.1.fastq.gz: unexpected end of file
rning: Large memory consumption for large <number>.
Usage: seqtk sample [-s seed=11] <in.fa> <frac>|<number>

Warning: Large memory consumption for large <number>.
Usage: seqtk sample [-s seed=11] <in.fa> <frac>|<number>

Warning: Large memory consumption for large <number>.
Usage: seqtk sample [-s seed=11] <in.fa> <frac>|<number>

Warning: Large memory consumption for large <number>.
mkdir: cannot create directory `/broad/hptmp/ssimmons/scumi/mixed1/SM2/Cell1_1_count': File exists
mkdir: cannot create directory `/broad/hptmp/ssimmons/scumi/mixed1/SM2/Cell2_2_count': File exists
mkdir: cannot create directory `/broad/hptmp/ssimmons/scumi/mixed1/SM2/Cell3_3_count': File exists
mkdir: cannot create directory `/broad/hptmp/ssimmons/scumi/mixed1/SM2/Cell1_4_count': File exists
mkdir: cannot create directory `/broad/hptmp/ssimmons/scumi/mixed1/SM2/Cell2_5_count': File exists
mkdir: cannot create directory `/broad/hptmp/ssimmons/scumi/mixed1/SM2/Cell3_6_count': File exists
mkdir: cannot create directory `/broad/hptmp/ssimmons/scumi/mixed1/SM2/Cell1_7_count': File exists
mkdir: cannot create directory `/broad/hptmp/ssimmons/scumi/mixed1/SM2/Cell1_10_count': File exists
