Setup!
Combine!
/broad/hptmp/ssimmons/scumi/mixed2/10X_count/comb.1.fastq.gz
/broad/hptmp/ssimmons/scumi/mixed2/10X_count/comb.2.fastq.gz
Setup!
Combine!
/broad/hptmp/ssimmons/scumi/mixed2/Drop_count/comb.1.fastq.gz
/broad/hptmp/ssimmons/scumi/mixed2/Drop_count/comb.2.fastq.gz
Setup!
Combine!
/broad/hptmp/ssimmons/scumi/mixed2/Seqwell_v1_count/comb.1.fastq.gz
/broad/hptmp/ssimmons/scumi/mixed2/Seqwell_v1_count/comb.2.fastq.gz
Setup!
Combine!
/broad/hptmp/ssimmons/scumi/mixed2/Seqwell_v2_count/comb.1.fastq.gz
/broad/hptmp/ssimmons/scumi/mixed2/Seqwell_v2_count/comb.2.fastq.gz
Setup!
Combine!
/broad/hptmp/ssimmons/scumi/mixed2/CelSeq1_count/comb.1.fastq.gz
/broad/hptmp/ssimmons/scumi/mixed2/CelSeq1_count/comb.2.fastq.gz
Setup!
Combine!
/broad/hptmp/ssimmons/scumi/mixed2/CelSeq2_count/comb.1.fastq.gz
/broad/hptmp/ssimmons/scumi/mixed2/CelSeq2_count/comb.2.fastq.gz
Setup!
Combine!
/broad/hptmp/ssimmons/scumi/mixed2/CelSeq3_count/comb.1.fastq.gz
/broad/hptmp/ssimmons/scumi/mixed2/CelSeq3_count/comb.2.fastq.gz
Setup!
Combine!
/broad/hptmp/ssimmons/scumi/mixed2/CelSeq4_count/comb.1.fastq.gz
/broad/hptmp/ssimmons/scumi/mixed2/CelSeq4_count/comb.2.fastq.gz
Setup!
CombineCombine!
hptmp/ssimmons/scumi/mixed1/10X_count/comb.1.fastq.gz
/broad/hptmp/ssimmons/scumi/mixed1/10X_count/comb.2.fastq.gz
/broad/hptmp/ssimmons/scumi/mixed1/Seqwell_count/comb.1.fastq.gz
/broad/hptmp/ssimmons/scumi/mixed1/Seqwell_count/comb.2.fastq.gz
Setup!
Combine!
/broad/hptmp/ssimmons/scumi/mixed1/Celseq1_count/comb.1.fastq.gz
/broad/hptmp/ssimmons/scumi/mixed1/Celseq1_count/comb.2.fastq.gz
Setup!
Combine!
/broad/hptmp/ssimmons/scumi/mixed1/Celseq2_count/comb.1.fastq.gz
/broad/hptmp/ssimmons/scumi/mixed1/Celseq2_count/comb.2.fastq.gz
Setup!
Setup!
Combine!
Combine!
/broad/hptmp/ssimmons/scumi/mixed1/Celseq4_count/comb.1.fastq.gz
/broad/hptmp/ssimmons/scumi/mixed1/Celseq4_count/comb.2.fastq.gz
/broad/hptmp/ssimmons/scumi/mixed1/Celseq3_count/comb.1.fastq.gz
/broad/hptmp/ssimmons/scumi/mixed1/Celseq3_count/comb.2.fastq.gz
Setup!
Combine!
/broad/hptmp/ssimmons/scumi/mixed1/Drop_fin_count/comb.1.fastq.gz
/broad/hptmp/ssimmons/scumi/mixed1/Drop_fin_count/comb.2.fastq.gz
Subsamples!
Subsamples!
Subsamples!
Subsamples!
Subsamples!
Subsamples!
Subsamples!
Subsamples!
Subsamples!
Subsamples!
Subsamples!
Subsamples!
Subsamples!
Subsamples!
Subsamples!
