2018-09-13 12:52:13,035: INFO: Cell barcode in configure file
2018-09-13 12:52:13,037: INFO: UMI in config file
2018-09-13 12:53:34,406: INFO: Processed 320,000 reads!
2018-09-13 12:54:56,031: INFO: Processed 640,000 reads!
2018-09-13 12:56:17,412: INFO: Processed 960,000 reads!
2018-09-13 12:57:37,230: INFO: Processed 1,280,000 reads!
2018-09-13 12:58:54,724: INFO: Processed 1,600,000 reads!
2018-09-13 13:00:13,540: INFO: Processed 1,920,000 reads!
2018-09-13 13:01:34,086: INFO: Processed 2,240,000 reads!
2018-09-13 13:02:54,865: INFO: Processed 2,560,000 reads!
2018-09-13 13:04:14,706: INFO: Processed 2,880,000 reads!
2018-09-13 13:05:31,977: INFO: Processed 3,200,000 reads!
2018-09-13 13:06:49,502: INFO: Processed 3,520,000 reads!
2018-09-13 13:08:10,479: INFO: Processed 3,840,000 reads!
2018-09-13 13:09:32,254: INFO: Processed 4,160,000 reads!
2018-09-13 13:10:52,653: INFO: Processed 4,480,000 reads!
2018-09-13 13:12:11,042: INFO: Processed 4,800,000 reads!
2018-09-13 13:13:29,455: INFO: Processed 5,120,000 reads!
2018-09-13 13:14:49,753: INFO: Processed 5,440,000 reads!
2018-09-13 13:16:10,593: INFO: Processed 5,760,000 reads!
2018-09-13 13:17:31,005: INFO: Processed 6,080,000 reads!
2018-09-13 13:18:50,222: INFO: Processed 6,400,000 reads!
2018-09-13 13:20:06,369: INFO: Processed 6,720,000 reads!
2018-09-13 13:21:25,484: INFO: Processed 7,040,000 reads!
2018-09-13 13:22:46,738: INFO: Processed 7,360,000 reads!
2018-09-13 13:24:07,396: INFO: Processed 7,680,000 reads!
2018-09-13 13:25:26,702: INFO: Processed 8,000,000 reads!
2018-09-13 13:26:39,043: INFO: Processed 8,320,000 reads!
2018-09-13 13:27:59,343: INFO: Processed 8,640,000 reads!
2018-09-13 13:29:21,622: INFO: Processed 8,960,000 reads!
2018-09-13 13:30:42,714: INFO: Processed 9,280,000 reads!
2018-09-13 13:32:02,638: INFO: Processed 9,600,000 reads!
2018-09-13 13:33:18,833: INFO: Processed 9,920,000 reads!
2018-09-13 13:34:35,559: INFO: Processed 10,240,000 reads!
2018-09-13 13:35:50,113: INFO: Processed 10,560,000 reads!
2018-09-13 13:37:11,380: INFO: Processed 10,880,000 reads!
2018-09-13 13:38:31,826: INFO: Processed 11,200,000 reads!
2018-09-13 13:39:50,802: INFO: Processed 11,520,000 reads!
2018-09-13 13:41:08,649: INFO: Processed 11,840,000 reads!
2018-09-13 13:42:28,145: INFO: Processed 12,160,000 reads!
2018-09-13 13:43:49,542: INFO: Processed 12,480,000 reads!
2018-09-13 13:45:10,185: INFO: Processed 12,800,000 reads!
2018-09-13 13:46:29,358: INFO: Processed 13,120,000 reads!
2018-09-13 13:47:46,098: INFO: Processed 13,440,000 reads!
2018-09-13 13:49:01,587: INFO: Processed 13,760,000 reads!
2018-09-13 13:50:15,410: INFO: Processed 14,080,000 reads!
2018-09-13 13:51:29,152: INFO: Processed 14,400,000 reads!
2018-09-13 13:52:48,843: INFO: Processed 14,720,000 reads!
2018-09-13 13:54:05,103: INFO: Processed 15,040,000 reads!
2018-09-13 13:55:23,272: INFO: Processed 15,360,000 reads!
2018-09-13 13:56:42,273: INFO: Processed 15,680,000 reads!
2018-09-13 13:58:02,875: INFO: Processed 16,000,000 reads!
2018-09-13 13:59:21,835: INFO: Processed 16,320,000 reads!
2018-09-13 14:00:33,778: INFO: Processed 16,640,000 reads!
2018-09-13 14:01:44,879: INFO: Processed 16,960,000 reads!
2018-09-13 14:03:05,371: INFO: Processed 17,280,000 reads!
2018-09-13 14:04:26,375: INFO: Processed 17,600,000 reads!
2018-09-13 14:05:41,603: INFO: Processed 17,920,000 reads!
2018-09-13 14:06:59,738: INFO: Processed 18,240,000 reads!
2018-09-13 14:08:14,959: INFO: Processed 18,560,000 reads!
2018-09-13 14:09:34,947: INFO: Processed 18,880,000 reads!
2018-09-13 14:10:56,445: INFO: Processed 19,200,000 reads!
2018-09-13 14:12:17,244: INFO: Processed 19,520,000 reads!
2018-09-13 14:13:36,380: INFO: Processed 19,840,000 reads!
2018-09-13 14:14:52,205: INFO: Processed 20,160,000 reads!
2018-09-13 14:16:09,611: INFO: Processed 20,480,000 reads!
2018-09-13 14:17:31,104: INFO: Processed 20,800,000 reads!
2018-09-13 14:18:52,628: INFO: Processed 21,120,000 reads!
2018-09-13 14:20:12,897: INFO: Processed 21,440,000 reads!
2018-09-13 14:21:30,865: INFO: Processed 21,760,000 reads!
2018-09-13 14:22:49,422: INFO: Processed 22,080,000 reads!
2018-09-13 14:24:11,366: INFO: Processed 22,400,000 reads!
2018-09-13 14:25:32,377: INFO: Processed 22,720,000 reads!
2018-09-13 14:26:52,289: INFO: Processed 23,040,000 reads!
2018-09-13 14:28:08,189: INFO: Processed 23,360,000 reads!
2018-09-13 14:29:25,341: INFO: Processed 23,680,000 reads!
2018-09-13 14:30:46,634: INFO: Processed 24,000,000 reads!
2018-09-13 14:32:08,227: INFO: Processed 24,320,000 reads!
2018-09-13 14:33:28,922: INFO: Processed 24,640,000 reads!
2018-09-13 14:34:47,597: INFO: Processed 24,960,000 reads!
2018-09-13 14:36:04,964: INFO: Processed 25,280,000 reads!
2018-09-13 14:37:24,765: INFO: Processed 25,600,000 reads!
2018-09-13 14:38:46,521: INFO: Processed 25,920,000 reads!
2018-09-13 14:40:06,118: INFO: Processed 26,240,000 reads!
2018-09-13 14:41:24,183: INFO: Processed 26,560,000 reads!
2018-09-13 14:42:39,338: INFO: Processed 26,880,000 reads!
2018-09-13 14:43:59,361: INFO: Processed 27,200,000 reads!
2018-09-13 14:45:21,321: INFO: Processed 27,520,000 reads!
2018-09-13 14:46:36,756: INFO: Processed 27,840,000 reads!
2018-09-13 14:47:53,715: INFO: Processed 28,160,000 reads!
2018-09-13 14:49:08,156: INFO: Processed 28,480,000 reads!
2018-09-13 14:50:26,837: INFO: Processed 28,800,000 reads!
2018-09-13 14:51:48,707: INFO: Processed 29,120,000 reads!
2018-09-13 14:53:01,555: INFO: Processed 29,440,000 reads!
2018-09-13 14:54:11,745: INFO: Processed 29,760,000 reads!
2018-09-13 14:55:19,577: INFO: Processed 30,080,000 reads!
2018-09-13 14:56:31,260: INFO: Processed 30,400,000 reads!
2018-09-13 14:57:52,118: INFO: Processed 30,720,000 reads!
2018-09-13 14:59:12,932: INFO: Processed 31,040,000 reads!
2018-09-13 15:00:31,806: INFO: Processed 31,360,000 reads!
2018-09-13 15:01:48,540: INFO: Processed 31,680,000 reads!
2018-09-13 15:03:04,671: INFO: Processed 32,000,000 reads!
2018-09-13 15:04:26,174: INFO: Processed 32,320,000 reads!
2018-09-13 15:05:47,018: INFO: Processed 32,640,000 reads!
2018-09-13 15:07:05,980: INFO: Processed 32,960,000 reads!
2018-09-13 15:08:22,651: INFO: Processed 33,280,000 reads!
2018-09-13 15:09:38,681: INFO: Processed 33,600,000 reads!
2018-09-13 15:10:58,332: INFO: Processed 33,920,000 reads!
2018-09-13 15:12:19,659: INFO: Processed 34,240,000 reads!
2018-09-13 15:13:39,531: INFO: Processed 34,560,000 reads!
2018-09-13 15:14:57,673: INFO: Processed 34,880,000 reads!
2018-09-13 15:16:13,534: INFO: Processed 35,200,000 reads!
2018-09-13 15:17:32,522: INFO: Processed 35,520,000 reads!
2018-09-13 15:18:52,599: INFO: Processed 35,840,000 reads!
2018-09-13 15:20:11,750: INFO: Processed 36,160,000 reads!
2018-09-13 15:21:29,097: INFO: Processed 36,480,000 reads!
2018-09-13 15:22:37,095: INFO: Processed 36,800,000 reads!
2018-09-13 15:23:53,906: INFO: Processed 37,120,000 reads!
2018-09-13 15:25:15,112: INFO: Processed 37,440,000 reads!
2018-09-13 15:26:35,779: INFO: Processed 37,760,000 reads!
2018-09-13 15:27:54,070: INFO: Processed 38,080,000 reads!
2018-09-13 15:29:08,319: INFO: Processed 38,400,000 reads!
2018-09-13 15:30:24,152: INFO: Processed 38,720,000 reads!
2018-09-13 15:31:43,335: INFO: Processed 39,040,000 reads!
2018-09-13 15:33:03,207: INFO: Processed 39,360,000 reads!
2018-09-13 15:34:21,922: INFO: Processed 39,680,000 reads!
2018-09-13 15:35:37,896: INFO: Processed 40,000,000 reads!
2018-09-13 15:36:53,222: INFO: Processed 40,320,000 reads!
2018-09-13 15:38:12,833: INFO: Processed 40,640,000 reads!
2018-09-13 15:39:25,303: INFO: Processed 40,960,000 reads!
2018-09-13 15:40:43,511: INFO: Processed 41,280,000 reads!
2018-09-13 15:42:01,121: INFO: Processed 41,600,000 reads!
2018-09-13 15:43:18,511: INFO: Processed 41,920,000 reads!
2018-09-13 15:44:37,960: INFO: Processed 42,240,000 reads!
2018-09-13 15:45:54,152: INFO: Processed 42,560,000 reads!
2018-09-13 15:47:12,964: INFO: Processed 42,880,000 reads!
2018-09-13 15:48:31,268: INFO: Processed 43,200,000 reads!
2018-09-13 15:49:47,569: INFO: Processed 43,520,000 reads!
2018-09-13 15:51:06,344: INFO: Processed 43,840,000 reads!
2018-09-13 15:52:18,478: INFO: Processed 44,160,000 reads!
2018-09-13 15:53:38,298: INFO: Processed 44,480,000 reads!
2018-09-13 15:54:57,367: INFO: Processed 44,800,000 reads!
2018-09-13 15:56:08,146: INFO: Processed 45,120,000 reads!
2018-09-13 15:57:25,019: INFO: Processed 45,440,000 reads!
2018-09-13 15:58:38,879: INFO: Processed 45,760,000 reads!
2018-09-13 15:59:58,312: INFO: Processed 46,080,000 reads!
2018-09-13 16:01:15,669: INFO: Processed 46,400,000 reads!
2018-09-13 16:02:29,824: INFO: Processed 46,720,000 reads!
2018-09-13 16:03:44,185: INFO: Processed 47,040,000 reads!
2018-09-13 16:05:03,152: INFO: Processed 47,360,000 reads!
2018-09-13 16:06:22,239: INFO: Processed 47,680,000 reads!
2018-09-13 16:07:40,272: INFO: Processed 48,000,000 reads!
2018-09-13 16:08:56,393: INFO: Processed 48,320,000 reads!
2018-09-13 16:10:12,405: INFO: Processed 48,640,000 reads!
2018-09-13 16:11:31,859: INFO: Processed 48,960,000 reads!
2018-09-13 16:12:52,596: INFO: Processed 49,280,000 reads!
2018-09-13 16:14:11,753: INFO: Processed 49,600,000 reads!
2018-09-13 16:15:27,162: INFO: Processed 49,920,000 reads!
2018-09-13 16:16:42,490: INFO: Processed 50,240,000 reads!
2018-09-13 16:18:02,594: INFO: Processed 50,560,000 reads!
2018-09-13 16:19:23,323: INFO: Processed 50,880,000 reads!
2018-09-13 16:20:43,099: INFO: Processed 51,200,000 reads!
2018-09-13 16:22:01,101: INFO: Processed 51,520,000 reads!
2018-09-13 16:23:17,132: INFO: Processed 51,840,000 reads!
2018-09-13 16:24:36,096: INFO: Processed 52,160,000 reads!
2018-09-13 16:25:56,992: INFO: Processed 52,480,000 reads!
2018-09-13 16:27:17,700: INFO: Processed 52,800,000 reads!
2018-09-13 16:28:36,441: INFO: Processed 53,120,000 reads!
2018-09-13 16:29:52,581: INFO: Processed 53,440,000 reads!
2018-09-13 16:31:11,461: INFO: Processed 53,760,000 reads!
2018-09-13 16:32:32,117: INFO: Processed 54,080,000 reads!
2018-09-13 16:33:52,738: INFO: Processed 54,400,000 reads!
2018-09-13 16:35:06,012: INFO: Processed 54,720,000 reads!
2018-09-13 16:36:13,851: INFO: Processed 55,040,000 reads!
2018-09-13 16:37:24,044: INFO: Processed 55,360,000 reads!
2018-09-13 16:38:35,030: INFO: Processed 55,680,000 reads!
2018-09-13 16:39:45,193: INFO: Processed 56,000,000 reads!
2018-09-13 16:40:54,954: INFO: Processed 56,320,000 reads!
2018-09-13 16:42:01,151: INFO: Processed 56,640,000 reads!
2018-09-13 16:43:05,947: INFO: Processed 56,960,000 reads!
2018-09-13 16:44:16,655: INFO: Processed 57,280,000 reads!
2018-09-13 16:45:29,264: INFO: Processed 57,600,000 reads!
2018-09-13 16:46:37,121: INFO: Processed 57,920,000 reads!
2018-09-13 16:47:46,343: INFO: Processed 58,240,000 reads!
2018-09-13 16:48:51,667: INFO: Processed 58,560,000 reads!
2018-09-13 16:50:05,066: INFO: Processed 58,880,000 reads!
2018-09-13 16:51:18,605: INFO: Processed 59,200,000 reads!
2018-09-13 16:52:27,012: INFO: Processed 59,520,000 reads!
2018-09-13 16:53:33,241: INFO: Processed 59,840,000 reads!
2018-09-13 16:54:38,261: INFO: Processed 60,160,000 reads!
2018-09-13 16:55:49,182: INFO: Processed 60,480,000 reads!
2018-09-13 16:57:02,468: INFO: Processed 60,800,000 reads!
2018-09-13 16:58:11,839: INFO: Processed 61,120,000 reads!
2018-09-13 16:59:19,819: INFO: Processed 61,440,000 reads!
2018-09-13 17:00:25,460: INFO: Processed 61,760,000 reads!
2018-09-13 17:01:36,805: INFO: Processed 62,080,000 reads!
2018-09-13 17:02:49,786: INFO: Processed 62,400,000 reads!
2018-09-13 17:04:00,739: INFO: Processed 62,720,000 reads!
2018-09-13 17:05:12,696: INFO: Processed 63,040,000 reads!
2018-09-13 17:06:20,745: INFO: Processed 63,360,000 reads!
2018-09-13 17:07:27,811: INFO: Processed 63,680,000 reads!
2018-09-13 17:08:38,833: INFO: Processed 64,000,000 reads!
2018-09-13 17:09:51,059: INFO: Processed 64,320,000 reads!
2018-09-13 17:11:04,491: INFO: Processed 64,640,000 reads!
2018-09-13 17:12:15,893: INFO: Processed 64,960,000 reads!
2018-09-13 17:13:25,036: INFO: Processed 65,280,000 reads!
2018-09-13 17:14:37,584: INFO: Processed 65,600,000 reads!
2018-09-13 17:15:50,661: INFO: Processed 65,920,000 reads!
2018-09-13 17:17:02,212: INFO: Processed 66,240,000 reads!
2018-09-13 17:18:10,643: INFO: Processed 66,560,000 reads!
2018-09-13 17:19:17,123: INFO: Processed 66,880,000 reads!
2018-09-13 17:20:30,392: INFO: Processed 67,200,000 reads!
2018-09-13 17:21:42,637: INFO: Processed 67,520,000 reads!
2018-09-13 17:22:57,434: INFO: Processed 67,840,000 reads!
2018-09-13 17:24:14,769: INFO: Processed 68,160,000 reads!
2018-09-13 17:25:21,546: INFO: Processed 68,480,000 reads!
2018-09-13 17:26:30,974: INFO: Processed 68,800,000 reads!
2018-09-13 17:27:43,521: INFO: Processed 69,120,000 reads!
2018-09-13 17:29:02,675: INFO: Processed 69,440,000 reads!
2018-09-13 17:30:14,361: INFO: Processed 69,760,000 reads!
2018-09-13 17:31:21,049: INFO: Processed 70,080,000 reads!
2018-09-13 17:32:03,781: INFO: Processed 70,400,000 reads!
2018-09-13 17:32:03,826: INFO: Formatting fastq done, taking 4.664 hours
70271789 reads; of these:
  70271789 (100.00%) were paired; of these:
    69494134 (98.89%) aligned concordantly 0 times
    378384 (0.54%) aligned concordantly exactly 1 time
    399271 (0.57%) aligned concordantly >1 times
    ----
    69494134 pairs aligned concordantly 0 times; of these:
      3523718 (5.07%) aligned discordantly 1 time
    ----
    65970416 pairs aligned 0 times concordantly or discordantly; of these:
      131940832 mates make up the pairs; of these:
        62802658 (47.60%) aligned 0 times
        29502207 (22.36%) aligned exactly 1 time
        39635967 (30.04%) aligned >1 times
55.31% overall alignment rate
